{"uid":"3a485f4b83df6a07","name":"Then the sunscreens are added into the cart and value of cart should be incremented","fullName":"Adding suncreens to the cart: Add two Sunscreens to the cart that meet specific criteria.Then the sunscreens are added into the cart and value of cart should be incremented","historyId":"f127bfab6d9656898cb9dc0e4a96462f","time":{"start":1658742509226,"stop":1658742509457,"duration":231},"description":"","descriptionHtml":"","status":"failed","statusMessage":"","statusTrace":"\n                \n                Soft assertion  1:\n                \n                \n                \tCustom Message : Link Text does not includes 2\n                \n                \t1 : key -> $ \t\t message: expected false to deeply equal true\n                Stack: AssertionError: \n                \n                \tCustom Message : Link Text does not includes 2\n                \n                \t1 : key -> $ \t\t message: expected false to deeply equal true\n                \n                    ,_chaiDeepEqual (D:\\Task\\Weather_Shopper_task\\node_modules\\soft-assert\\lib\\helper\\assertion-helper.js:349:20)\n                    ,_assert (D:\\Task\\Weather_Shopper_task\\node_modules\\soft-assert\\lib\\helper\\assertion-helper.js:173:23)\n                    ,_prepareAndAssert (D:\\Task\\Weather_Shopper_task\\node_modules\\soft-assert\\lib\\helper\\assertion-helper.js:413:12)\n                     (D:\\Task\\Weather_Shopper_task\\node_modules\\soft-assert\\lib\\assertion.js:88:12)\n                    at Assertion.softTrue (D:\\Task\\Weather_Shopper_task\\node_modules\\soft-assert\\lib\\assertion.js:235:12)\n                    at World.<anonymous> (D:\\Task\\Weather_Shopper_task\\test\\Step-Defs\\Products_page_step_defs\\/PurchaseProducts.js:54:12)\n                    at processTicksAndRejections (node:internal/process/task_queues:96:5)\n                    + expected - actual\n                \n                     {\n                    -  \"Soft assertion 1\": false\n                    +  \"Soft assertion 1\": true\n                     }\n                ","flaky":false,"newFailed":false,"newBroken":false,"newPassed":false,"retriesCount":0,"retriesStatusChange":false,"beforeStages":[],"testStage":{"status":"failed","statusMessage":"","statusTrace":"\n                \n                Soft assertion  1:\n                \n                \n                \tCustom Message : Link Text does not includes 2\n                \n                \t1 : key -> $ \t\t message: expected false to deeply equal true\n                Stack: AssertionError: \n                \n                \tCustom Message : Link Text does not includes 2\n                \n                \t1 : key -> $ \t\t message: expected false to deeply equal true\n                \n                    ,_chaiDeepEqual (D:\\Task\\Weather_Shopper_task\\node_modules\\soft-assert\\lib\\helper\\assertion-helper.js:349:20)\n                    ,_assert (D:\\Task\\Weather_Shopper_task\\node_modules\\soft-assert\\lib\\helper\\assertion-helper.js:173:23)\n                    ,_prepareAndAssert (D:\\Task\\Weather_Shopper_task\\node_modules\\soft-assert\\lib\\helper\\assertion-helper.js:413:12)\n                     (D:\\Task\\Weather_Shopper_task\\node_modules\\soft-assert\\lib\\assertion.js:88:12)\n                    at Assertion.softTrue (D:\\Task\\Weather_Shopper_task\\node_modules\\soft-assert\\lib\\assertion.js:235:12)\n                    at World.<anonymous> (D:\\Task\\Weather_Shopper_task\\test\\Step-Defs\\Products_page_step_defs\\/PurchaseProducts.js:54:12)\n                    at processTicksAndRejections (node:internal/process/task_queues:96:5)\n                    + expected - actual\n                \n                     {\n                    -  \"Soft assertion 1\": false\n                    +  \"Soft assertion 1\": true\n                     }\n                ","steps":[{"name":"POST /session/:sessionId/element","time":{"start":1658742509229,"stop":1658742509364,"duration":135},"status":"passed","steps":[],"attachments":[{"uid":"5d892bd9c4cc3b7b","name":"Request","source":"5d892bd9c4cc3b7b.json","type":"application/json","size":49},{"uid":"6685f2ab7785af7b","name":"Screenshot","source":"6685f2ab7785af7b.png","type":"image/png","size":114233}],"parameters":[],"stepsCount":0,"hasContent":true,"attachmentsCount":2,"shouldDisplayMessage":false},{"name":"GET /session/:sessionId/element/b8c36781-dbce-45cb-a294-9f312a84f564/text","time":{"start":1658742509407,"stop":1658742509426,"duration":19},"status":"passed","steps":[],"attachments":[{"uid":"1d5a63b7d0d967c0","name":"Response","source":"1d5a63b7d0d967c0.json","type":"application/json","size":11}],"parameters":[],"stepsCount":0,"hasContent":true,"attachmentsCount":1,"shouldDisplayMessage":false},{"name":"GET /session/:sessionId/screenshot","time":{"start":1658742509454,"stop":1658742509457,"duration":3},"status":"failed","statusMessage":"\n                \n                Soft assertion  1:\n                \n                \n                \tCustom Message : Link Text does not includes 2\n                \n                \t1 : key -> $ \t\t message: expected false to deeply equal true\n                Stack: AssertionError: \n                \n                \tCustom Message : Link Text does not includes 2\n                \n                \t1 : key -> $ \t\t message: expected false to deeply equal true\n                \n                    ,_chaiDeepEqual (D:\\Task\\Weather_Shopper_task\\node_modules\\soft-assert\\lib\\helper\\assertion-helper.js:349:20)\n                    ,_assert (D:\\Task\\Weather_Shopper_task\\node_modules\\soft-assert\\lib\\helper\\assertion-helper.js:173:23)\n                    ,_prepareAndAssert (D:\\Task\\Weather_Shopper_task\\node_modules\\soft-assert\\lib\\helper\\assertion-helper.js:413:12)\n                     (D:\\Task\\Weather_Shopper_task\\node_modules\\soft-assert\\lib\\assertion.js:88:12)\n                    at Assertion.softTrue (D:\\Task\\Weather_Shopper_task\\node_modules\\soft-assert\\lib\\assertion.js:235:12)\n                    at World.<anonymous> (D:\\Task\\Weather_Shopper_task\\test\\Step-Defs\\Products_page_step_defs\\/PurchaseProducts.js:54:12)\n                    at processTicksAndRejections (node:internal/process/task_queues:96:5)\n                    + expected - actual\n                \n                     {\n                    -  \"Soft assertion 1\": false\n                    +  \"Soft assertion 1\": true\n                     }\n                ","steps":[],"attachments":[],"parameters":[],"stepsCount":0,"hasContent":true,"attachmentsCount":0,"shouldDisplayMessage":true}],"attachments":[{"uid":"b9620e6c38d6f775","name":"Response","source":"b9620e6c38d6f775.json","type":"application/json","size":83}],"parameters":[],"stepsCount":3,"hasContent":true,"attachmentsCount":4,"shouldDisplayMessage":true},"afterStages":[],"labels":[{"name":"framework","value":"wdio"},{"name":"language","value":"javascript"},{"name":"thread","value":"0-0"},{"name":"suite","value":"Adding suncreens to the cart: Add two Sunscreens to the cart that meet specific criteria"},{"name":"testClass","value":"Adding suncreens to the cart: Add two Sunscreens to the cart that meet specific criteria"},{"name":"testMethod","value":"Then the sunscreens are added into the cart and value of cart should be incremented"},{"name":"package","value":"Adding suncreens to the cart: Add two Sunscreens to the cart that meet specific criteria"},{"name":"resultFormat","value":"allure1"}],"parameters":[{"name":"browser","value":"chrome-103.0.5060.114"}],"links":[],"hidden":true,"retry":true,"extra":{"categories":[],"tags":[]},"source":"3a485f4b83df6a07.json","parameterValues":["chrome-103.0.5060.114"]}