<?xml version='1.0'?>
<ns2:test-suite xmlns:ns2='urn:model.allure.qatools.yandex.ru' start='1658209340690' stop='1658209340693'>
    <name>Product Selection: User will Shop for moisturizers if the weather is below 19 degrees while Shops for suncreens if the weather is above 34 degrees.</name>
    <title>Product Selection: User will Shop for moisturizers if the weather is below 19 degrees while Shops for suncreens if the weather is above 34 degrees.</title>
    <test-cases>
        <test-case start='1658209340690' status='passed' stop='1658209340691'>
            <name></name>
            <title></title>
            <labels>
                <label name='language' value='javascript'/>
                <label name='framework' value='wdio'/>
                <label name='thread' value='0-0'/>
            </labels>
            <parameters>
                <parameter kind='argument' name='browser' value='chrome-103.0.5060.114'/>
            </parameters>
            <steps/>
            <attachments/>
        </test-case>
        <test-case start='1658209340691' status='broken' stop='1658209340691'>
            <name>Given the browser is at the home page</name>
            <title>Given the browser is at the home page</title>
            <labels>
                <label name='language' value='javascript'/>
                <label name='framework' value='wdio'/>
                <label name='thread' value='0-0'/>
            </labels>
            <parameters>
                <parameter kind='argument' name='browser' value='chrome-103.0.5060.114'/>
            </parameters>
            <steps/>
            <attachments/>
            <failure>
                <message>Step "the browser is at the home page" is not defined. You can ignore this error by setting cucumberOpts.ignoreUndefinedDefinitions as true.</message>
                <stack-trace>Step "the browser is at the home page" is not defined. You can ignore this error by setting cucumberOpts.ignoreUndefinedDefinitions as true.
                	at Feature(D:\Task\Weather_Shopper_task\features\HomePage\Home_page.feature):1:1
                	at Scenario(User will Shop for moisturizers if the weather is below 19 degrees while Shops for suncreens if the weather is above 34 degrees.):5:3
                	at Step(the browser is at the home page):7:5
                </stack-trace>
            </failure>
        </test-case>
        <test-case start='1658209340692' status='broken' stop='1658209340692'>
            <name>And the value of temperature is greater than 34 degrees</name>
            <title>And the value of temperature is greater than 34 degrees</title>
            <labels>
                <label name='language' value='javascript'/>
                <label name='framework' value='wdio'/>
                <label name='thread' value='0-0'/>
            </labels>
            <parameters>
                <parameter kind='argument' name='browser' value='chrome-103.0.5060.114'/>
            </parameters>
            <steps/>
            <attachments/>
            <failure>
                <message>Step "the value of temperature is greater than 34 degrees" is not defined. You can ignore this error by setting cucumberOpts.ignoreUndefinedDefinitions as true.</message>
                <stack-trace>Step "the value of temperature is greater than 34 degrees" is not defined. You can ignore this error by setting cucumberOpts.ignoreUndefinedDefinitions as true.
                	at Feature(D:\Task\Weather_Shopper_task\features\HomePage\Home_page.feature):1:1
                	at Scenario(User will Shop for moisturizers if the weather is below 19 degrees while Shops for suncreens if the weather is above 34 degrees.):5:3
                	at Step(the value of temperature is &lt;temperatureOptions>):8:5
                </stack-trace>
            </failure>
        </test-case>
        <test-case start='1658209340692' status='broken' stop='1658209340692'>
            <name>When the user clicks on Buy sunscreens</name>
            <title>When the user clicks on Buy sunscreens</title>
            <labels>
                <label name='language' value='javascript'/>
                <label name='framework' value='wdio'/>
                <label name='thread' value='0-0'/>
            </labels>
            <parameters>
                <parameter kind='argument' name='browser' value='chrome-103.0.5060.114'/>
            </parameters>
            <steps/>
            <attachments/>
            <failure>
                <message>Step "the user clicks on Buy sunscreens" is not defined. You can ignore this error by setting cucumberOpts.ignoreUndefinedDefinitions as true.</message>
                <stack-trace>Step "the user clicks on Buy sunscreens" is not defined. You can ignore this error by setting cucumberOpts.ignoreUndefinedDefinitions as true.
                	at Feature(D:\Task\Weather_Shopper_task\features\HomePage\Home_page.feature):1:1
                	at Scenario(User will Shop for moisturizers if the weather is below 19 degrees while Shops for suncreens if the weather is above 34 degrees.):5:3
                	at Step(the user clicks on &lt;buyButton>):10:5
                </stack-trace>
            </failure>
        </test-case>
        <test-case start='1658209340692' status='broken' stop='1658209340693'>
            <name>Then the title of the page should be Sunscreens</name>
            <title>Then the title of the page should be Sunscreens</title>
            <labels>
                <label name='language' value='javascript'/>
                <label name='framework' value='wdio'/>
                <label name='thread' value='0-0'/>
            </labels>
            <parameters>
                <parameter kind='argument' name='browser' value='chrome-103.0.5060.114'/>
            </parameters>
            <steps/>
            <attachments/>
            <failure>
                <message>Step "the title of the page should be Sunscreens" is not defined. You can ignore this error by setting cucumberOpts.ignoreUndefinedDefinitions as true.</message>
                <stack-trace>Step "the title of the page should be Sunscreens" is not defined. You can ignore this error by setting cucumberOpts.ignoreUndefinedDefinitions as true.
                	at Feature(D:\Task\Weather_Shopper_task\features\HomePage\Home_page.feature):1:1
                	at Scenario(User will Shop for moisturizers if the weather is below 19 degrees while Shops for suncreens if the weather is above 34 degrees.):5:3
                	at Step(the title of the page should be &lt;product>):11:5
                </stack-trace>
            </failure>
        </test-case>
        <test-case start='1658209340693' status='passed' stop='1658209340693'>
            <name></name>
            <title></title>
            <labels>
                <label name='language' value='javascript'/>
                <label name='framework' value='wdio'/>
                <label name='thread' value='0-0'/>
            </labels>
            <parameters>
                <parameter kind='argument' name='browser' value='chrome-103.0.5060.114'/>
            </parameters>
            <steps/>
            <attachments/>
        </test-case>
    </test-cases>
</ns2:test-suite>