<?xml version='1.0'?>
<ns2:test-suite xmlns:ns2='urn:model.allure.qatools.yandex.ru' start='1658377981788' stop='1658377984305'>
    <name>Adding moisturisers to the cart: Add two moisturizers to the cart that meet specific criteria</name>
    <title>Adding moisturisers to the cart: Add two moisturizers to the cart that meet specific criteria</title>
    <test-cases>
        <test-case start='1658377981789' status='passed' stop='1658377981790'>
            <name></name>
            <title></title>
            <labels>
                <label name='language' value='javascript'/>
                <label name='framework' value='wdio'/>
                <label name='thread' value='0-0'/>
            </labels>
            <parameters>
                <parameter kind='argument' name='browser' value='chrome-103.0.5060.114'/>
            </parameters>
            <steps/>
            <attachments/>
        </test-case>
        <test-case start='1658377981790' status='passed' stop='1658377984056'>
            <name>Given the browser is at the "Moisturizers" page</name>
            <title>Given the browser is at the "Moisturizers" page</title>
            <labels>
                <label name='language' value='javascript'/>
                <label name='framework' value='wdio'/>
                <label name='thread' value='0-0'/>
            </labels>
            <parameters>
                <parameter kind='argument' name='browser' value='chrome-103.0.5060.114'/>
            </parameters>
            <steps>
                <step start='1658377981792' status='passed' stop='1658377984054'>
                    <name>POST /session/:sessionId/url</name>
                    <title>POST /session/:sessionId/url</title>
                    <attachments>
                        <attachment title='Request' source='a09e0e51-5ab7-408e-b435-0fbbc47b712e-attachment.json' type='application/json' size='68'/>
                    </attachments>
                    <steps/>
                </step>
            </steps>
            <attachments/>
        </test-case>
        <test-case start='1658377984056' status='broken' stop='1658377984299'>
            <name>When the moisturizer is least expensive and contains "Aloe" in the name</name>
            <title>When the moisturizer is least expensive and contains "Aloe" in the name</title>
            <labels>
                <label name='language' value='javascript'/>
                <label name='framework' value='wdio'/>
                <label name='thread' value='0-0'/>
            </labels>
            <parameters>
                <parameter kind='argument' name='browser' value='chrome-103.0.5060.114'/>
            </parameters>
            <steps>
                <step start='1658377984058' status='passed' stop='1658377984084'>
                    <name>POST /session/:sessionId/elements</name>
                    <title>POST /session/:sessionId/elements</title>
                    <attachments>
                        <attachment title='Request' source='7fdad190-5194-4445-ad0d-73ae2a006287-attachment.json' type='application/json' size='116'/>
                        <attachment title='Response' source='e46a6a2d-26b9-48da-88e8-dacab070e3e0-attachment.json' type='application/json' size='275'/>
                    </attachments>
                    <steps/>
                </step>
                <step start='1658377984100' status='passed' stop='1658377984125'>
                    <name>POST /session/:sessionId/elements</name>
                    <title>POST /session/:sessionId/elements</title>
                    <attachments>
                        <attachment title='Request' source='a174653a-199c-4ca2-8857-f5705589d563-attachment.json' type='application/json' size='95'/>
                        <attachment title='Response' source='59ba2b47-6bbf-40ad-892f-ca15da45374f-attachment.json' type='application/json' size='548'/>
                    </attachments>
                    <steps/>
                </step>
                <step start='1658377984137' status='passed' stop='1658377984158'>
                    <name>POST /session/:sessionId/elements</name>
                    <title>POST /session/:sessionId/elements</title>
                    <attachments>
                        <attachment title='Request' source='6d388d43-221c-4bed-997a-b3be837c5ae1-attachment.json' type='application/json' size='121'/>
                        <attachment title='Response' source='5d829fdf-f1ef-4201-afee-4d11e6f3acf1-attachment.json' type='application/json' size='275'/>
                    </attachments>
                    <steps/>
                </step>
                <step start='1658377984166' status='passed' stop='1658377984187'>
                    <name>GET /session/:sessionId/element/f3219dab-ce6c-4694-a413-2209915e98c6/text</name>
                    <title>GET /session/:sessionId/element/f3219dab-ce6c-4694-a413-2209915e98c6/text</title>
                    <attachments>
                        <attachment title='Response' source='74a7df58-58a9-42d2-97ee-a7fc657a454a-attachment.json' type='application/json' size='16'/>
                    </attachments>
                    <steps/>
                </step>
                <step start='1658377984188' status='passed' stop='1658377984208'>
                    <name>GET /session/:sessionId/element/42d597e0-c89c-419c-9623-5929eb2b9436/text</name>
                    <title>GET /session/:sessionId/element/42d597e0-c89c-419c-9623-5929eb2b9436/text</title>
                    <attachments>
                        <attachment title='Response' source='7bf0d36a-a20c-4f67-96fa-d429c48d7df8-attachment.json' type='application/json' size='16'/>
                    </attachments>
                    <steps/>
                </step>
                <step start='1658377984209' status='passed' stop='1658377984234'>
                    <name>GET /session/:sessionId/element/eeb74a62-b69a-47e2-b26e-d52262351783/text</name>
                    <title>GET /session/:sessionId/element/eeb74a62-b69a-47e2-b26e-d52262351783/text</title>
                    <attachments>
                        <attachment title='Response' source='022bd94d-6d8e-47c5-aebc-d16021b3eff8-attachment.json' type='application/json' size='12'/>
                    </attachments>
                    <steps/>
                </step>
                <step start='1658377984234' status='passed' stop='1658377984250'>
                    <name>GET /session/:sessionId/element/f3219dab-ce6c-4694-a413-2209915e98c6/text</name>
                    <title>GET /session/:sessionId/element/f3219dab-ce6c-4694-a413-2209915e98c6/text</title>
                    <attachments>
                        <attachment title='Response' source='50978713-e17d-4077-bb3d-690289315817-attachment.json' type='application/json' size='16'/>
                    </attachments>
                    <steps/>
                </step>
                <step start='1658377984251' status='passed' stop='1658377984268'>
                    <name>GET /session/:sessionId/element/42d597e0-c89c-419c-9623-5929eb2b9436/text</name>
                    <title>GET /session/:sessionId/element/42d597e0-c89c-419c-9623-5929eb2b9436/text</title>
                    <attachments>
                        <attachment title='Response' source='ae6d038a-8da4-4c3e-a451-f31382bd7e82-attachment.json' type='application/json' size='16'/>
                    </attachments>
                    <steps/>
                </step>
                <step start='1658377984269' status='passed' stop='1658377984284'>
                    <name>GET /session/:sessionId/element/eeb74a62-b69a-47e2-b26e-d52262351783/text</name>
                    <title>GET /session/:sessionId/element/eeb74a62-b69a-47e2-b26e-d52262351783/text</title>
                    <attachments>
                        <attachment title='Response' source='d9a8815e-877b-4fbc-a202-9b4284ad07fb-attachment.json' type='application/json' size='12'/>
                    </attachments>
                    <steps/>
                </step>
            </steps>
            <attachments/>
            <failure>
                <message>TypeError: Cannot read properties of undefined (reading 'getText')</message>
                <stack-trace>TypeError: Cannot read properties of undefined (reading 'getText')
                    at World.&lt;anonymous> (D:\Task\Weather_Shopper_task\Step-Defs\Home_page_step-defs\/Product_purchase_defs.js:55:62)
                    at processTicksAndRejections (node:internal/process/task_queues:96:5)</stack-trace>
            </failure>
        </test-case>
        <test-case start='1658377984300' status='broken' stop='1658377984300'>
            <name>And the user clicks on "Add"</name>
            <title>And the user clicks on "Add"</title>
            <labels>
                <label name='language' value='javascript'/>
                <label name='framework' value='wdio'/>
                <label name='thread' value='0-0'/>
            </labels>
            <parameters>
                <parameter kind='argument' name='browser' value='chrome-103.0.5060.114'/>
            </parameters>
            <steps/>
            <attachments/>
            <failure>
                <message>Step "the user clicks on "Add"" is not defined. You can ignore this error by setting cucumberOpts.ignoreUndefinedDefinitions as true.</message>
                <stack-trace>Step "the user clicks on "Add"" is not defined. You can ignore this error by setting cucumberOpts.ignoreUndefinedDefinitions as true.
                	at Feature(D:\Task\Weather_Shopper_task\features\Product_prchase\Purchase_moisturiser.feature):1:1
                	at Scenario(Add two moisturizers to the cart that meet specific criteria):5:3
                	at Step(the user clicks on "Add"):10:5
                </stack-trace>
            </failure>
        </test-case>
        <test-case start='1658377984301' status='broken' stop='1658377984301'>
            <name>Then the value of cart should be incremented</name>
            <title>Then the value of cart should be incremented</title>
            <labels>
                <label name='language' value='javascript'/>
                <label name='framework' value='wdio'/>
                <label name='thread' value='0-0'/>
            </labels>
            <parameters>
                <parameter kind='argument' name='browser' value='chrome-103.0.5060.114'/>
            </parameters>
            <steps/>
            <attachments/>
            <failure>
                <message>Step "the value of cart should be incremented" is not defined. You can ignore this error by setting cucumberOpts.ignoreUndefinedDefinitions as true.</message>
                <stack-trace>Step "the value of cart should be incremented" is not defined. You can ignore this error by setting cucumberOpts.ignoreUndefinedDefinitions as true.
                	at Feature(D:\Task\Weather_Shopper_task\features\Product_prchase\Purchase_moisturiser.feature):1:1
                	at Scenario(Add two moisturizers to the cart that meet specific criteria):5:3
                	at Step(the value of cart should be incremented):12:5
                </stack-trace>
            </failure>
        </test-case>
        <test-case start='1658377984301' status='passed' stop='1658377984303'>
            <name></name>
            <title></title>
            <labels>
                <label name='language' value='javascript'/>
                <label name='framework' value='wdio'/>
                <label name='thread' value='0-0'/>
            </labels>
            <parameters>
                <parameter kind='argument' name='browser' value='chrome-103.0.5060.114'/>
            </parameters>
            <steps/>
            <attachments/>
        </test-case>
    </test-cases>
</ns2:test-suite>