<?xml version='1.0'?>
<ns2:test-suite xmlns:ns2='urn:model.allure.qatools.yandex.ru' start='1658216480500' stop='1658216482098'>
    <name>Product Selection: User will Shop for moisturizers if the weather is below 19 degrees while Shops for suncreens if the weather is above 34 degrees.</name>
    <title>Product Selection: User will Shop for moisturizers if the weather is below 19 degrees while Shops for suncreens if the weather is above 34 degrees.</title>
    <test-cases>
        <test-case start='1658216480501' status='passed' stop='1658216480502'>
            <name></name>
            <title></title>
            <labels>
                <label name='language' value='javascript'/>
                <label name='framework' value='wdio'/>
                <label name='thread' value='0-0'/>
            </labels>
            <parameters>
                <parameter kind='argument' name='browser' value='chrome-103.0.5060.114'/>
            </parameters>
            <steps/>
            <attachments/>
        </test-case>
        <test-case start='1658216480502' status='broken' stop='1658216482096'>
            <name>Given A web browser is at the home page</name>
            <title>Given A web browser is at the home page</title>
            <labels>
                <label name='language' value='javascript'/>
                <label name='framework' value='wdio'/>
                <label name='thread' value='0-0'/>
            </labels>
            <parameters>
                <parameter kind='argument' name='browser' value='chrome-103.0.5060.114'/>
            </parameters>
            <steps>
                <step start='1658216480504' status='passed' stop='1658216482046'>
                    <name>POST /session/:sessionId/url</name>
                    <title>POST /session/:sessionId/url</title>
                    <attachments>
                        <attachment title='Request' source='6a0623b5-15d9-4d23-9e55-9d328cf74255-attachment.json' type='application/json' size='57'/>
                    </attachments>
                    <steps/>
                </step>
                <step start='1658216482048' status='passed' stop='1658216482062'>
                    <name>POST /session/:sessionId/element</name>
                    <title>POST /session/:sessionId/element</title>
                    <attachments>
                        <attachment title='Request' source='2aabbfa3-c27c-4cf0-b86f-6a96eeda175a-attachment.json' type='application/json' size='56'/>
                        <attachment title='Response' source='27421aef-ab49-400c-8e35-1081bf1ec9bd-attachment.json' type='application/json' size='83'/>
                    </attachments>
                    <steps/>
                </step>
                <step start='1658216482067' status='passed' stop='1658216482079'>
                    <name>POST /session/:sessionId/execute/sync</name>
                    <title>POST /session/:sessionId/execute/sync</title>
                    <attachments>
                        <attachment title='Request' source='1f3a2924-5038-47b5-b892-35c865be86d8-attachment.json' type='application/json' size='8337'/>
                        <attachment title='Response' source='3eec9983-3bc8-42c7-b9ff-d8c0e3609aee-attachment.json' type='application/json' size='4'/>
                    </attachments>
                    <steps/>
                </step>
                <step start='1658216482079' status='passed' stop='1658216482087'>
                    <name>POST /session/:sessionId/element</name>
                    <title>POST /session/:sessionId/element</title>
                    <attachments>
                        <attachment title='Request' source='d16160a6-85a7-4b24-9513-7c1103003e71-attachment.json' type='application/json' size='56'/>
                        <attachment title='Response' source='c7a97c29-0e88-4f0d-8f5c-4612249974e8-attachment.json' type='application/json' size='83'/>
                    </attachments>
                    <steps/>
                </step>
            </steps>
            <attachments/>
            <failure>
                <message>TypeError: (intermediate value).innerText is not a function</message>
                <stack-trace>TypeError: (intermediate value).innerText is not a function
                    at World.&lt;anonymous> (D:\Task\Weather_Shopper_task\Step-Defs\Home_page_step-defs\/steps.js:19:49)
                    at processTicksAndRejections (node:internal/process/task_queues:96:5)</stack-trace>
            </failure>
        </test-case>
        <test-case start='1658216482096' status='broken' stop='1658216482096'>
            <name>And the value of temperature is less than 19 degrees</name>
            <title>And the value of temperature is less than 19 degrees</title>
            <labels>
                <label name='language' value='javascript'/>
                <label name='framework' value='wdio'/>
                <label name='thread' value='0-0'/>
            </labels>
            <parameters>
                <parameter kind='argument' name='browser' value='chrome-103.0.5060.114'/>
            </parameters>
            <steps/>
            <attachments/>
            <failure>
                <message>Step "the value of temperature is less than 19 degrees" is not defined. You can ignore this error by setting cucumberOpts.ignoreUndefinedDefinitions as true.</message>
                <stack-trace>Step "the value of temperature is less than 19 degrees" is not defined. You can ignore this error by setting cucumberOpts.ignoreUndefinedDefinitions as true.
                	at Feature(D:\Task\Weather_Shopper_task\features\HomePage\Home_page.feature):1:1
                	at Scenario(User will Shop for moisturizers if the weather is below 19 degrees while Shops for suncreens if the weather is above 34 degrees.):5:3
                	at Step(the value of temperature is &lt;temperatureOptions>):8:5
                </stack-trace>
            </failure>
        </test-case>
        <test-case start='1658216482096' status='broken' stop='1658216482097'>
            <name>When the user clicks on Buy moisturizers</name>
            <title>When the user clicks on Buy moisturizers</title>
            <labels>
                <label name='language' value='javascript'/>
                <label name='framework' value='wdio'/>
                <label name='thread' value='0-0'/>
            </labels>
            <parameters>
                <parameter kind='argument' name='browser' value='chrome-103.0.5060.114'/>
            </parameters>
            <steps/>
            <attachments/>
            <failure>
                <message>Step "the user clicks on Buy moisturizers" is not defined. You can ignore this error by setting cucumberOpts.ignoreUndefinedDefinitions as true.</message>
                <stack-trace>Step "the user clicks on Buy moisturizers" is not defined. You can ignore this error by setting cucumberOpts.ignoreUndefinedDefinitions as true.
                	at Feature(D:\Task\Weather_Shopper_task\features\HomePage\Home_page.feature):1:1
                	at Scenario(User will Shop for moisturizers if the weather is below 19 degrees while Shops for suncreens if the weather is above 34 degrees.):5:3
                	at Step(the user clicks on &lt;buyButton>):10:5
                </stack-trace>
            </failure>
        </test-case>
        <test-case start='1658216482097' status='broken' stop='1658216482097'>
            <name>Then the title of the page should be Moisturizers</name>
            <title>Then the title of the page should be Moisturizers</title>
            <labels>
                <label name='language' value='javascript'/>
                <label name='framework' value='wdio'/>
                <label name='thread' value='0-0'/>
            </labels>
            <parameters>
                <parameter kind='argument' name='browser' value='chrome-103.0.5060.114'/>
            </parameters>
            <steps/>
            <attachments/>
            <failure>
                <message>Step "the title of the page should be Moisturizers" is not defined. You can ignore this error by setting cucumberOpts.ignoreUndefinedDefinitions as true.</message>
                <stack-trace>Step "the title of the page should be Moisturizers" is not defined. You can ignore this error by setting cucumberOpts.ignoreUndefinedDefinitions as true.
                	at Feature(D:\Task\Weather_Shopper_task\features\HomePage\Home_page.feature):1:1
                	at Scenario(User will Shop for moisturizers if the weather is below 19 degrees while Shops for suncreens if the weather is above 34 degrees.):5:3
                	at Step(the title of the page should be &lt;product>):11:5
                </stack-trace>
            </failure>
        </test-case>
        <test-case start='1658216482097' status='passed' stop='1658216482098'>
            <name></name>
            <title></title>
            <labels>
                <label name='language' value='javascript'/>
                <label name='framework' value='wdio'/>
                <label name='thread' value='0-0'/>
            </labels>
            <parameters>
                <parameter kind='argument' name='browser' value='chrome-103.0.5060.114'/>
            </parameters>
            <steps/>
            <attachments/>
        </test-case>
    </test-cases>
</ns2:test-suite>