<?xml version='1.0'?>
<ns2:test-suite xmlns:ns2='urn:model.allure.qatools.yandex.ru' start='1658302937706' stop='1658302940506'>
    <name>Adding moisturisers to the cart: Add two moisturizers to the cart that meet specific criteria</name>
    <title>Adding moisturisers to the cart: Add two moisturizers to the cart that meet specific criteria</title>
    <test-cases>
        <test-case start='1658302937706' status='passed' stop='1658302937707'>
            <name></name>
            <title></title>
            <labels>
                <label name='language' value='javascript'/>
                <label name='framework' value='wdio'/>
                <label name='thread' value='0-0'/>
            </labels>
            <parameters>
                <parameter kind='argument' name='browser' value='chrome-103.0.5060.114'/>
            </parameters>
            <steps/>
            <attachments/>
        </test-case>
        <test-case start='1658302937707' status='passed' stop='1658302940438'>
            <name>Given the browser is at the "Moisturizers" page</name>
            <title>Given the browser is at the "Moisturizers" page</title>
            <labels>
                <label name='language' value='javascript'/>
                <label name='framework' value='wdio'/>
                <label name='thread' value='0-0'/>
            </labels>
            <parameters>
                <parameter kind='argument' name='browser' value='chrome-103.0.5060.114'/>
            </parameters>
            <steps>
                <step start='1658302937709' status='passed' stop='1658302940436'>
                    <name>POST /session/:sessionId/url</name>
                    <title>POST /session/:sessionId/url</title>
                    <attachments>
                        <attachment title='Request' source='d7696423-0e14-49e4-bc7a-db4231e4189e-attachment.json' type='application/json' size='68'/>
                    </attachments>
                    <steps/>
                </step>
            </steps>
            <attachments/>
        </test-case>
        <test-case start='1658302940438' status='passed' stop='1658302940504'>
            <name>When the moisturizer is least expensive and contains "Aloe" in the name</name>
            <title>When the moisturizer is least expensive and contains "Aloe" in the name</title>
            <labels>
                <label name='language' value='javascript'/>
                <label name='framework' value='wdio'/>
                <label name='thread' value='0-0'/>
            </labels>
            <parameters>
                <parameter kind='argument' name='browser' value='chrome-103.0.5060.114'/>
            </parameters>
            <steps>
                <step start='1658302940440' status='passed' stop='1658302940457'>
                    <name>POST /session/:sessionId/elements</name>
                    <title>POST /session/:sessionId/elements</title>
                    <attachments>
                        <attachment title='Request' source='11df0c31-0daf-41e0-a6df-b147a6bba7bd-attachment.json' type='application/json' size='84'/>
                        <attachment title='Response' source='439df366-40c1-4976-b7dd-4ce2f65cd808-attachment.json' type='application/json' size='548'/>
                    </attachments>
                    <steps/>
                </step>
                <step start='1658302940467' status='passed' stop='1658302940481'>
                    <name>POST /session/:sessionId/elements</name>
                    <title>POST /session/:sessionId/elements</title>
                    <attachments>
                        <attachment title='Request' source='4a08025a-bf6b-4dae-8973-7f074ad2815d-attachment.json' type='application/json' size='82'/>
                        <attachment title='Response' source='4fc6ac11-9269-4694-a35b-7658b2d72e61-attachment.json' type='application/json' size='1094'/>
                    </attachments>
                    <steps/>
                </step>
                <step start='1658302940494' status='undefined'>
                    <name>GET /session/:sessionId/element/90afdca0-875a-42dc-8dfa-600f18144d9b/text</name>
                    <title>GET /session/:sessionId/element/90afdca0-875a-42dc-8dfa-600f18144d9b/text</title>
                    <attachments/>
                    <steps>
                        <step start='1658302940495' status='undefined'>
                            <name>GET /session/:sessionId/element/9bee2410-82aa-4595-97bc-a61e0b4d81ed/text</name>
                            <title>GET /session/:sessionId/element/9bee2410-82aa-4595-97bc-a61e0b4d81ed/text</title>
                            <attachments/>
                            <steps>
                                <step start='1658302940496' status='undefined'>
                                    <name>GET /session/:sessionId/element/bf631652-0a5f-4936-af07-2f9bc6ceb242/text</name>
                                    <title>GET /session/:sessionId/element/bf631652-0a5f-4936-af07-2f9bc6ceb242/text</title>
                                    <attachments/>
                                    <steps>
                                        <step start='1658302940499' status='undefined'>
                                            <name>GET /session/:sessionId/element/fd650724-08d2-458f-b829-f4eea8f5aae7/text</name>
                                            <title>GET /session/:sessionId/element/fd650724-08d2-458f-b829-f4eea8f5aae7/text</title>
                                            <attachments/>
                                            <steps>
                                                <step start='1658302940501' status='undefined'>
                                                    <name>GET /session/:sessionId/element/02ee0825-b7df-48db-8eac-01bde4e638c8/text</name>
                                                    <title>GET /session/:sessionId/element/02ee0825-b7df-48db-8eac-01bde4e638c8/text</title>
                                                    <attachments/>
                                                    <steps>
                                                        <step start='1658302940502' status='undefined'>
                                                            <name>GET /session/:sessionId/element/788b0905-4ce1-402a-8b35-403452e82a97/text</name>
                                                            <title>GET /session/:sessionId/element/788b0905-4ce1-402a-8b35-403452e82a97/text</title>
                                                            <attachments/>
                                                            <steps/>
                                                        </step>
                                                    </steps>
                                                </step>
                                            </steps>
                                        </step>
                                    </steps>
                                </step>
                            </steps>
                        </step>
                    </steps>
                </step>
            </steps>
            <attachments/>
        </test-case>
        <test-case start='1658302940504' status='broken' stop='1658302940505'>
            <name>And the user clicks on "Add"</name>
            <title>And the user clicks on "Add"</title>
            <labels>
                <label name='language' value='javascript'/>
                <label name='framework' value='wdio'/>
                <label name='thread' value='0-0'/>
            </labels>
            <parameters>
                <parameter kind='argument' name='browser' value='chrome-103.0.5060.114'/>
            </parameters>
            <steps/>
            <attachments/>
            <failure>
                <message>Step "the user clicks on "Add"" is not defined. You can ignore this error by setting cucumberOpts.ignoreUndefinedDefinitions as true.</message>
                <stack-trace>Step "the user clicks on "Add"" is not defined. You can ignore this error by setting cucumberOpts.ignoreUndefinedDefinitions as true.
                	at Feature(D:\Task\Weather_Shopper_task\features\Product_prchase\Purchase_moisturiser.feature):1:1
                	at Scenario(Add two moisturizers to the cart that meet specific criteria):5:3
                	at Step(the user clicks on "Add"):10:5
                </stack-trace>
            </failure>
        </test-case>
        <test-case start='1658302940505' status='broken' stop='1658302940505'>
            <name>Then the value of cart should be incremented</name>
            <title>Then the value of cart should be incremented</title>
            <labels>
                <label name='language' value='javascript'/>
                <label name='framework' value='wdio'/>
                <label name='thread' value='0-0'/>
            </labels>
            <parameters>
                <parameter kind='argument' name='browser' value='chrome-103.0.5060.114'/>
            </parameters>
            <steps/>
            <attachments/>
            <failure>
                <message>Step "the value of cart should be incremented" is not defined. You can ignore this error by setting cucumberOpts.ignoreUndefinedDefinitions as true.</message>
                <stack-trace>Step "the value of cart should be incremented" is not defined. You can ignore this error by setting cucumberOpts.ignoreUndefinedDefinitions as true.
                	at Feature(D:\Task\Weather_Shopper_task\features\Product_prchase\Purchase_moisturiser.feature):1:1
                	at Scenario(Add two moisturizers to the cart that meet specific criteria):5:3
                	at Step(the value of cart should be incremented):12:5
                </stack-trace>
            </failure>
        </test-case>
        <test-case start='1658302940505' status='passed' stop='1658302940506'>
            <name></name>
            <title></title>
            <labels>
                <label name='language' value='javascript'/>
                <label name='framework' value='wdio'/>
                <label name='thread' value='0-0'/>
            </labels>
            <parameters>
                <parameter kind='argument' name='browser' value='chrome-103.0.5060.114'/>
            </parameters>
            <steps/>
            <attachments/>
        </test-case>
    </test-cases>
</ns2:test-suite>