<?xml version='1.0'?>
<ns2:test-suite xmlns:ns2='urn:model.allure.qatools.yandex.ru' start='1658309647959' stop='1658309650923'>
    <name>Adding moisturisers to the cart: Add two moisturizers to the cart that meet specific criteria</name>
    <title>Adding moisturisers to the cart: Add two moisturizers to the cart that meet specific criteria</title>
    <test-cases>
        <test-case start='1658309647959' status='passed' stop='1658309647961'>
            <name></name>
            <title></title>
            <labels>
                <label name='language' value='javascript'/>
                <label name='framework' value='wdio'/>
                <label name='thread' value='0-0'/>
            </labels>
            <parameters>
                <parameter kind='argument' name='browser' value='chrome-103.0.5060.114'/>
            </parameters>
            <steps/>
            <attachments/>
        </test-case>
        <test-case start='1658309647961' status='passed' stop='1658309650762'>
            <name>Given the browser is at the "Moisturizers" page</name>
            <title>Given the browser is at the "Moisturizers" page</title>
            <labels>
                <label name='language' value='javascript'/>
                <label name='framework' value='wdio'/>
                <label name='thread' value='0-0'/>
            </labels>
            <parameters>
                <parameter kind='argument' name='browser' value='chrome-103.0.5060.114'/>
            </parameters>
            <steps>
                <step start='1658309647962' status='passed' stop='1658309650761'>
                    <name>POST /session/:sessionId/url</name>
                    <title>POST /session/:sessionId/url</title>
                    <attachments>
                        <attachment title='Request' source='d8ea9d3b-758d-438c-8a5a-6e6ff1223001-attachment.json' type='application/json' size='68'/>
                    </attachments>
                    <steps/>
                </step>
            </steps>
            <attachments/>
        </test-case>
        <test-case start='1658309650762' status='passed' stop='1658309650919'>
            <name>When the moisturizer is least expensive and contains "Aloe" in the name</name>
            <title>When the moisturizer is least expensive and contains "Aloe" in the name</title>
            <labels>
                <label name='language' value='javascript'/>
                <label name='framework' value='wdio'/>
                <label name='thread' value='0-0'/>
            </labels>
            <parameters>
                <parameter kind='argument' name='browser' value='chrome-103.0.5060.114'/>
            </parameters>
            <steps>
                <step start='1658309650764' status='passed' stop='1658309650782'>
                    <name>POST /session/:sessionId/elements</name>
                    <title>POST /session/:sessionId/elements</title>
                    <attachments>
                        <attachment title='Request' source='fc93a4fd-e46a-4d95-99b4-a2837405a764-attachment.json' type='application/json' size='84'/>
                        <attachment title='Response' source='862ee670-bb9c-41ec-9467-44ef27a40114-attachment.json' type='application/json' size='548'/>
                    </attachments>
                    <steps/>
                </step>
                <step start='1658309650792' status='passed' stop='1658309650806'>
                    <name>POST /session/:sessionId/elements</name>
                    <title>POST /session/:sessionId/elements</title>
                    <attachments>
                        <attachment title='Request' source='a720db4b-5ad0-408c-b476-7d541aef8d9b-attachment.json' type='application/json' size='82'/>
                        <attachment title='Response' source='ef063dad-1cf8-47fb-9d65-b60bbd33d61a-attachment.json' type='application/json' size='1094'/>
                    </attachments>
                    <steps/>
                </step>
                <step start='1658309650819' status='passed' stop='1658309650833'>
                    <name>GET /session/:sessionId/element/1d7b7b5d-8b6e-4c7b-81fd-0df92b7c6cad/text</name>
                    <title>GET /session/:sessionId/element/1d7b7b5d-8b6e-4c7b-81fd-0df92b7c6cad/text</title>
                    <attachments>
                        <attachment title='Response' source='f9d70690-19d1-44e4-b971-2683e3b27864-attachment.json' type='application/json' size='16'/>
                    </attachments>
                    <steps/>
                </step>
                <step start='1658309650833' status='passed' stop='1658309650845'>
                    <name>GET /session/:sessionId/element/134d4468-f6ca-4576-953e-bd78430ac489/text</name>
                    <title>GET /session/:sessionId/element/134d4468-f6ca-4576-953e-bd78430ac489/text</title>
                    <attachments>
                        <attachment title='Response' source='eebe34dc-dcb2-44ee-92fa-00befc9bbce5-attachment.json' type='application/json' size='16'/>
                    </attachments>
                    <steps/>
                </step>
                <step start='1658309650845' status='passed' stop='1658309650857'>
                    <name>GET /session/:sessionId/element/a8b7e99b-dc8d-44f9-a0d0-86ae998bfa5a/text</name>
                    <title>GET /session/:sessionId/element/a8b7e99b-dc8d-44f9-a0d0-86ae998bfa5a/text</title>
                    <attachments>
                        <attachment title='Response' source='2ecb78d4-47b2-4653-b888-344930e35f33-attachment.json' type='application/json' size='16'/>
                    </attachments>
                    <steps/>
                </step>
                <step start='1658309650858' status='passed' stop='1658309650868'>
                    <name>GET /session/:sessionId/element/71fb6a8a-99ea-4065-8f8a-d672fbe1a42d/text</name>
                    <title>GET /session/:sessionId/element/71fb6a8a-99ea-4065-8f8a-d672fbe1a42d/text</title>
                    <attachments>
                        <attachment title='Response' source='d6d43453-93f0-4caf-b421-72721bd613e6-attachment.json' type='application/json' size='12'/>
                    </attachments>
                    <steps/>
                </step>
                <step start='1658309650868' status='passed' stop='1658309650906'>
                    <name>GET /session/:sessionId/element/71704880-2171-4c29-a869-34cb50f917c8/text</name>
                    <title>GET /session/:sessionId/element/71704880-2171-4c29-a869-34cb50f917c8/text</title>
                    <attachments>
                        <attachment title='Response' source='f3d2e417-e75a-4f7b-a8c2-751c64cee4b3-attachment.json' type='application/json' size='12'/>
                    </attachments>
                    <steps/>
                </step>
                <step start='1658309650906' status='passed' stop='1658309650919'>
                    <name>GET /session/:sessionId/element/101e2111-6a2d-4366-891d-83a4ba6b5bf8/text</name>
                    <title>GET /session/:sessionId/element/101e2111-6a2d-4366-891d-83a4ba6b5bf8/text</title>
                    <attachments>
                        <attachment title='Response' source='e25fa456-68e4-4f7a-bab6-c1d74cb414e5-attachment.json' type='application/json' size='12'/>
                    </attachments>
                    <steps/>
                </step>
            </steps>
            <attachments/>
        </test-case>
        <test-case start='1658309650920' status='broken' stop='1658309650921'>
            <name>And the user clicks on "Add"</name>
            <title>And the user clicks on "Add"</title>
            <labels>
                <label name='language' value='javascript'/>
                <label name='framework' value='wdio'/>
                <label name='thread' value='0-0'/>
            </labels>
            <parameters>
                <parameter kind='argument' name='browser' value='chrome-103.0.5060.114'/>
            </parameters>
            <steps/>
            <attachments/>
            <failure>
                <message>Step "the user clicks on "Add"" is not defined. You can ignore this error by setting cucumberOpts.ignoreUndefinedDefinitions as true.</message>
                <stack-trace>Step "the user clicks on "Add"" is not defined. You can ignore this error by setting cucumberOpts.ignoreUndefinedDefinitions as true.
                	at Feature(D:\Task\Weather_Shopper_task\features\Product_prchase\Purchase_moisturiser.feature):1:1
                	at Scenario(Add two moisturizers to the cart that meet specific criteria):5:3
                	at Step(the user clicks on "Add"):10:5
                </stack-trace>
            </failure>
        </test-case>
        <test-case start='1658309650921' status='broken' stop='1658309650921'>
            <name>Then the value of cart should be incremented</name>
            <title>Then the value of cart should be incremented</title>
            <labels>
                <label name='language' value='javascript'/>
                <label name='framework' value='wdio'/>
                <label name='thread' value='0-0'/>
            </labels>
            <parameters>
                <parameter kind='argument' name='browser' value='chrome-103.0.5060.114'/>
            </parameters>
            <steps/>
            <attachments/>
            <failure>
                <message>Step "the value of cart should be incremented" is not defined. You can ignore this error by setting cucumberOpts.ignoreUndefinedDefinitions as true.</message>
                <stack-trace>Step "the value of cart should be incremented" is not defined. You can ignore this error by setting cucumberOpts.ignoreUndefinedDefinitions as true.
                	at Feature(D:\Task\Weather_Shopper_task\features\Product_prchase\Purchase_moisturiser.feature):1:1
                	at Scenario(Add two moisturizers to the cart that meet specific criteria):5:3
                	at Step(the value of cart should be incremented):12:5
                </stack-trace>
            </failure>
        </test-case>
        <test-case start='1658309650921' status='passed' stop='1658309650922'>
            <name></name>
            <title></title>
            <labels>
                <label name='language' value='javascript'/>
                <label name='framework' value='wdio'/>
                <label name='thread' value='0-0'/>
            </labels>
            <parameters>
                <parameter kind='argument' name='browser' value='chrome-103.0.5060.114'/>
            </parameters>
            <steps/>
            <attachments/>
        </test-case>
    </test-cases>
</ns2:test-suite>