<?xml version='1.0'?>
<ns2:test-suite xmlns:ns2='urn:model.allure.qatools.yandex.ru' start='1658295793879' stop='1658295798668'>
    <name>Adding moisturisers to the cart: Add two moisturizers to the cart that meet specific criteria</name>
    <title>Adding moisturisers to the cart: Add two moisturizers to the cart that meet specific criteria</title>
    <test-cases>
        <test-case start='1658295793879' status='passed' stop='1658295793880'>
            <name></name>
            <title></title>
            <labels>
                <label name='language' value='javascript'/>
                <label name='framework' value='wdio'/>
                <label name='thread' value='0-0'/>
            </labels>
            <parameters>
                <parameter kind='argument' name='browser' value='chrome-103.0.5060.114'/>
            </parameters>
            <steps/>
            <attachments/>
        </test-case>
        <test-case start='1658295793880' status='passed' stop='1658295798625'>
            <name>Given the browser is at the "Moisturizers" page</name>
            <title>Given the browser is at the "Moisturizers" page</title>
            <labels>
                <label name='language' value='javascript'/>
                <label name='framework' value='wdio'/>
                <label name='thread' value='0-0'/>
            </labels>
            <parameters>
                <parameter kind='argument' name='browser' value='chrome-103.0.5060.114'/>
            </parameters>
            <steps>
                <step start='1658295793882' status='passed' stop='1658295798624'>
                    <name>POST /session/:sessionId/url</name>
                    <title>POST /session/:sessionId/url</title>
                    <attachments>
                        <attachment title='Request' source='5dc33bcf-8d57-404a-8238-64f97d87a505-attachment.json' type='application/json' size='68'/>
                    </attachments>
                    <steps/>
                </step>
            </steps>
            <attachments/>
        </test-case>
        <test-case start='1658295798625' status='passed' stop='1658295798665'>
            <name>When the moisturizer is least expensive and contains "Aloe" in the name</name>
            <title>When the moisturizer is least expensive and contains "Aloe" in the name</title>
            <labels>
                <label name='language' value='javascript'/>
                <label name='framework' value='wdio'/>
                <label name='thread' value='0-0'/>
            </labels>
            <parameters>
                <parameter kind='argument' name='browser' value='chrome-103.0.5060.114'/>
            </parameters>
            <steps>
                <step start='1658295798627' status='passed' stop='1658295798646'>
                    <name>POST /session/:sessionId/elements</name>
                    <title>POST /session/:sessionId/elements</title>
                    <attachments>
                        <attachment title='Request' source='d2cd4615-7dc2-40e8-9f97-68e1a497dfbe-attachment.json' type='application/json' size='84'/>
                        <attachment title='Response' source='050114d8-5646-4019-80f3-848b9c731e84-attachment.json' type='application/json' size='548'/>
                    </attachments>
                    <steps/>
                </step>
                <step start='1658295798657' status='undefined'>
                    <name>GET /session/:sessionId/element/d5604169-c3f4-438f-8971-7c78241430f8/text</name>
                    <title>GET /session/:sessionId/element/d5604169-c3f4-438f-8971-7c78241430f8/text</title>
                    <attachments/>
                    <steps>
                        <step start='1658295798659' status='undefined'>
                            <name>GET /session/:sessionId/element/1532cc05-4bc7-4654-b07e-1b2e6aa7f822/text</name>
                            <title>GET /session/:sessionId/element/1532cc05-4bc7-4654-b07e-1b2e6aa7f822/text</title>
                            <attachments/>
                            <steps>
                                <step start='1658295798659' status='undefined'>
                                    <name>GET /session/:sessionId/element/ce086d98-32b2-4b24-bf8c-c7a4ff355872/text</name>
                                    <title>GET /session/:sessionId/element/ce086d98-32b2-4b24-bf8c-c7a4ff355872/text</title>
                                    <attachments/>
                                    <steps>
                                        <step start='1658295798661' status='undefined'>
                                            <name>GET /session/:sessionId/element/9df5a64a-38de-4504-ae72-02513b843192/text</name>
                                            <title>GET /session/:sessionId/element/9df5a64a-38de-4504-ae72-02513b843192/text</title>
                                            <attachments/>
                                            <steps>
                                                <step start='1658295798662' status='undefined'>
                                                    <name>GET /session/:sessionId/element/25c51008-55e1-4ad9-8db6-de46c803d939/text</name>
                                                    <title>GET /session/:sessionId/element/25c51008-55e1-4ad9-8db6-de46c803d939/text</title>
                                                    <attachments/>
                                                    <steps>
                                                        <step start='1658295798663' status='undefined'>
                                                            <name>GET /session/:sessionId/element/ed4b0f17-f72f-4b46-95ec-c70b86e83f44/text</name>
                                                            <title>GET /session/:sessionId/element/ed4b0f17-f72f-4b46-95ec-c70b86e83f44/text</title>
                                                            <attachments/>
                                                            <steps/>
                                                        </step>
                                                    </steps>
                                                </step>
                                            </steps>
                                        </step>
                                    </steps>
                                </step>
                            </steps>
                        </step>
                    </steps>
                </step>
            </steps>
            <attachments/>
        </test-case>
        <test-case start='1658295798665' status='broken' stop='1658295798666'>
            <name>And the user clicks on "Add"</name>
            <title>And the user clicks on "Add"</title>
            <labels>
                <label name='language' value='javascript'/>
                <label name='framework' value='wdio'/>
                <label name='thread' value='0-0'/>
            </labels>
            <parameters>
                <parameter kind='argument' name='browser' value='chrome-103.0.5060.114'/>
            </parameters>
            <steps/>
            <attachments/>
            <failure>
                <message>Step "the user clicks on "Add"" is not defined. You can ignore this error by setting cucumberOpts.ignoreUndefinedDefinitions as true.</message>
                <stack-trace>Step "the user clicks on "Add"" is not defined. You can ignore this error by setting cucumberOpts.ignoreUndefinedDefinitions as true.
                	at Feature(D:\Task\Weather_Shopper_task\features\Product_prchase\Purchase_moisturiser.feature):1:1
                	at Scenario(Add two moisturizers to the cart that meet specific criteria):5:3
                	at Step(the user clicks on "Add"):10:5
                </stack-trace>
            </failure>
        </test-case>
        <test-case start='1658295798666' status='broken' stop='1658295798666'>
            <name>Then the value of cart should be incremented</name>
            <title>Then the value of cart should be incremented</title>
            <labels>
                <label name='language' value='javascript'/>
                <label name='framework' value='wdio'/>
                <label name='thread' value='0-0'/>
            </labels>
            <parameters>
                <parameter kind='argument' name='browser' value='chrome-103.0.5060.114'/>
            </parameters>
            <steps/>
            <attachments/>
            <failure>
                <message>Step "the value of cart should be incremented" is not defined. You can ignore this error by setting cucumberOpts.ignoreUndefinedDefinitions as true.</message>
                <stack-trace>Step "the value of cart should be incremented" is not defined. You can ignore this error by setting cucumberOpts.ignoreUndefinedDefinitions as true.
                	at Feature(D:\Task\Weather_Shopper_task\features\Product_prchase\Purchase_moisturiser.feature):1:1
                	at Scenario(Add two moisturizers to the cart that meet specific criteria):5:3
                	at Step(the value of cart should be incremented):12:5
                </stack-trace>
            </failure>
        </test-case>
        <test-case start='1658295798666' status='passed' stop='1658295798667'>
            <name></name>
            <title></title>
            <labels>
                <label name='language' value='javascript'/>
                <label name='framework' value='wdio'/>
                <label name='thread' value='0-0'/>
            </labels>
            <parameters>
                <parameter kind='argument' name='browser' value='chrome-103.0.5060.114'/>
            </parameters>
            <steps/>
            <attachments/>
        </test-case>
    </test-cases>
</ns2:test-suite>