<?xml version='1.0'?>
<ns2:test-suite xmlns:ns2='urn:model.allure.qatools.yandex.ru' start='1658303495542' stop='1658303498840'>
    <name>Adding moisturisers to the cart: Add two moisturizers to the cart that meet specific criteria</name>
    <title>Adding moisturisers to the cart: Add two moisturizers to the cart that meet specific criteria</title>
    <test-cases>
        <test-case start='1658303495542' status='passed' stop='1658303495544'>
            <name></name>
            <title></title>
            <labels>
                <label name='language' value='javascript'/>
                <label name='framework' value='wdio'/>
                <label name='thread' value='0-0'/>
            </labels>
            <parameters>
                <parameter kind='argument' name='browser' value='chrome-103.0.5060.114'/>
            </parameters>
            <steps/>
            <attachments/>
        </test-case>
        <test-case start='1658303495545' status='passed' stop='1658303498763'>
            <name>Given the browser is at the "Moisturizers" page</name>
            <title>Given the browser is at the "Moisturizers" page</title>
            <labels>
                <label name='language' value='javascript'/>
                <label name='framework' value='wdio'/>
                <label name='thread' value='0-0'/>
            </labels>
            <parameters>
                <parameter kind='argument' name='browser' value='chrome-103.0.5060.114'/>
            </parameters>
            <steps>
                <step start='1658303495548' status='passed' stop='1658303498762'>
                    <name>POST /session/:sessionId/url</name>
                    <title>POST /session/:sessionId/url</title>
                    <attachments>
                        <attachment title='Request' source='3c21290a-b4ac-4c9d-8d6c-95197007d839-attachment.json' type='application/json' size='68'/>
                    </attachments>
                    <steps/>
                </step>
            </steps>
            <attachments/>
        </test-case>
        <test-case start='1658303498763' status='broken' stop='1658303498836'>
            <name>When the moisturizer is least expensive and contains "Aloe" in the name</name>
            <title>When the moisturizer is least expensive and contains "Aloe" in the name</title>
            <labels>
                <label name='language' value='javascript'/>
                <label name='framework' value='wdio'/>
                <label name='thread' value='0-0'/>
            </labels>
            <parameters>
                <parameter kind='argument' name='browser' value='chrome-103.0.5060.114'/>
            </parameters>
            <steps>
                <step start='1658303498765' status='passed' stop='1658303498780'>
                    <name>POST /session/:sessionId/elements</name>
                    <title>POST /session/:sessionId/elements</title>
                    <attachments>
                        <attachment title='Request' source='1bba5edb-b71c-46e9-991c-3ff7e39d83cf-attachment.json' type='application/json' size='84'/>
                        <attachment title='Response' source='b8ab1a0e-b51e-4669-8a24-63e190701638-attachment.json' type='application/json' size='548'/>
                    </attachments>
                    <steps/>
                </step>
                <step start='1658303498787' status='passed' stop='1658303498802'>
                    <name>POST /session/:sessionId/elements</name>
                    <title>POST /session/:sessionId/elements</title>
                    <attachments>
                        <attachment title='Request' source='a7ffbd44-9b86-469e-a91c-1cfbfbfd39e2-attachment.json' type='application/json' size='82'/>
                        <attachment title='Response' source='afb49320-b672-46d1-83fa-84cf48365709-attachment.json' type='application/json' size='1094'/>
                    </attachments>
                    <steps/>
                </step>
                <step start='1658303498823' status='broken' stop='1658303498836'>
                    <name>GET /session/:sessionId/element/04e7e530-fd6a-4a6a-88d7-5d74220a50b1/text</name>
                    <title>GET /session/:sessionId/element/04e7e530-fd6a-4a6a-88d7-5d74220a50b1/text</title>
                    <attachments/>
                    <steps>
                        <step start='1658303498826' status='broken' stop='1658303498836'>
                            <name>GET /session/:sessionId/element/1595c40d-aee4-4136-96df-ff482fb6cbb4/text</name>
                            <title>GET /session/:sessionId/element/1595c40d-aee4-4136-96df-ff482fb6cbb4/text</title>
                            <attachments/>
                            <steps>
                                <step start='1658303498827' status='broken' stop='1658303498836'>
                                    <name>GET /session/:sessionId/element/bf2c7e39-becb-49b6-bde7-2acaffb7283d/text</name>
                                    <title>GET /session/:sessionId/element/bf2c7e39-becb-49b6-bde7-2acaffb7283d/text</title>
                                    <attachments/>
                                    <steps>
                                        <step start='1658303498829' status='broken' stop='1658303498836'>
                                            <name>GET /session/:sessionId/element/6ec03353-6f86-4634-a5da-c4556f17db28/text</name>
                                            <title>GET /session/:sessionId/element/6ec03353-6f86-4634-a5da-c4556f17db28/text</title>
                                            <attachments/>
                                            <steps>
                                                <step start='1658303498831' status='broken' stop='1658303498836'>
                                                    <name>GET /session/:sessionId/element/e13f92f8-f63c-4941-b61a-621dd6c82adc/text</name>
                                                    <title>GET /session/:sessionId/element/e13f92f8-f63c-4941-b61a-621dd6c82adc/text</title>
                                                    <attachments/>
                                                    <steps>
                                                        <step start='1658303498833' status='broken' stop='1658303498836'>
                                                            <name>GET /session/:sessionId/element/84f699d4-11e4-497b-a74a-225af4b3568b/text</name>
                                                            <title>GET /session/:sessionId/element/84f699d4-11e4-497b-a74a-225af4b3568b/text</title>
                                                            <attachments/>
                                                            <steps/>
                                                        </step>
                                                    </steps>
                                                </step>
                                            </steps>
                                        </step>
                                    </steps>
                                </step>
                            </steps>
                        </step>
                    </steps>
                </step>
            </steps>
            <attachments/>
            <failure>
                <message>TypeError: min.get is not a function</message>
                <stack-trace>TypeError: min.get is not a function
                    at World.&lt;anonymous> (D:\Task\Weather_Shopper_task\Step-Defs\Home_page_step-defs\/Product_purchase_defs.js:71:49)
                    at processTicksAndRejections (node:internal/process/task_queues:96:5)</stack-trace>
            </failure>
        </test-case>
        <test-case start='1658303498837' status='broken' stop='1658303498837'>
            <name>And the user clicks on "Add"</name>
            <title>And the user clicks on "Add"</title>
            <labels>
                <label name='language' value='javascript'/>
                <label name='framework' value='wdio'/>
                <label name='thread' value='0-0'/>
            </labels>
            <parameters>
                <parameter kind='argument' name='browser' value='chrome-103.0.5060.114'/>
            </parameters>
            <steps/>
            <attachments/>
            <failure>
                <message>Step "the user clicks on "Add"" is not defined. You can ignore this error by setting cucumberOpts.ignoreUndefinedDefinitions as true.</message>
                <stack-trace>Step "the user clicks on "Add"" is not defined. You can ignore this error by setting cucumberOpts.ignoreUndefinedDefinitions as true.
                	at Feature(D:\Task\Weather_Shopper_task\features\Product_prchase\Purchase_moisturiser.feature):1:1
                	at Scenario(Add two moisturizers to the cart that meet specific criteria):5:3
                	at Step(the user clicks on "Add"):10:5
                </stack-trace>
            </failure>
        </test-case>
        <test-case start='1658303498837' status='broken' stop='1658303498837'>
            <name>Then the value of cart should be incremented</name>
            <title>Then the value of cart should be incremented</title>
            <labels>
                <label name='language' value='javascript'/>
                <label name='framework' value='wdio'/>
                <label name='thread' value='0-0'/>
            </labels>
            <parameters>
                <parameter kind='argument' name='browser' value='chrome-103.0.5060.114'/>
            </parameters>
            <steps/>
            <attachments/>
            <failure>
                <message>Step "the value of cart should be incremented" is not defined. You can ignore this error by setting cucumberOpts.ignoreUndefinedDefinitions as true.</message>
                <stack-trace>Step "the value of cart should be incremented" is not defined. You can ignore this error by setting cucumberOpts.ignoreUndefinedDefinitions as true.
                	at Feature(D:\Task\Weather_Shopper_task\features\Product_prchase\Purchase_moisturiser.feature):1:1
                	at Scenario(Add two moisturizers to the cart that meet specific criteria):5:3
                	at Step(the value of cart should be incremented):12:5
                </stack-trace>
            </failure>
        </test-case>
        <test-case start='1658303498838' status='passed' stop='1658303498839'>
            <name></name>
            <title></title>
            <labels>
                <label name='language' value='javascript'/>
                <label name='framework' value='wdio'/>
                <label name='thread' value='0-0'/>
            </labels>
            <parameters>
                <parameter kind='argument' name='browser' value='chrome-103.0.5060.114'/>
            </parameters>
            <steps/>
            <attachments/>
        </test-case>
    </test-cases>
</ns2:test-suite>