<?xml version='1.0'?>
<ns2:test-suite xmlns:ns2='urn:model.allure.qatools.yandex.ru' start='1658377915354' stop='1658377917768'>
    <name>Adding moisturisers to the cart: Add two moisturizers to the cart that meet specific criteria</name>
    <title>Adding moisturisers to the cart: Add two moisturizers to the cart that meet specific criteria</title>
    <test-cases>
        <test-case start='1658377915354' status='passed' stop='1658377915355'>
            <name></name>
            <title></title>
            <labels>
                <label name='language' value='javascript'/>
                <label name='framework' value='wdio'/>
                <label name='thread' value='0-0'/>
            </labels>
            <parameters>
                <parameter kind='argument' name='browser' value='chrome-103.0.5060.114'/>
            </parameters>
            <steps/>
            <attachments/>
        </test-case>
        <test-case start='1658377915355' status='passed' stop='1658377917489'>
            <name>Given the browser is at the "Moisturizers" page</name>
            <title>Given the browser is at the "Moisturizers" page</title>
            <labels>
                <label name='language' value='javascript'/>
                <label name='framework' value='wdio'/>
                <label name='thread' value='0-0'/>
            </labels>
            <parameters>
                <parameter kind='argument' name='browser' value='chrome-103.0.5060.114'/>
            </parameters>
            <steps>
                <step start='1658377915357' status='passed' stop='1658377917487'>
                    <name>POST /session/:sessionId/url</name>
                    <title>POST /session/:sessionId/url</title>
                    <attachments>
                        <attachment title='Request' source='cb6606ec-984d-4777-891b-331098052a15-attachment.json' type='application/json' size='68'/>
                    </attachments>
                    <steps/>
                </step>
            </steps>
            <attachments/>
        </test-case>
        <test-case start='1658377917489' status='passed' stop='1658377917761'>
            <name>When the moisturizer is least expensive and contains "Aloe" in the name</name>
            <title>When the moisturizer is least expensive and contains "Aloe" in the name</title>
            <labels>
                <label name='language' value='javascript'/>
                <label name='framework' value='wdio'/>
                <label name='thread' value='0-0'/>
            </labels>
            <parameters>
                <parameter kind='argument' name='browser' value='chrome-103.0.5060.114'/>
            </parameters>
            <steps>
                <step start='1658377917492' status='passed' stop='1658377917520'>
                    <name>POST /session/:sessionId/elements</name>
                    <title>POST /session/:sessionId/elements</title>
                    <attachments>
                        <attachment title='Request' source='3472c4b2-256a-40d2-97e1-af514d98e7f0-attachment.json' type='application/json' size='116'/>
                        <attachment title='Response' source='9a7bba25-285e-4c23-896f-15abd85a8e90-attachment.json' type='application/json' size='366'/>
                    </attachments>
                    <steps/>
                </step>
                <step start='1658377917536' status='passed' stop='1658377917559'>
                    <name>POST /session/:sessionId/elements</name>
                    <title>POST /session/:sessionId/elements</title>
                    <attachments>
                        <attachment title='Request' source='ac38f9b0-151c-46c8-8fd7-a356ae70d42c-attachment.json' type='application/json' size='95'/>
                        <attachment title='Response' source='1998563e-8867-4e19-a07b-826f9009e928-attachment.json' type='application/json' size='548'/>
                    </attachments>
                    <steps/>
                </step>
                <step start='1658377917571' status='passed' stop='1658377917599'>
                    <name>POST /session/:sessionId/elements</name>
                    <title>POST /session/:sessionId/elements</title>
                    <attachments>
                        <attachment title='Request' source='1964866e-ecbb-4db5-8a2b-7cedbbbb3530-attachment.json' type='application/json' size='121'/>
                        <attachment title='Response' source='5ec2861b-335a-4cbf-8ca8-9ad516aef763-attachment.json' type='application/json' size='366'/>
                    </attachments>
                    <steps/>
                </step>
                <step start='1658377917613' status='passed' stop='1658377917638'>
                    <name>GET /session/:sessionId/element/3cd2152d-26b8-4ff8-896c-77e00139dbf3/text</name>
                    <title>GET /session/:sessionId/element/3cd2152d-26b8-4ff8-896c-77e00139dbf3/text</title>
                    <attachments>
                        <attachment title='Response' source='96cb3aa1-3e9e-4d22-9dc0-db53bc736804-attachment.json' type='application/json' size='16'/>
                    </attachments>
                    <steps/>
                </step>
                <step start='1658377917639' status='passed' stop='1658377917658'>
                    <name>GET /session/:sessionId/element/8b5e2bdd-e3aa-48b2-8d4a-77c6bd1e5b33/text</name>
                    <title>GET /session/:sessionId/element/8b5e2bdd-e3aa-48b2-8d4a-77c6bd1e5b33/text</title>
                    <attachments>
                        <attachment title='Response' source='f17556c7-286b-4b7c-b7c2-5f437fbafb27-attachment.json' type='application/json' size='16'/>
                    </attachments>
                    <steps/>
                </step>
                <step start='1658377917659' status='passed' stop='1658377917681'>
                    <name>GET /session/:sessionId/element/17bc84e5-d413-4c62-8937-499f7f13c067/text</name>
                    <title>GET /session/:sessionId/element/17bc84e5-d413-4c62-8937-499f7f13c067/text</title>
                    <attachments>
                        <attachment title='Response' source='bf553d98-c109-4b70-9979-456c3bfb592c-attachment.json' type='application/json' size='12'/>
                    </attachments>
                    <steps/>
                </step>
                <step start='1658377917683' status='passed' stop='1658377917759'>
                    <name>GET /session/:sessionId/element/1ecff21e-f8c1-4a8a-b4c1-b41bfd8ac8da/text</name>
                    <title>GET /session/:sessionId/element/1ecff21e-f8c1-4a8a-b4c1-b41bfd8ac8da/text</title>
                    <attachments>
                        <attachment title='Response' source='62ecbfdc-21bd-4035-b4dd-9e4c0466a0ca-attachment.json' type='application/json' size='12'/>
                    </attachments>
                    <steps/>
                </step>
            </steps>
            <attachments/>
        </test-case>
        <test-case start='1658377917762' status='broken' stop='1658377917764'>
            <name>And the user clicks on "Add"</name>
            <title>And the user clicks on "Add"</title>
            <labels>
                <label name='language' value='javascript'/>
                <label name='framework' value='wdio'/>
                <label name='thread' value='0-0'/>
            </labels>
            <parameters>
                <parameter kind='argument' name='browser' value='chrome-103.0.5060.114'/>
            </parameters>
            <steps/>
            <attachments/>
            <failure>
                <message>Step "the user clicks on "Add"" is not defined. You can ignore this error by setting cucumberOpts.ignoreUndefinedDefinitions as true.</message>
                <stack-trace>Step "the user clicks on "Add"" is not defined. You can ignore this error by setting cucumberOpts.ignoreUndefinedDefinitions as true.
                	at Feature(D:\Task\Weather_Shopper_task\features\Product_prchase\Purchase_moisturiser.feature):1:1
                	at Scenario(Add two moisturizers to the cart that meet specific criteria):5:3
                	at Step(the user clicks on "Add"):10:5
                </stack-trace>
            </failure>
        </test-case>
        <test-case start='1658377917764' status='broken' stop='1658377917765'>
            <name>Then the value of cart should be incremented</name>
            <title>Then the value of cart should be incremented</title>
            <labels>
                <label name='language' value='javascript'/>
                <label name='framework' value='wdio'/>
                <label name='thread' value='0-0'/>
            </labels>
            <parameters>
                <parameter kind='argument' name='browser' value='chrome-103.0.5060.114'/>
            </parameters>
            <steps/>
            <attachments/>
            <failure>
                <message>Step "the value of cart should be incremented" is not defined. You can ignore this error by setting cucumberOpts.ignoreUndefinedDefinitions as true.</message>
                <stack-trace>Step "the value of cart should be incremented" is not defined. You can ignore this error by setting cucumberOpts.ignoreUndefinedDefinitions as true.
                	at Feature(D:\Task\Weather_Shopper_task\features\Product_prchase\Purchase_moisturiser.feature):1:1
                	at Scenario(Add two moisturizers to the cart that meet specific criteria):5:3
                	at Step(the value of cart should be incremented):12:5
                </stack-trace>
            </failure>
        </test-case>
        <test-case start='1658377917766' status='passed' stop='1658377917767'>
            <name></name>
            <title></title>
            <labels>
                <label name='language' value='javascript'/>
                <label name='framework' value='wdio'/>
                <label name='thread' value='0-0'/>
            </labels>
            <parameters>
                <parameter kind='argument' name='browser' value='chrome-103.0.5060.114'/>
            </parameters>
            <steps/>
            <attachments/>
        </test-case>
    </test-cases>
</ns2:test-suite>