<?xml version='1.0'?>
<ns2:test-suite xmlns:ns2='urn:model.allure.qatools.yandex.ru' start='1658302553234' stop='1658302556029'>
    <name>Adding moisturisers to the cart: Add two moisturizers to the cart that meet specific criteria</name>
    <title>Adding moisturisers to the cart: Add two moisturizers to the cart that meet specific criteria</title>
    <test-cases>
        <test-case start='1658302553235' status='passed' stop='1658302553236'>
            <name></name>
            <title></title>
            <labels>
                <label name='language' value='javascript'/>
                <label name='framework' value='wdio'/>
                <label name='thread' value='0-0'/>
            </labels>
            <parameters>
                <parameter kind='argument' name='browser' value='chrome-103.0.5060.114'/>
            </parameters>
            <steps/>
            <attachments/>
        </test-case>
        <test-case start='1658302553236' status='passed' stop='1658302555963'>
            <name>Given the browser is at the "Moisturizers" page</name>
            <title>Given the browser is at the "Moisturizers" page</title>
            <labels>
                <label name='language' value='javascript'/>
                <label name='framework' value='wdio'/>
                <label name='thread' value='0-0'/>
            </labels>
            <parameters>
                <parameter kind='argument' name='browser' value='chrome-103.0.5060.114'/>
            </parameters>
            <steps>
                <step start='1658302553237' status='passed' stop='1658302555962'>
                    <name>POST /session/:sessionId/url</name>
                    <title>POST /session/:sessionId/url</title>
                    <attachments>
                        <attachment title='Request' source='d9a5080f-41b7-42bb-8927-318dcac077e1-attachment.json' type='application/json' size='68'/>
                    </attachments>
                    <steps/>
                </step>
            </steps>
            <attachments/>
        </test-case>
        <test-case start='1658302555963' status='passed' stop='1658302556026'>
            <name>When the moisturizer is least expensive and contains "Aloe" in the name</name>
            <title>When the moisturizer is least expensive and contains "Aloe" in the name</title>
            <labels>
                <label name='language' value='javascript'/>
                <label name='framework' value='wdio'/>
                <label name='thread' value='0-0'/>
            </labels>
            <parameters>
                <parameter kind='argument' name='browser' value='chrome-103.0.5060.114'/>
            </parameters>
            <steps>
                <step start='1658302555965' status='passed' stop='1658302555980'>
                    <name>POST /session/:sessionId/elements</name>
                    <title>POST /session/:sessionId/elements</title>
                    <attachments>
                        <attachment title='Request' source='5bb7007d-5395-474f-becd-ab4dcda61bdf-attachment.json' type='application/json' size='84'/>
                        <attachment title='Response' source='eaed6fc7-d326-4be9-83b5-c32ab31cb43a-attachment.json' type='application/json' size='548'/>
                    </attachments>
                    <steps/>
                </step>
                <step start='1658302555988' status='passed' stop='1658302556002'>
                    <name>POST /session/:sessionId/elements</name>
                    <title>POST /session/:sessionId/elements</title>
                    <attachments>
                        <attachment title='Request' source='814dbcc6-1821-401f-a3e1-3c4cfcb50c09-attachment.json' type='application/json' size='82'/>
                        <attachment title='Response' source='24304c89-c407-4308-887a-255237e8adfb-attachment.json' type='application/json' size='1094'/>
                    </attachments>
                    <steps/>
                </step>
                <step start='1658302556015' status='undefined'>
                    <name>GET /session/:sessionId/element/b31bd0a9-d7cd-41b6-9b12-d259a05138c5/text</name>
                    <title>GET /session/:sessionId/element/b31bd0a9-d7cd-41b6-9b12-d259a05138c5/text</title>
                    <attachments/>
                    <steps>
                        <step start='1658302556016' status='undefined'>
                            <name>GET /session/:sessionId/element/227bd6bc-36c9-4a53-aa5f-44f51ce0587f/text</name>
                            <title>GET /session/:sessionId/element/227bd6bc-36c9-4a53-aa5f-44f51ce0587f/text</title>
                            <attachments/>
                            <steps>
                                <step start='1658302556018' status='undefined'>
                                    <name>GET /session/:sessionId/element/3cc8d084-5f2f-414c-9900-33d51e769a30/text</name>
                                    <title>GET /session/:sessionId/element/3cc8d084-5f2f-414c-9900-33d51e769a30/text</title>
                                    <attachments/>
                                    <steps>
                                        <step start='1658302556019' status='undefined'>
                                            <name>GET /session/:sessionId/element/52c9d38a-9392-4f21-93f1-10375838064f/text</name>
                                            <title>GET /session/:sessionId/element/52c9d38a-9392-4f21-93f1-10375838064f/text</title>
                                            <attachments/>
                                            <steps>
                                                <step start='1658302556022' status='undefined'>
                                                    <name>GET /session/:sessionId/element/c24047f6-1ba5-4f94-a4cf-6e0a4c6f4530/text</name>
                                                    <title>GET /session/:sessionId/element/c24047f6-1ba5-4f94-a4cf-6e0a4c6f4530/text</title>
                                                    <attachments/>
                                                    <steps>
                                                        <step start='1658302556023' status='undefined'>
                                                            <name>GET /session/:sessionId/element/d4351a93-16fa-43f4-a825-f04c0951b283/text</name>
                                                            <title>GET /session/:sessionId/element/d4351a93-16fa-43f4-a825-f04c0951b283/text</title>
                                                            <attachments/>
                                                            <steps/>
                                                        </step>
                                                    </steps>
                                                </step>
                                            </steps>
                                        </step>
                                    </steps>
                                </step>
                            </steps>
                        </step>
                    </steps>
                </step>
            </steps>
            <attachments/>
        </test-case>
        <test-case start='1658302556026' status='broken' stop='1658302556026'>
            <name>And the user clicks on "Add"</name>
            <title>And the user clicks on "Add"</title>
            <labels>
                <label name='language' value='javascript'/>
                <label name='framework' value='wdio'/>
                <label name='thread' value='0-0'/>
            </labels>
            <parameters>
                <parameter kind='argument' name='browser' value='chrome-103.0.5060.114'/>
            </parameters>
            <steps/>
            <attachments/>
            <failure>
                <message>Step "the user clicks on "Add"" is not defined. You can ignore this error by setting cucumberOpts.ignoreUndefinedDefinitions as true.</message>
                <stack-trace>Step "the user clicks on "Add"" is not defined. You can ignore this error by setting cucumberOpts.ignoreUndefinedDefinitions as true.
                	at Feature(D:\Task\Weather_Shopper_task\features\Product_prchase\Purchase_moisturiser.feature):1:1
                	at Scenario(Add two moisturizers to the cart that meet specific criteria):5:3
                	at Step(the user clicks on "Add"):10:5
                </stack-trace>
            </failure>
        </test-case>
        <test-case start='1658302556027' status='broken' stop='1658302556027'>
            <name>Then the value of cart should be incremented</name>
            <title>Then the value of cart should be incremented</title>
            <labels>
                <label name='language' value='javascript'/>
                <label name='framework' value='wdio'/>
                <label name='thread' value='0-0'/>
            </labels>
            <parameters>
                <parameter kind='argument' name='browser' value='chrome-103.0.5060.114'/>
            </parameters>
            <steps/>
            <attachments/>
            <failure>
                <message>Step "the value of cart should be incremented" is not defined. You can ignore this error by setting cucumberOpts.ignoreUndefinedDefinitions as true.</message>
                <stack-trace>Step "the value of cart should be incremented" is not defined. You can ignore this error by setting cucumberOpts.ignoreUndefinedDefinitions as true.
                	at Feature(D:\Task\Weather_Shopper_task\features\Product_prchase\Purchase_moisturiser.feature):1:1
                	at Scenario(Add two moisturizers to the cart that meet specific criteria):5:3
                	at Step(the value of cart should be incremented):12:5
                </stack-trace>
            </failure>
        </test-case>
        <test-case start='1658302556027' status='passed' stop='1658302556028'>
            <name></name>
            <title></title>
            <labels>
                <label name='language' value='javascript'/>
                <label name='framework' value='wdio'/>
                <label name='thread' value='0-0'/>
            </labels>
            <parameters>
                <parameter kind='argument' name='browser' value='chrome-103.0.5060.114'/>
            </parameters>
            <steps/>
            <attachments/>
        </test-case>
    </test-cases>
</ns2:test-suite>