<?xml version='1.0'?>
<ns2:test-suite xmlns:ns2='urn:model.allure.qatools.yandex.ru' start='1658322531581' stop='1658322533779'>
    <name>Adding moisturisers to the cart: Add two moisturizers to the cart that meet specific criteria</name>
    <title>Adding moisturisers to the cart: Add two moisturizers to the cart that meet specific criteria</title>
    <test-cases>
        <test-case start='1658322531581' status='passed' stop='1658322531582'>
            <name></name>
            <title></title>
            <labels>
                <label name='language' value='javascript'/>
                <label name='framework' value='wdio'/>
                <label name='thread' value='0-0'/>
            </labels>
            <parameters>
                <parameter kind='argument' name='browser' value='chrome-103.0.5060.114'/>
            </parameters>
            <steps/>
            <attachments/>
        </test-case>
        <test-case start='1658322531582' status='passed' stop='1658322533616'>
            <name>Given the browser is at the "Moisturizers" page</name>
            <title>Given the browser is at the "Moisturizers" page</title>
            <labels>
                <label name='language' value='javascript'/>
                <label name='framework' value='wdio'/>
                <label name='thread' value='0-0'/>
            </labels>
            <parameters>
                <parameter kind='argument' name='browser' value='chrome-103.0.5060.114'/>
            </parameters>
            <steps>
                <step start='1658322531584' status='passed' stop='1658322533614'>
                    <name>POST /session/:sessionId/url</name>
                    <title>POST /session/:sessionId/url</title>
                    <attachments>
                        <attachment title='Request' source='25c1321f-fc2e-4afb-93a1-f4bac2e3793c-attachment.json' type='application/json' size='68'/>
                    </attachments>
                    <steps/>
                </step>
            </steps>
            <attachments/>
        </test-case>
        <test-case start='1658322533616' status='passed' stop='1658322533773'>
            <name>When the moisturizer is least expensive and contains "Aloe" in the name</name>
            <title>When the moisturizer is least expensive and contains "Aloe" in the name</title>
            <labels>
                <label name='language' value='javascript'/>
                <label name='framework' value='wdio'/>
                <label name='thread' value='0-0'/>
            </labels>
            <parameters>
                <parameter kind='argument' name='browser' value='chrome-103.0.5060.114'/>
            </parameters>
            <steps>
                <step start='1658322533620' status='passed' stop='1658322533644'>
                    <name>POST /session/:sessionId/elements</name>
                    <title>POST /session/:sessionId/elements</title>
                    <attachments>
                        <attachment title='Request' source='511566e4-cb40-4114-984d-8b684468cb7a-attachment.json' type='application/json' size='116'/>
                        <attachment title='Response' source='1b51454d-7ae0-4a90-b78c-a1fa7ae2afef-attachment.json' type='application/json' size='184'/>
                    </attachments>
                    <steps/>
                </step>
                <step start='1658322533659' status='passed' stop='1658322533681'>
                    <name>POST /session/:sessionId/elements</name>
                    <title>POST /session/:sessionId/elements</title>
                    <attachments>
                        <attachment title='Request' source='7fc643b5-17a5-4ac7-af99-4f346c7c1c8d-attachment.json' type='application/json' size='95'/>
                        <attachment title='Response' source='3370bb03-b5bd-4903-ab45-18cc13f83f6b-attachment.json' type='application/json' size='548'/>
                    </attachments>
                    <steps/>
                </step>
                <step start='1658322533698' status='passed' stop='1658322533716'>
                    <name>GET /session/:sessionId/element/a681660e-92a0-42fc-9b94-1b7c9a6c5a5d/text</name>
                    <title>GET /session/:sessionId/element/a681660e-92a0-42fc-9b94-1b7c9a6c5a5d/text</title>
                    <attachments>
                        <attachment title='Response' source='3c5ab518-a8c2-441a-9977-c1ca66f5a413-attachment.json' type='application/json' size='12'/>
                    </attachments>
                    <steps/>
                </step>
                <step start='1658322533717' status='passed' stop='1658322533743'>
                    <name>GET /session/:sessionId/element/370b341d-c8bd-4aac-970c-498c2b00eb26/text</name>
                    <title>GET /session/:sessionId/element/370b341d-c8bd-4aac-970c-498c2b00eb26/text</title>
                    <attachments>
                        <attachment title='Response' source='948693c4-99cc-4214-87d3-c1a76d870b11-attachment.json' type='application/json' size='12'/>
                    </attachments>
                    <steps/>
                </step>
                <step start='1658322533743' status='passed' stop='1658322533758'>
                    <name>GET /session/:sessionId/element/a681660e-92a0-42fc-9b94-1b7c9a6c5a5d/text</name>
                    <title>GET /session/:sessionId/element/a681660e-92a0-42fc-9b94-1b7c9a6c5a5d/text</title>
                    <attachments>
                        <attachment title='Response' source='600253b6-0ad4-4ec3-8522-41e5e1651c96-attachment.json' type='application/json' size='12'/>
                    </attachments>
                    <steps/>
                </step>
                <step start='1658322533759' status='passed' stop='1658322533772'>
                    <name>GET /session/:sessionId/element/370b341d-c8bd-4aac-970c-498c2b00eb26/text</name>
                    <title>GET /session/:sessionId/element/370b341d-c8bd-4aac-970c-498c2b00eb26/text</title>
                    <attachments>
                        <attachment title='Response' source='bedb4d31-3bdd-43bd-9648-7312838fd295-attachment.json' type='application/json' size='12'/>
                    </attachments>
                    <steps/>
                </step>
            </steps>
            <attachments/>
        </test-case>
        <test-case start='1658322533773' status='broken' stop='1658322533775'>
            <name>And the user clicks on "Add"</name>
            <title>And the user clicks on "Add"</title>
            <labels>
                <label name='language' value='javascript'/>
                <label name='framework' value='wdio'/>
                <label name='thread' value='0-0'/>
            </labels>
            <parameters>
                <parameter kind='argument' name='browser' value='chrome-103.0.5060.114'/>
            </parameters>
            <steps/>
            <attachments/>
            <failure>
                <message>Step "the user clicks on "Add"" is not defined. You can ignore this error by setting cucumberOpts.ignoreUndefinedDefinitions as true.</message>
                <stack-trace>Step "the user clicks on "Add"" is not defined. You can ignore this error by setting cucumberOpts.ignoreUndefinedDefinitions as true.
                	at Feature(D:\Task\Weather_Shopper_task\features\Product_prchase\Purchase_moisturiser.feature):1:1
                	at Scenario(Add two moisturizers to the cart that meet specific criteria):5:3
                	at Step(the user clicks on "Add"):10:5
                </stack-trace>
            </failure>
        </test-case>
        <test-case start='1658322533775' status='broken' stop='1658322533776'>
            <name>Then the value of cart should be incremented</name>
            <title>Then the value of cart should be incremented</title>
            <labels>
                <label name='language' value='javascript'/>
                <label name='framework' value='wdio'/>
                <label name='thread' value='0-0'/>
            </labels>
            <parameters>
                <parameter kind='argument' name='browser' value='chrome-103.0.5060.114'/>
            </parameters>
            <steps/>
            <attachments/>
            <failure>
                <message>Step "the value of cart should be incremented" is not defined. You can ignore this error by setting cucumberOpts.ignoreUndefinedDefinitions as true.</message>
                <stack-trace>Step "the value of cart should be incremented" is not defined. You can ignore this error by setting cucumberOpts.ignoreUndefinedDefinitions as true.
                	at Feature(D:\Task\Weather_Shopper_task\features\Product_prchase\Purchase_moisturiser.feature):1:1
                	at Scenario(Add two moisturizers to the cart that meet specific criteria):5:3
                	at Step(the value of cart should be incremented):12:5
                </stack-trace>
            </failure>
        </test-case>
        <test-case start='1658322533776' status='passed' stop='1658322533777'>
            <name></name>
            <title></title>
            <labels>
                <label name='language' value='javascript'/>
                <label name='framework' value='wdio'/>
                <label name='thread' value='0-0'/>
            </labels>
            <parameters>
                <parameter kind='argument' name='browser' value='chrome-103.0.5060.114'/>
            </parameters>
            <steps/>
            <attachments/>
        </test-case>
    </test-cases>
</ns2:test-suite>