<?xml version='1.0'?>
<ns2:test-suite xmlns:ns2='urn:model.allure.qatools.yandex.ru' start='1658315762446' stop='1658315764559'>
    <name>Adding moisturisers to the cart: Add two moisturizers to the cart that meet specific criteria</name>
    <title>Adding moisturisers to the cart: Add two moisturizers to the cart that meet specific criteria</title>
    <test-cases>
        <test-case start='1658315762447' status='passed' stop='1658315762449'>
            <name></name>
            <title></title>
            <labels>
                <label name='language' value='javascript'/>
                <label name='framework' value='wdio'/>
                <label name='thread' value='0-0'/>
            </labels>
            <parameters>
                <parameter kind='argument' name='browser' value='chrome-103.0.5060.114'/>
            </parameters>
            <steps/>
            <attachments/>
        </test-case>
        <test-case start='1658315762449' status='passed' stop='1658315764423'>
            <name>Given the browser is at the "Moisturizers" page</name>
            <title>Given the browser is at the "Moisturizers" page</title>
            <labels>
                <label name='language' value='javascript'/>
                <label name='framework' value='wdio'/>
                <label name='thread' value='0-0'/>
            </labels>
            <parameters>
                <parameter kind='argument' name='browser' value='chrome-103.0.5060.114'/>
            </parameters>
            <steps>
                <step start='1658315762452' status='passed' stop='1658315764422'>
                    <name>POST /session/:sessionId/url</name>
                    <title>POST /session/:sessionId/url</title>
                    <attachments>
                        <attachment title='Request' source='6a42a10d-23f3-422d-92cf-73685f6e8c4c-attachment.json' type='application/json' size='68'/>
                    </attachments>
                    <steps/>
                </step>
            </steps>
            <attachments/>
        </test-case>
        <test-case start='1658315764423' status='passed' stop='1658315764555'>
            <name>When the moisturizer is least expensive and contains "Aloe" in the name</name>
            <title>When the moisturizer is least expensive and contains "Aloe" in the name</title>
            <labels>
                <label name='language' value='javascript'/>
                <label name='framework' value='wdio'/>
                <label name='thread' value='0-0'/>
            </labels>
            <parameters>
                <parameter kind='argument' name='browser' value='chrome-103.0.5060.114'/>
            </parameters>
            <steps>
                <step start='1658315764425' status='passed' stop='1658315764441'>
                    <name>POST /session/:sessionId/elements</name>
                    <title>POST /session/:sessionId/elements</title>
                    <attachments>
                        <attachment title='Request' source='face0ff6-9d77-4f6e-9438-9cbea7afda0e-attachment.json' type='application/json' size='84'/>
                        <attachment title='Response' source='17a94de3-c873-437f-ad16-2b18eac70933-attachment.json' type='application/json' size='548'/>
                    </attachments>
                    <steps/>
                </step>
                <step start='1658315764449' status='passed' stop='1658315764463'>
                    <name>POST /session/:sessionId/elements</name>
                    <title>POST /session/:sessionId/elements</title>
                    <attachments>
                        <attachment title='Request' source='89f1401f-ee06-4382-a45a-f1d0b5f206c0-attachment.json' type='application/json' size='82'/>
                        <attachment title='Response' source='e4b8b9f3-2341-4819-88da-31a0210cabf0-attachment.json' type='application/json' size='1094'/>
                    </attachments>
                    <steps/>
                </step>
                <step start='1658315764476' status='passed' stop='1658315764489'>
                    <name>GET /session/:sessionId/element/06d2b7cc-3543-45cc-ba68-c42d965c8500/text</name>
                    <title>GET /session/:sessionId/element/06d2b7cc-3543-45cc-ba68-c42d965c8500/text</title>
                    <attachments>
                        <attachment title='Response' source='0e01ac64-2453-4cbc-a5ee-743e889d1614-attachment.json' type='application/json' size='16'/>
                    </attachments>
                    <steps/>
                </step>
                <step start='1658315764490' status='passed' stop='1658315764502'>
                    <name>GET /session/:sessionId/element/1b990e30-ee01-4092-9e32-bc083da14fe2/text</name>
                    <title>GET /session/:sessionId/element/1b990e30-ee01-4092-9e32-bc083da14fe2/text</title>
                    <attachments>
                        <attachment title='Response' source='eac632cc-0b7d-4f21-bc57-a4fa3a38265c-attachment.json' type='application/json' size='16'/>
                    </attachments>
                    <steps/>
                </step>
                <step start='1658315764503' status='passed' stop='1658315764515'>
                    <name>GET /session/:sessionId/element/d7f23a32-5456-41a4-b264-e648ba8b9f51/text</name>
                    <title>GET /session/:sessionId/element/d7f23a32-5456-41a4-b264-e648ba8b9f51/text</title>
                    <attachments>
                        <attachment title='Response' source='a055cc1f-436b-4914-94f1-a7c06312cb9e-attachment.json' type='application/json' size='16'/>
                    </attachments>
                    <steps/>
                </step>
                <step start='1658315764516' status='passed' stop='1658315764527'>
                    <name>GET /session/:sessionId/element/d216e933-1a96-463f-b2c3-f32ebbc2554d/text</name>
                    <title>GET /session/:sessionId/element/d216e933-1a96-463f-b2c3-f32ebbc2554d/text</title>
                    <attachments>
                        <attachment title='Response' source='f1d96f3f-f4f5-4053-bb42-8ec4ce7922bc-attachment.json' type='application/json' size='12'/>
                    </attachments>
                    <steps/>
                </step>
                <step start='1658315764528' status='passed' stop='1658315764540'>
                    <name>GET /session/:sessionId/element/6cd177b9-2cd9-466e-80bc-49dbf36e73a0/text</name>
                    <title>GET /session/:sessionId/element/6cd177b9-2cd9-466e-80bc-49dbf36e73a0/text</title>
                    <attachments>
                        <attachment title='Response' source='99f2c73b-a0f8-44ee-8e86-cd3f547fac3d-attachment.json' type='application/json' size='12'/>
                    </attachments>
                    <steps/>
                </step>
                <step start='1658315764541' status='passed' stop='1658315764554'>
                    <name>GET /session/:sessionId/element/cee18ca4-b155-4086-85a7-187880074f68/text</name>
                    <title>GET /session/:sessionId/element/cee18ca4-b155-4086-85a7-187880074f68/text</title>
                    <attachments>
                        <attachment title='Response' source='ee07d0ab-aa3d-46a9-ad9f-19003b8504f1-attachment.json' type='application/json' size='12'/>
                    </attachments>
                    <steps/>
                </step>
            </steps>
            <attachments/>
        </test-case>
        <test-case start='1658315764555' status='broken' stop='1658315764557'>
            <name>And the user clicks on "Add"</name>
            <title>And the user clicks on "Add"</title>
            <labels>
                <label name='language' value='javascript'/>
                <label name='framework' value='wdio'/>
                <label name='thread' value='0-0'/>
            </labels>
            <parameters>
                <parameter kind='argument' name='browser' value='chrome-103.0.5060.114'/>
            </parameters>
            <steps/>
            <attachments/>
            <failure>
                <message>Step "the user clicks on "Add"" is not defined. You can ignore this error by setting cucumberOpts.ignoreUndefinedDefinitions as true.</message>
                <stack-trace>Step "the user clicks on "Add"" is not defined. You can ignore this error by setting cucumberOpts.ignoreUndefinedDefinitions as true.
                	at Feature(D:\Task\Weather_Shopper_task\features\Product_prchase\Purchase_moisturiser.feature):1:1
                	at Scenario(Add two moisturizers to the cart that meet specific criteria):5:3
                	at Step(the user clicks on "Add"):10:5
                </stack-trace>
            </failure>
        </test-case>
        <test-case start='1658315764557' status='broken' stop='1658315764557'>
            <name>Then the value of cart should be incremented</name>
            <title>Then the value of cart should be incremented</title>
            <labels>
                <label name='language' value='javascript'/>
                <label name='framework' value='wdio'/>
                <label name='thread' value='0-0'/>
            </labels>
            <parameters>
                <parameter kind='argument' name='browser' value='chrome-103.0.5060.114'/>
            </parameters>
            <steps/>
            <attachments/>
            <failure>
                <message>Step "the value of cart should be incremented" is not defined. You can ignore this error by setting cucumberOpts.ignoreUndefinedDefinitions as true.</message>
                <stack-trace>Step "the value of cart should be incremented" is not defined. You can ignore this error by setting cucumberOpts.ignoreUndefinedDefinitions as true.
                	at Feature(D:\Task\Weather_Shopper_task\features\Product_prchase\Purchase_moisturiser.feature):1:1
                	at Scenario(Add two moisturizers to the cart that meet specific criteria):5:3
                	at Step(the value of cart should be incremented):12:5
                </stack-trace>
            </failure>
        </test-case>
        <test-case start='1658315764557' status='passed' stop='1658315764558'>
            <name></name>
            <title></title>
            <labels>
                <label name='language' value='javascript'/>
                <label name='framework' value='wdio'/>
                <label name='thread' value='0-0'/>
            </labels>
            <parameters>
                <parameter kind='argument' name='browser' value='chrome-103.0.5060.114'/>
            </parameters>
            <steps/>
            <attachments/>
        </test-case>
    </test-cases>
</ns2:test-suite>