<?xml version='1.0'?>
<ns2:test-suite xmlns:ns2='urn:model.allure.qatools.yandex.ru' start='1658304146600' stop='1658304149257'>
    <name>Adding moisturisers to the cart: Add two moisturizers to the cart that meet specific criteria</name>
    <title>Adding moisturisers to the cart: Add two moisturizers to the cart that meet specific criteria</title>
    <test-cases>
        <test-case start='1658304146601' status='passed' stop='1658304146602'>
            <name></name>
            <title></title>
            <labels>
                <label name='language' value='javascript'/>
                <label name='framework' value='wdio'/>
                <label name='thread' value='0-0'/>
            </labels>
            <parameters>
                <parameter kind='argument' name='browser' value='chrome-103.0.5060.114'/>
            </parameters>
            <steps/>
            <attachments/>
        </test-case>
        <test-case start='1658304146602' status='passed' stop='1658304149187'>
            <name>Given the browser is at the "Moisturizers" page</name>
            <title>Given the browser is at the "Moisturizers" page</title>
            <labels>
                <label name='language' value='javascript'/>
                <label name='framework' value='wdio'/>
                <label name='thread' value='0-0'/>
            </labels>
            <parameters>
                <parameter kind='argument' name='browser' value='chrome-103.0.5060.114'/>
            </parameters>
            <steps>
                <step start='1658304146603' status='passed' stop='1658304149186'>
                    <name>POST /session/:sessionId/url</name>
                    <title>POST /session/:sessionId/url</title>
                    <attachments>
                        <attachment title='Request' source='0f62d420-1887-4c26-a580-43ba76735d30-attachment.json' type='application/json' size='68'/>
                    </attachments>
                    <steps/>
                </step>
            </steps>
            <attachments/>
        </test-case>
        <test-case start='1658304149187' status='passed' stop='1658304149254'>
            <name>When the moisturizer is least expensive and contains "Aloe" in the name</name>
            <title>When the moisturizer is least expensive and contains "Aloe" in the name</title>
            <labels>
                <label name='language' value='javascript'/>
                <label name='framework' value='wdio'/>
                <label name='thread' value='0-0'/>
            </labels>
            <parameters>
                <parameter kind='argument' name='browser' value='chrome-103.0.5060.114'/>
            </parameters>
            <steps>
                <step start='1658304149189' status='passed' stop='1658304149205'>
                    <name>POST /session/:sessionId/elements</name>
                    <title>POST /session/:sessionId/elements</title>
                    <attachments>
                        <attachment title='Request' source='631a780c-90ab-49b6-a1a8-97f3e7e1722f-attachment.json' type='application/json' size='84'/>
                        <attachment title='Response' source='a780d911-5466-4c09-a29b-42d70d39487c-attachment.json' type='application/json' size='548'/>
                    </attachments>
                    <steps/>
                </step>
                <step start='1658304149214' status='passed' stop='1658304149231'>
                    <name>POST /session/:sessionId/elements</name>
                    <title>POST /session/:sessionId/elements</title>
                    <attachments>
                        <attachment title='Request' source='d29473d8-474f-4b57-b647-fc1fab2d809e-attachment.json' type='application/json' size='82'/>
                        <attachment title='Response' source='552529ce-cad6-4a3f-b8ea-13b77c4b3f51-attachment.json' type='application/json' size='1094'/>
                    </attachments>
                    <steps/>
                </step>
                <step start='1658304149243' status='undefined'>
                    <name>GET /session/:sessionId/element/4b42e518-6861-4ed3-abf0-08748bf1f036/text</name>
                    <title>GET /session/:sessionId/element/4b42e518-6861-4ed3-abf0-08748bf1f036/text</title>
                    <attachments/>
                    <steps>
                        <step start='1658304149245' status='undefined'>
                            <name>GET /session/:sessionId/element/fd483f74-f34e-472e-97fb-5cef0e970479/text</name>
                            <title>GET /session/:sessionId/element/fd483f74-f34e-472e-97fb-5cef0e970479/text</title>
                            <attachments/>
                            <steps>
                                <step start='1658304149246' status='undefined'>
                                    <name>GET /session/:sessionId/element/33daf5b5-0d70-4c08-bcc9-d7d7ccafb442/text</name>
                                    <title>GET /session/:sessionId/element/33daf5b5-0d70-4c08-bcc9-d7d7ccafb442/text</title>
                                    <attachments/>
                                    <steps>
                                        <step start='1658304149249' status='undefined'>
                                            <name>GET /session/:sessionId/element/6bd8a711-12c6-45f9-90d3-ba0e3c1487a1/text</name>
                                            <title>GET /session/:sessionId/element/6bd8a711-12c6-45f9-90d3-ba0e3c1487a1/text</title>
                                            <attachments/>
                                            <steps>
                                                <step start='1658304149251' status='undefined'>
                                                    <name>GET /session/:sessionId/element/be14d717-b42c-423c-a29a-c3db7fd73575/text</name>
                                                    <title>GET /session/:sessionId/element/be14d717-b42c-423c-a29a-c3db7fd73575/text</title>
                                                    <attachments/>
                                                    <steps>
                                                        <step start='1658304149252' status='undefined'>
                                                            <name>GET /session/:sessionId/element/10be8769-dd9a-426d-8450-fb254bf61173/text</name>
                                                            <title>GET /session/:sessionId/element/10be8769-dd9a-426d-8450-fb254bf61173/text</title>
                                                            <attachments/>
                                                            <steps/>
                                                        </step>
                                                    </steps>
                                                </step>
                                            </steps>
                                        </step>
                                    </steps>
                                </step>
                            </steps>
                        </step>
                    </steps>
                </step>
            </steps>
            <attachments/>
        </test-case>
        <test-case start='1658304149254' status='broken' stop='1658304149255'>
            <name>And the user clicks on "Add"</name>
            <title>And the user clicks on "Add"</title>
            <labels>
                <label name='language' value='javascript'/>
                <label name='framework' value='wdio'/>
                <label name='thread' value='0-0'/>
            </labels>
            <parameters>
                <parameter kind='argument' name='browser' value='chrome-103.0.5060.114'/>
            </parameters>
            <steps/>
            <attachments/>
            <failure>
                <message>Step "the user clicks on "Add"" is not defined. You can ignore this error by setting cucumberOpts.ignoreUndefinedDefinitions as true.</message>
                <stack-trace>Step "the user clicks on "Add"" is not defined. You can ignore this error by setting cucumberOpts.ignoreUndefinedDefinitions as true.
                	at Feature(D:\Task\Weather_Shopper_task\features\Product_prchase\Purchase_moisturiser.feature):1:1
                	at Scenario(Add two moisturizers to the cart that meet specific criteria):5:3
                	at Step(the user clicks on "Add"):10:5
                </stack-trace>
            </failure>
        </test-case>
        <test-case start='1658304149255' status='broken' stop='1658304149255'>
            <name>Then the value of cart should be incremented</name>
            <title>Then the value of cart should be incremented</title>
            <labels>
                <label name='language' value='javascript'/>
                <label name='framework' value='wdio'/>
                <label name='thread' value='0-0'/>
            </labels>
            <parameters>
                <parameter kind='argument' name='browser' value='chrome-103.0.5060.114'/>
            </parameters>
            <steps/>
            <attachments/>
            <failure>
                <message>Step "the value of cart should be incremented" is not defined. You can ignore this error by setting cucumberOpts.ignoreUndefinedDefinitions as true.</message>
                <stack-trace>Step "the value of cart should be incremented" is not defined. You can ignore this error by setting cucumberOpts.ignoreUndefinedDefinitions as true.
                	at Feature(D:\Task\Weather_Shopper_task\features\Product_prchase\Purchase_moisturiser.feature):1:1
                	at Scenario(Add two moisturizers to the cart that meet specific criteria):5:3
                	at Step(the value of cart should be incremented):12:5
                </stack-trace>
            </failure>
        </test-case>
        <test-case start='1658304149255' status='passed' stop='1658304149256'>
            <name></name>
            <title></title>
            <labels>
                <label name='language' value='javascript'/>
                <label name='framework' value='wdio'/>
                <label name='thread' value='0-0'/>
            </labels>
            <parameters>
                <parameter kind='argument' name='browser' value='chrome-103.0.5060.114'/>
            </parameters>
            <steps/>
            <attachments/>
        </test-case>
    </test-cases>
</ns2:test-suite>