<?xml version='1.0'?>
<ns2:test-suite xmlns:ns2='urn:model.allure.qatools.yandex.ru' start='1658304366694' stop='1658304369514'>
    <name>Adding moisturisers to the cart: Add two moisturizers to the cart that meet specific criteria</name>
    <title>Adding moisturisers to the cart: Add two moisturizers to the cart that meet specific criteria</title>
    <test-cases>
        <test-case start='1658304366694' status='passed' stop='1658304366695'>
            <name></name>
            <title></title>
            <labels>
                <label name='language' value='javascript'/>
                <label name='framework' value='wdio'/>
                <label name='thread' value='0-0'/>
            </labels>
            <parameters>
                <parameter kind='argument' name='browser' value='chrome-103.0.5060.114'/>
            </parameters>
            <steps/>
            <attachments/>
        </test-case>
        <test-case start='1658304366695' status='passed' stop='1658304369453'>
            <name>Given the browser is at the "Moisturizers" page</name>
            <title>Given the browser is at the "Moisturizers" page</title>
            <labels>
                <label name='language' value='javascript'/>
                <label name='framework' value='wdio'/>
                <label name='thread' value='0-0'/>
            </labels>
            <parameters>
                <parameter kind='argument' name='browser' value='chrome-103.0.5060.114'/>
            </parameters>
            <steps>
                <step start='1658304366697' status='passed' stop='1658304369450'>
                    <name>POST /session/:sessionId/url</name>
                    <title>POST /session/:sessionId/url</title>
                    <attachments>
                        <attachment title='Request' source='73c677df-9c36-4a7f-9b35-16959b155c07-attachment.json' type='application/json' size='68'/>
                    </attachments>
                    <steps/>
                </step>
            </steps>
            <attachments/>
        </test-case>
        <test-case start='1658304369453' status='broken' stop='1658304369512'>
            <name>When the moisturizer is least expensive and contains "Aloe" in the name</name>
            <title>When the moisturizer is least expensive and contains "Aloe" in the name</title>
            <labels>
                <label name='language' value='javascript'/>
                <label name='framework' value='wdio'/>
                <label name='thread' value='0-0'/>
            </labels>
            <parameters>
                <parameter kind='argument' name='browser' value='chrome-103.0.5060.114'/>
            </parameters>
            <steps>
                <step start='1658304369455' status='passed' stop='1658304369470'>
                    <name>POST /session/:sessionId/elements</name>
                    <title>POST /session/:sessionId/elements</title>
                    <attachments>
                        <attachment title='Request' source='62081752-e988-4340-9590-f6cf543cfde8-attachment.json' type='application/json' size='84'/>
                        <attachment title='Response' source='5b5fe7c4-0a9e-4655-924e-f6a46dd1231d-attachment.json' type='application/json' size='548'/>
                    </attachments>
                    <steps/>
                </step>
                <step start='1658304369478' status='passed' stop='1658304369494'>
                    <name>POST /session/:sessionId/elements</name>
                    <title>POST /session/:sessionId/elements</title>
                    <attachments>
                        <attachment title='Request' source='47a71931-a9e3-4972-bb32-660c685e290c-attachment.json' type='application/json' size='82'/>
                        <attachment title='Response' source='00fe279b-22d3-4226-961d-1c39d4b02d92-attachment.json' type='application/json' size='1094'/>
                    </attachments>
                    <steps/>
                </step>
            </steps>
            <attachments/>
            <failure>
                <message>TypeError: list_of_moisturisers.getText is not a function</message>
                <stack-trace>TypeError: list_of_moisturisers.getText is not a function
                    at World.&lt;anonymous> (D:\Task\Weather_Shopper_task\Step-Defs\Home_page_step-defs\/Product_purchase_defs.js:72:53)
                    at processTicksAndRejections (node:internal/process/task_queues:96:5)</stack-trace>
            </failure>
        </test-case>
        <test-case start='1658304369512' status='broken' stop='1658304369512'>
            <name>And the user clicks on "Add"</name>
            <title>And the user clicks on "Add"</title>
            <labels>
                <label name='language' value='javascript'/>
                <label name='framework' value='wdio'/>
                <label name='thread' value='0-0'/>
            </labels>
            <parameters>
                <parameter kind='argument' name='browser' value='chrome-103.0.5060.114'/>
            </parameters>
            <steps/>
            <attachments/>
            <failure>
                <message>Step "the user clicks on "Add"" is not defined. You can ignore this error by setting cucumberOpts.ignoreUndefinedDefinitions as true.</message>
                <stack-trace>Step "the user clicks on "Add"" is not defined. You can ignore this error by setting cucumberOpts.ignoreUndefinedDefinitions as true.
                	at Feature(D:\Task\Weather_Shopper_task\features\Product_prchase\Purchase_moisturiser.feature):1:1
                	at Scenario(Add two moisturizers to the cart that meet specific criteria):5:3
                	at Step(the user clicks on "Add"):10:5
                </stack-trace>
            </failure>
        </test-case>
        <test-case start='1658304369512' status='broken' stop='1658304369512'>
            <name>Then the value of cart should be incremented</name>
            <title>Then the value of cart should be incremented</title>
            <labels>
                <label name='language' value='javascript'/>
                <label name='framework' value='wdio'/>
                <label name='thread' value='0-0'/>
            </labels>
            <parameters>
                <parameter kind='argument' name='browser' value='chrome-103.0.5060.114'/>
            </parameters>
            <steps/>
            <attachments/>
            <failure>
                <message>Step "the value of cart should be incremented" is not defined. You can ignore this error by setting cucumberOpts.ignoreUndefinedDefinitions as true.</message>
                <stack-trace>Step "the value of cart should be incremented" is not defined. You can ignore this error by setting cucumberOpts.ignoreUndefinedDefinitions as true.
                	at Feature(D:\Task\Weather_Shopper_task\features\Product_prchase\Purchase_moisturiser.feature):1:1
                	at Scenario(Add two moisturizers to the cart that meet specific criteria):5:3
                	at Step(the value of cart should be incremented):12:5
                </stack-trace>
            </failure>
        </test-case>
        <test-case start='1658304369512' status='passed' stop='1658304369513'>
            <name></name>
            <title></title>
            <labels>
                <label name='language' value='javascript'/>
                <label name='framework' value='wdio'/>
                <label name='thread' value='0-0'/>
            </labels>
            <parameters>
                <parameter kind='argument' name='browser' value='chrome-103.0.5060.114'/>
            </parameters>
            <steps/>
            <attachments/>
        </test-case>
    </test-cases>
</ns2:test-suite>