<?xml version='1.0'?>
<ns2:test-suite xmlns:ns2='urn:model.allure.qatools.yandex.ru' start='1658320876751' stop='1658320878896'>
    <name>Adding moisturisers to the cart: Add two moisturizers to the cart that meet specific criteria</name>
    <title>Adding moisturisers to the cart: Add two moisturizers to the cart that meet specific criteria</title>
    <test-cases>
        <test-case start='1658320876752' status='passed' stop='1658320876753'>
            <name></name>
            <title></title>
            <labels>
                <label name='language' value='javascript'/>
                <label name='framework' value='wdio'/>
                <label name='thread' value='0-0'/>
            </labels>
            <parameters>
                <parameter kind='argument' name='browser' value='chrome-103.0.5060.114'/>
            </parameters>
            <steps/>
            <attachments/>
        </test-case>
        <test-case start='1658320876753' status='passed' stop='1658320878768'>
            <name>Given the browser is at the "Moisturizers" page</name>
            <title>Given the browser is at the "Moisturizers" page</title>
            <labels>
                <label name='language' value='javascript'/>
                <label name='framework' value='wdio'/>
                <label name='thread' value='0-0'/>
            </labels>
            <parameters>
                <parameter kind='argument' name='browser' value='chrome-103.0.5060.114'/>
            </parameters>
            <steps>
                <step start='1658320876754' status='passed' stop='1658320878766'>
                    <name>POST /session/:sessionId/url</name>
                    <title>POST /session/:sessionId/url</title>
                    <attachments>
                        <attachment title='Request' source='4e36faa0-3221-4d4b-b9bd-b2f4026c4ed3-attachment.json' type='application/json' size='68'/>
                    </attachments>
                    <steps/>
                </step>
            </steps>
            <attachments/>
        </test-case>
        <test-case start='1658320878768' status='passed' stop='1658320878893'>
            <name>When the moisturizer is least expensive and contains "Aloe" in the name</name>
            <title>When the moisturizer is least expensive and contains "Aloe" in the name</title>
            <labels>
                <label name='language' value='javascript'/>
                <label name='framework' value='wdio'/>
                <label name='thread' value='0-0'/>
            </labels>
            <parameters>
                <parameter kind='argument' name='browser' value='chrome-103.0.5060.114'/>
            </parameters>
            <steps>
                <step start='1658320878769' status='passed' stop='1658320878787'>
                    <name>POST /session/:sessionId/elements</name>
                    <title>POST /session/:sessionId/elements</title>
                    <attachments>
                        <attachment title='Request' source='a295511d-6648-4cf9-93af-77f42e12145f-attachment.json' type='application/json' size='116'/>
                        <attachment title='Response' source='2fd1d456-f8c4-4ad9-91c1-bfe8329d8a38-attachment.json' type='application/json' size='366'/>
                    </attachments>
                    <steps/>
                </step>
                <step start='1658320878792' status='passed' stop='1658320878808'>
                    <name>POST /session/:sessionId/elements</name>
                    <title>POST /session/:sessionId/elements</title>
                    <attachments>
                        <attachment title='Request' source='16f4dacb-3698-4d43-9719-e5104d5cf14f-attachment.json' type='application/json' size='95'/>
                        <attachment title='Response' source='0702dede-040b-41fe-babb-3124fd6735bd-attachment.json' type='application/json' size='548'/>
                    </attachments>
                    <steps/>
                </step>
                <step start='1658320878815' status='passed' stop='1658320878852'>
                    <name>GET /session/:sessionId/element/1a929861-b386-49cf-a2ef-d55c49f5f414/text</name>
                    <title>GET /session/:sessionId/element/1a929861-b386-49cf-a2ef-d55c49f5f414/text</title>
                    <attachments>
                        <attachment title='Response' source='edcd022b-69b0-48b4-bade-96bb7682ddea-attachment.json' type='application/json' size='16'/>
                    </attachments>
                    <steps/>
                </step>
                <step start='1658320878853' status='passed' stop='1658320878865'>
                    <name>GET /session/:sessionId/element/d567bb95-dc86-40f1-bf1b-54320e512557/text</name>
                    <title>GET /session/:sessionId/element/d567bb95-dc86-40f1-bf1b-54320e512557/text</title>
                    <attachments>
                        <attachment title='Response' source='21ccdb6b-3081-45cb-82eb-396268cbbc0a-attachment.json' type='application/json' size='16'/>
                    </attachments>
                    <steps/>
                </step>
                <step start='1658320878866' status='passed' stop='1658320878881'>
                    <name>GET /session/:sessionId/element/d1d845a9-521d-4dd0-a1f7-2e21553ef5de/text</name>
                    <title>GET /session/:sessionId/element/d1d845a9-521d-4dd0-a1f7-2e21553ef5de/text</title>
                    <attachments>
                        <attachment title='Response' source='445067ae-6c36-441b-9064-5b4cf97a697d-attachment.json' type='application/json' size='16'/>
                    </attachments>
                    <steps/>
                </step>
                <step start='1658320878882' status='passed' stop='1658320878892'>
                    <name>GET /session/:sessionId/element/efab290b-b015-45bd-a2fe-f6751d4ce4db/text</name>
                    <title>GET /session/:sessionId/element/efab290b-b015-45bd-a2fe-f6751d4ce4db/text</title>
                    <attachments>
                        <attachment title='Response' source='6f14675e-439e-42f3-96c5-a200fa2e1cc3-attachment.json' type='application/json' size='12'/>
                    </attachments>
                    <steps/>
                </step>
            </steps>
            <attachments/>
        </test-case>
        <test-case start='1658320878893' status='broken' stop='1658320878894'>
            <name>And the user clicks on "Add"</name>
            <title>And the user clicks on "Add"</title>
            <labels>
                <label name='language' value='javascript'/>
                <label name='framework' value='wdio'/>
                <label name='thread' value='0-0'/>
            </labels>
            <parameters>
                <parameter kind='argument' name='browser' value='chrome-103.0.5060.114'/>
            </parameters>
            <steps/>
            <attachments/>
            <failure>
                <message>Step "the user clicks on "Add"" is not defined. You can ignore this error by setting cucumberOpts.ignoreUndefinedDefinitions as true.</message>
                <stack-trace>Step "the user clicks on "Add"" is not defined. You can ignore this error by setting cucumberOpts.ignoreUndefinedDefinitions as true.
                	at Feature(D:\Task\Weather_Shopper_task\features\Product_prchase\Purchase_moisturiser.feature):1:1
                	at Scenario(Add two moisturizers to the cart that meet specific criteria):5:3
                	at Step(the user clicks on "Add"):10:5
                </stack-trace>
            </failure>
        </test-case>
        <test-case start='1658320878894' status='broken' stop='1658320878894'>
            <name>Then the value of cart should be incremented</name>
            <title>Then the value of cart should be incremented</title>
            <labels>
                <label name='language' value='javascript'/>
                <label name='framework' value='wdio'/>
                <label name='thread' value='0-0'/>
            </labels>
            <parameters>
                <parameter kind='argument' name='browser' value='chrome-103.0.5060.114'/>
            </parameters>
            <steps/>
            <attachments/>
            <failure>
                <message>Step "the value of cart should be incremented" is not defined. You can ignore this error by setting cucumberOpts.ignoreUndefinedDefinitions as true.</message>
                <stack-trace>Step "the value of cart should be incremented" is not defined. You can ignore this error by setting cucumberOpts.ignoreUndefinedDefinitions as true.
                	at Feature(D:\Task\Weather_Shopper_task\features\Product_prchase\Purchase_moisturiser.feature):1:1
                	at Scenario(Add two moisturizers to the cart that meet specific criteria):5:3
                	at Step(the value of cart should be incremented):12:5
                </stack-trace>
            </failure>
        </test-case>
        <test-case start='1658320878895' status='passed' stop='1658320878895'>
            <name></name>
            <title></title>
            <labels>
                <label name='language' value='javascript'/>
                <label name='framework' value='wdio'/>
                <label name='thread' value='0-0'/>
            </labels>
            <parameters>
                <parameter kind='argument' name='browser' value='chrome-103.0.5060.114'/>
            </parameters>
            <steps/>
            <attachments/>
        </test-case>
    </test-cases>
</ns2:test-suite>