<?xml version='1.0'?>
<ns2:test-suite xmlns:ns2='urn:model.allure.qatools.yandex.ru' start='1658304488514' stop='1658304491127'>
    <name>Adding moisturisers to the cart: Add two moisturizers to the cart that meet specific criteria</name>
    <title>Adding moisturisers to the cart: Add two moisturizers to the cart that meet specific criteria</title>
    <test-cases>
        <test-case start='1658304488515' status='passed' stop='1658304488516'>
            <name></name>
            <title></title>
            <labels>
                <label name='language' value='javascript'/>
                <label name='framework' value='wdio'/>
                <label name='thread' value='0-0'/>
            </labels>
            <parameters>
                <parameter kind='argument' name='browser' value='chrome-103.0.5060.114'/>
            </parameters>
            <steps/>
            <attachments/>
        </test-case>
        <test-case start='1658304488517' status='passed' stop='1658304490970'>
            <name>Given the browser is at the "Moisturizers" page</name>
            <title>Given the browser is at the "Moisturizers" page</title>
            <labels>
                <label name='language' value='javascript'/>
                <label name='framework' value='wdio'/>
                <label name='thread' value='0-0'/>
            </labels>
            <parameters>
                <parameter kind='argument' name='browser' value='chrome-103.0.5060.114'/>
            </parameters>
            <steps>
                <step start='1658304488518' status='passed' stop='1658304490969'>
                    <name>POST /session/:sessionId/url</name>
                    <title>POST /session/:sessionId/url</title>
                    <attachments>
                        <attachment title='Request' source='f2da2dac-df21-4cb5-bddd-be91e8300bc5-attachment.json' type='application/json' size='68'/>
                    </attachments>
                    <steps/>
                </step>
            </steps>
            <attachments/>
        </test-case>
        <test-case start='1658304490970' status='passed' stop='1658304491124'>
            <name>When the moisturizer is least expensive and contains "Aloe" in the name</name>
            <title>When the moisturizer is least expensive and contains "Aloe" in the name</title>
            <labels>
                <label name='language' value='javascript'/>
                <label name='framework' value='wdio'/>
                <label name='thread' value='0-0'/>
            </labels>
            <parameters>
                <parameter kind='argument' name='browser' value='chrome-103.0.5060.114'/>
            </parameters>
            <steps>
                <step start='1658304490971' status='passed' stop='1658304490989'>
                    <name>POST /session/:sessionId/elements</name>
                    <title>POST /session/:sessionId/elements</title>
                    <attachments>
                        <attachment title='Request' source='5e2cd1af-6d0b-4084-84d8-7c614a672d13-attachment.json' type='application/json' size='84'/>
                        <attachment title='Response' source='5b2383a9-3d81-4a13-a3f8-9c84a789d9a7-attachment.json' type='application/json' size='548'/>
                    </attachments>
                    <steps/>
                </step>
                <step start='1658304490997' status='passed' stop='1658304491011'>
                    <name>POST /session/:sessionId/elements</name>
                    <title>POST /session/:sessionId/elements</title>
                    <attachments>
                        <attachment title='Request' source='09617d57-2532-4c55-911f-d6a2934dffe7-attachment.json' type='application/json' size='82'/>
                        <attachment title='Response' source='ad79de5f-723e-4e2c-a16d-9d9d71b9c447-attachment.json' type='application/json' size='1094'/>
                    </attachments>
                    <steps/>
                </step>
                <step start='1658304491024' status='passed' stop='1658304491038'>
                    <name>GET /session/:sessionId/element/2b91d648-ec0e-49a7-9eef-28d8cbde7604/text</name>
                    <title>GET /session/:sessionId/element/2b91d648-ec0e-49a7-9eef-28d8cbde7604/text</title>
                    <attachments>
                        <attachment title='Response' source='2c8e10a6-f544-4e67-8880-b2f5ff115aba-attachment.json' type='application/json' size='16'/>
                    </attachments>
                    <steps/>
                </step>
                <step start='1658304491038' status='passed' stop='1658304491050'>
                    <name>GET /session/:sessionId/element/2f32926c-bf57-46ee-9683-044de22f1604/text</name>
                    <title>GET /session/:sessionId/element/2f32926c-bf57-46ee-9683-044de22f1604/text</title>
                    <attachments>
                        <attachment title='Response' source='d3683473-d5f6-44b0-80b1-3cc4ef6467e4-attachment.json' type='application/json' size='16'/>
                    </attachments>
                    <steps/>
                </step>
                <step start='1658304491050' status='passed' stop='1658304491063'>
                    <name>GET /session/:sessionId/element/82cf232d-e30e-47e3-9033-c4ce272cc0f4/text</name>
                    <title>GET /session/:sessionId/element/82cf232d-e30e-47e3-9033-c4ce272cc0f4/text</title>
                    <attachments>
                        <attachment title='Response' source='c38ae9e4-7aa3-4099-8f12-f73745acc03e-attachment.json' type='application/json' size='16'/>
                    </attachments>
                    <steps/>
                </step>
                <step start='1658304491064' status='passed' stop='1658304491075'>
                    <name>GET /session/:sessionId/element/9658b26e-4e58-450b-9c02-3140205d7d99/text</name>
                    <title>GET /session/:sessionId/element/9658b26e-4e58-450b-9c02-3140205d7d99/text</title>
                    <attachments>
                        <attachment title='Response' source='64abd659-a3b8-4d34-9336-40366d68e9e0-attachment.json' type='application/json' size='12'/>
                    </attachments>
                    <steps/>
                </step>
                <step start='1658304491075' status='passed' stop='1658304491111'>
                    <name>GET /session/:sessionId/element/f03b697a-254d-4596-8513-b124aa04869b/text</name>
                    <title>GET /session/:sessionId/element/f03b697a-254d-4596-8513-b124aa04869b/text</title>
                    <attachments>
                        <attachment title='Response' source='d0baf3bc-86cf-4ecd-85e5-f9dc6d46fd43-attachment.json' type='application/json' size='12'/>
                    </attachments>
                    <steps/>
                </step>
                <step start='1658304491112' status='passed' stop='1658304491124'>
                    <name>GET /session/:sessionId/element/81dca178-68a9-4842-b8a9-ded232682ab1/text</name>
                    <title>GET /session/:sessionId/element/81dca178-68a9-4842-b8a9-ded232682ab1/text</title>
                    <attachments>
                        <attachment title='Response' source='ec584780-81b5-4619-8c40-44bff346b2dc-attachment.json' type='application/json' size='12'/>
                    </attachments>
                    <steps/>
                </step>
            </steps>
            <attachments/>
        </test-case>
        <test-case start='1658304491124' status='broken' stop='1658304491125'>
            <name>And the user clicks on "Add"</name>
            <title>And the user clicks on "Add"</title>
            <labels>
                <label name='language' value='javascript'/>
                <label name='framework' value='wdio'/>
                <label name='thread' value='0-0'/>
            </labels>
            <parameters>
                <parameter kind='argument' name='browser' value='chrome-103.0.5060.114'/>
            </parameters>
            <steps/>
            <attachments/>
            <failure>
                <message>Step "the user clicks on "Add"" is not defined. You can ignore this error by setting cucumberOpts.ignoreUndefinedDefinitions as true.</message>
                <stack-trace>Step "the user clicks on "Add"" is not defined. You can ignore this error by setting cucumberOpts.ignoreUndefinedDefinitions as true.
                	at Feature(D:\Task\Weather_Shopper_task\features\Product_prchase\Purchase_moisturiser.feature):1:1
                	at Scenario(Add two moisturizers to the cart that meet specific criteria):5:3
                	at Step(the user clicks on "Add"):10:5
                </stack-trace>
            </failure>
        </test-case>
        <test-case start='1658304491125' status='broken' stop='1658304491126'>
            <name>Then the value of cart should be incremented</name>
            <title>Then the value of cart should be incremented</title>
            <labels>
                <label name='language' value='javascript'/>
                <label name='framework' value='wdio'/>
                <label name='thread' value='0-0'/>
            </labels>
            <parameters>
                <parameter kind='argument' name='browser' value='chrome-103.0.5060.114'/>
            </parameters>
            <steps/>
            <attachments/>
            <failure>
                <message>Step "the value of cart should be incremented" is not defined. You can ignore this error by setting cucumberOpts.ignoreUndefinedDefinitions as true.</message>
                <stack-trace>Step "the value of cart should be incremented" is not defined. You can ignore this error by setting cucumberOpts.ignoreUndefinedDefinitions as true.
                	at Feature(D:\Task\Weather_Shopper_task\features\Product_prchase\Purchase_moisturiser.feature):1:1
                	at Scenario(Add two moisturizers to the cart that meet specific criteria):5:3
                	at Step(the value of cart should be incremented):12:5
                </stack-trace>
            </failure>
        </test-case>
        <test-case start='1658304491126' status='passed' stop='1658304491126'>
            <name></name>
            <title></title>
            <labels>
                <label name='language' value='javascript'/>
                <label name='framework' value='wdio'/>
                <label name='thread' value='0-0'/>
            </labels>
            <parameters>
                <parameter kind='argument' name='browser' value='chrome-103.0.5060.114'/>
            </parameters>
            <steps/>
            <attachments/>
        </test-case>
    </test-cases>
</ns2:test-suite>