<?xml version='1.0'?>
<ns2:test-suite xmlns:ns2='urn:model.allure.qatools.yandex.ru' start='1658210389187' stop='1658210389721'>
    <name>Product Selection: User will Shop for moisturizers if the weather is below 19 degrees while Shops for suncreens if the weather is above 34 degrees.</name>
    <title>Product Selection: User will Shop for moisturizers if the weather is below 19 degrees while Shops for suncreens if the weather is above 34 degrees.</title>
    <test-cases>
        <test-case start='1658210389187' status='passed' stop='1658210389189'>
            <name></name>
            <title></title>
            <labels>
                <label name='language' value='javascript'/>
                <label name='framework' value='wdio'/>
                <label name='thread' value='0-1'/>
            </labels>
            <parameters>
                <parameter kind='argument' name='browser' value='chrome-103.0.5060.114'/>
            </parameters>
            <steps/>
            <attachments/>
        </test-case>
        <test-case start='1658210389190' status='passed' stop='1658210389717'>
            <name>Given I am on the login page</name>
            <title>Given I am on the login page</title>
            <labels>
                <label name='language' value='javascript'/>
                <label name='framework' value='wdio'/>
                <label name='thread' value='0-1'/>
            </labels>
            <parameters>
                <parameter kind='argument' name='browser' value='chrome-103.0.5060.114'/>
            </parameters>
            <steps>
                <step start='1658210389192' status='passed' stop='1658210389716'>
                    <name>POST /session/:sessionId/url</name>
                    <title>POST /session/:sessionId/url</title>
                    <attachments>
                        <attachment title='Request' source='1320aae5-1c76-4a2c-b5c8-f1defb82a0a5-attachment.json' type='application/json' size='56'/>
                    </attachments>
                    <steps/>
                </step>
            </steps>
            <attachments/>
        </test-case>
        <test-case start='1658210389717' status='broken' stop='1658210389718'>
            <name>And the value of temperature is greater than 34 degrees</name>
            <title>And the value of temperature is greater than 34 degrees</title>
            <labels>
                <label name='language' value='javascript'/>
                <label name='framework' value='wdio'/>
                <label name='thread' value='0-1'/>
            </labels>
            <parameters>
                <parameter kind='argument' name='browser' value='chrome-103.0.5060.114'/>
            </parameters>
            <steps/>
            <attachments/>
            <failure>
                <message>Step "the value of temperature is greater than 34 degrees" is not defined. You can ignore this error by setting cucumberOpts.ignoreUndefinedDefinitions as true.</message>
                <stack-trace>Step "the value of temperature is greater than 34 degrees" is not defined. You can ignore this error by setting cucumberOpts.ignoreUndefinedDefinitions as true.
                	at Feature(D:\Task\Weather_Shopper_task\features\HomePage\login.feature):1:1
                	at Scenario(User will Shop for moisturizers if the weather is below 19 degrees while Shops for suncreens if the weather is above 34 degrees.):6:3
                	at Step(the value of temperature is &lt;temperatureOptions>):9:5
                </stack-trace>
            </failure>
        </test-case>
        <test-case start='1658210389718' status='broken' stop='1658210389719'>
            <name>When the user clicks on Buy sunscreens</name>
            <title>When the user clicks on Buy sunscreens</title>
            <labels>
                <label name='language' value='javascript'/>
                <label name='framework' value='wdio'/>
                <label name='thread' value='0-1'/>
            </labels>
            <parameters>
                <parameter kind='argument' name='browser' value='chrome-103.0.5060.114'/>
            </parameters>
            <steps/>
            <attachments/>
            <failure>
                <message>Step "the user clicks on Buy sunscreens" is not defined. You can ignore this error by setting cucumberOpts.ignoreUndefinedDefinitions as true.</message>
                <stack-trace>Step "the user clicks on Buy sunscreens" is not defined. You can ignore this error by setting cucumberOpts.ignoreUndefinedDefinitions as true.
                	at Feature(D:\Task\Weather_Shopper_task\features\HomePage\login.feature):1:1
                	at Scenario(User will Shop for moisturizers if the weather is below 19 degrees while Shops for suncreens if the weather is above 34 degrees.):6:3
                	at Step(the user clicks on &lt;buyButton>):11:5
                </stack-trace>
            </failure>
        </test-case>
        <test-case start='1658210389719' status='broken' stop='1658210389720'>
            <name>Then the title of the page should be Sunscreens</name>
            <title>Then the title of the page should be Sunscreens</title>
            <labels>
                <label name='language' value='javascript'/>
                <label name='framework' value='wdio'/>
                <label name='thread' value='0-1'/>
            </labels>
            <parameters>
                <parameter kind='argument' name='browser' value='chrome-103.0.5060.114'/>
            </parameters>
            <steps/>
            <attachments/>
            <failure>
                <message>Step "the title of the page should be Sunscreens" is not defined. You can ignore this error by setting cucumberOpts.ignoreUndefinedDefinitions as true.</message>
                <stack-trace>Step "the title of the page should be Sunscreens" is not defined. You can ignore this error by setting cucumberOpts.ignoreUndefinedDefinitions as true.
                	at Feature(D:\Task\Weather_Shopper_task\features\HomePage\login.feature):1:1
                	at Scenario(User will Shop for moisturizers if the weather is below 19 degrees while Shops for suncreens if the weather is above 34 degrees.):6:3
                	at Step(the title of the page should be &lt;product>):12:5
                </stack-trace>
            </failure>
        </test-case>
        <test-case start='1658210389720' status='passed' stop='1658210389721'>
            <name></name>
            <title></title>
            <labels>
                <label name='language' value='javascript'/>
                <label name='framework' value='wdio'/>
                <label name='thread' value='0-1'/>
            </labels>
            <parameters>
                <parameter kind='argument' name='browser' value='chrome-103.0.5060.114'/>
            </parameters>
            <steps/>
            <attachments/>
        </test-case>
    </test-cases>
</ns2:test-suite>