<?xml version='1.0'?>
<ns2:test-suite xmlns:ns2='urn:model.allure.qatools.yandex.ru' start='1658222257147' stop='1658222258007'>
    <name>Product Selection: User will Shop for moisturizers if the weather is below 19 degrees while Shops for suncreens if the weather is above 34 degrees.</name>
    <title>Product Selection: User will Shop for moisturizers if the weather is below 19 degrees while Shops for suncreens if the weather is above 34 degrees.</title>
    <test-cases>
        <test-case start='1658222257147' status='passed' stop='1658222257147'>
            <name></name>
            <title></title>
            <labels>
                <label name='language' value='javascript'/>
                <label name='framework' value='wdio'/>
                <label name='thread' value='0-0'/>
            </labels>
            <parameters>
                <parameter kind='argument' name='browser' value='chrome-103.0.5060.114'/>
            </parameters>
            <steps/>
            <attachments/>
        </test-case>
        <test-case start='1658222257148' status='passed' stop='1658222258006'>
            <name>Given A web browser is at the home page</name>
            <title>Given A web browser is at the home page</title>
            <labels>
                <label name='language' value='javascript'/>
                <label name='framework' value='wdio'/>
                <label name='thread' value='0-0'/>
            </labels>
            <parameters>
                <parameter kind='argument' name='browser' value='chrome-103.0.5060.114'/>
            </parameters>
            <steps>
                <step start='1658222257148' status='passed' stop='1658222257415'>
                    <name>POST /session/:sessionId/url</name>
                    <title>POST /session/:sessionId/url</title>
                    <attachments>
                        <attachment title='Request' source='642c8f6d-f183-4dc2-a1ae-fec76f894d9d-attachment.json' type='application/json' size='57'/>
                    </attachments>
                    <steps/>
                </step>
                <step start='1658222257415' status='passed' stop='1658222257426'>
                    <name>POST /session/:sessionId/element</name>
                    <title>POST /session/:sessionId/element</title>
                    <attachments>
                        <attachment title='Request' source='89d134ce-1139-4397-a649-c9bb921551bd-attachment.json' type='application/json' size='56'/>
                        <attachment title='Response' source='4fac748e-e862-4f14-9f90-4df9cff99d32-attachment.json' type='application/json' size='83'/>
                    </attachments>
                    <steps/>
                </step>
                <step start='1658222257427' status='passed' stop='1658222257434'>
                    <name>POST /session/:sessionId/execute/sync</name>
                    <title>POST /session/:sessionId/execute/sync</title>
                    <attachments>
                        <attachment title='Request' source='fc9e2849-4707-47ff-ae29-7e3a7c64bbdd-attachment.json' type='application/json' size='8337'/>
                        <attachment title='Response' source='51976c29-8c9b-4c0e-924d-1f0ef6cc3151-attachment.json' type='application/json' size='4'/>
                    </attachments>
                    <steps/>
                </step>
                <step start='1658222257434' status='passed' stop='1658222257446'>
                    <name>POST /session/:sessionId/element</name>
                    <title>POST /session/:sessionId/element</title>
                    <attachments>
                        <attachment title='Request' source='93b2b83f-5404-49d3-87da-7a32509bea8d-attachment.json' type='application/json' size='56'/>
                        <attachment title='Response' source='30abf056-9497-4f78-ab5f-70ed7cbb1e25-attachment.json' type='application/json' size='83'/>
                    </attachments>
                    <steps/>
                </step>
                <step start='1658222257449' status='passed' stop='1658222258005'>
                    <name>POST /session/:sessionId/element</name>
                    <title>POST /session/:sessionId/element</title>
                    <attachments>
                        <attachment title='Request' source='4629ace8-4b34-48de-8720-b18add40084e-attachment.json' type='application/json' size='64'/>
                    </attachments>
                    <steps>
                        <step start='1658222257453' status='passed' stop='1658222257463'>
                            <name>GET /session/:sessionId/element/0774c594-6097-4739-a694-a838cca1fabc/text</name>
                            <title>GET /session/:sessionId/element/0774c594-6097-4739-a694-a838cca1fabc/text</title>
                            <attachments>
                                <attachment title='Response' source='1435f818-896e-4954-a781-28d11d51b34a-attachment.json' type='application/json' size='83'/>
                            </attachments>
                            <steps/>
                        </step>
                        <step start='1658222257466' status='passed' stop='1658222257472'>
                            <name>POST /session/:sessionId/element/38a8e0ea-e5de-419c-9863-9417fe07965e/click</name>
                            <title>POST /session/:sessionId/element/38a8e0ea-e5de-419c-9863-9417fe07965e/click</title>
                            <attachments>
                                <attachment title='Response' source='182fcb6a-028c-417e-a48d-e4db4f9baee9-attachment.json' type='application/json' size='5'/>
                            </attachments>
                            <steps/>
                        </step>
                    </steps>
                </step>
            </steps>
            <attachments/>
        </test-case>
        <test-case start='1658222258006' status='broken' stop='1658222258007'>
            <name>And the value of temperature is greater than 34 degrees</name>
            <title>And the value of temperature is greater than 34 degrees</title>
            <labels>
                <label name='language' value='javascript'/>
                <label name='framework' value='wdio'/>
                <label name='thread' value='0-0'/>
            </labels>
            <parameters>
                <parameter kind='argument' name='browser' value='chrome-103.0.5060.114'/>
            </parameters>
            <steps/>
            <attachments/>
            <failure>
                <message>Step "the value of temperature is greater than 34 degrees" is not defined. You can ignore this error by setting cucumberOpts.ignoreUndefinedDefinitions as true.</message>
                <stack-trace>Step "the value of temperature is greater than 34 degrees" is not defined. You can ignore this error by setting cucumberOpts.ignoreUndefinedDefinitions as true.
                	at Feature(D:\Task\Weather_Shopper_task\features\HomePage\Home_page.feature):1:1
                	at Scenario(User will Shop for moisturizers if the weather is below 19 degrees while Shops for suncreens if the weather is above 34 degrees.):5:3
                	at Step(the value of temperature is &lt;temperatureOptions>):8:5
                </stack-trace>
            </failure>
        </test-case>
        <test-case start='1658222258007' status='broken' stop='1658222258007'>
            <name>When the user clicks on Buy sunscreens</name>
            <title>When the user clicks on Buy sunscreens</title>
            <labels>
                <label name='language' value='javascript'/>
                <label name='framework' value='wdio'/>
                <label name='thread' value='0-0'/>
            </labels>
            <parameters>
                <parameter kind='argument' name='browser' value='chrome-103.0.5060.114'/>
            </parameters>
            <steps/>
            <attachments/>
            <failure>
                <message>Step "the user clicks on Buy sunscreens" is not defined. You can ignore this error by setting cucumberOpts.ignoreUndefinedDefinitions as true.</message>
                <stack-trace>Step "the user clicks on Buy sunscreens" is not defined. You can ignore this error by setting cucumberOpts.ignoreUndefinedDefinitions as true.
                	at Feature(D:\Task\Weather_Shopper_task\features\HomePage\Home_page.feature):1:1
                	at Scenario(User will Shop for moisturizers if the weather is below 19 degrees while Shops for suncreens if the weather is above 34 degrees.):5:3
                	at Step(the user clicks on &lt;buyButton>):10:5
                </stack-trace>
            </failure>
        </test-case>
        <test-case start='1658222258007' status='broken' stop='1658222258007'>
            <name>Then the title of the page should be Sunscreens</name>
            <title>Then the title of the page should be Sunscreens</title>
            <labels>
                <label name='language' value='javascript'/>
                <label name='framework' value='wdio'/>
                <label name='thread' value='0-0'/>
            </labels>
            <parameters>
                <parameter kind='argument' name='browser' value='chrome-103.0.5060.114'/>
            </parameters>
            <steps/>
            <attachments/>
            <failure>
                <message>Step "the title of the page should be Sunscreens" is not defined. You can ignore this error by setting cucumberOpts.ignoreUndefinedDefinitions as true.</message>
                <stack-trace>Step "the title of the page should be Sunscreens" is not defined. You can ignore this error by setting cucumberOpts.ignoreUndefinedDefinitions as true.
                	at Feature(D:\Task\Weather_Shopper_task\features\HomePage\Home_page.feature):1:1
                	at Scenario(User will Shop for moisturizers if the weather is below 19 degrees while Shops for suncreens if the weather is above 34 degrees.):5:3
                	at Step(the title of the page should be &lt;product>):11:5
                </stack-trace>
            </failure>
        </test-case>
        <test-case start='1658222258007' status='passed' stop='1658222258007'>
            <name></name>
            <title></title>
            <labels>
                <label name='language' value='javascript'/>
                <label name='framework' value='wdio'/>
                <label name='thread' value='0-0'/>
            </labels>
            <parameters>
                <parameter kind='argument' name='browser' value='chrome-103.0.5060.114'/>
            </parameters>
            <steps/>
            <attachments/>
        </test-case>
    </test-cases>
</ns2:test-suite>