<?xml version='1.0'?>
<ns2:test-suite xmlns:ns2='urn:model.allure.qatools.yandex.ru' start='1658315607209' stop='1658315609683'>
    <name>Adding moisturisers to the cart: Add two moisturizers to the cart that meet specific criteria</name>
    <title>Adding moisturisers to the cart: Add two moisturizers to the cart that meet specific criteria</title>
    <test-cases>
        <test-case start='1658315607209' status='passed' stop='1658315607211'>
            <name></name>
            <title></title>
            <labels>
                <label name='language' value='javascript'/>
                <label name='framework' value='wdio'/>
                <label name='thread' value='0-0'/>
            </labels>
            <parameters>
                <parameter kind='argument' name='browser' value='chrome-103.0.5060.114'/>
            </parameters>
            <steps/>
            <attachments/>
        </test-case>
        <test-case start='1658315607211' status='passed' stop='1658315609533'>
            <name>Given the browser is at the "Moisturizers" page</name>
            <title>Given the browser is at the "Moisturizers" page</title>
            <labels>
                <label name='language' value='javascript'/>
                <label name='framework' value='wdio'/>
                <label name='thread' value='0-0'/>
            </labels>
            <parameters>
                <parameter kind='argument' name='browser' value='chrome-103.0.5060.114'/>
            </parameters>
            <steps>
                <step start='1658315607212' status='passed' stop='1658315609532'>
                    <name>POST /session/:sessionId/url</name>
                    <title>POST /session/:sessionId/url</title>
                    <attachments>
                        <attachment title='Request' source='fc227676-bfc4-41db-af39-eb40f778c85a-attachment.json' type='application/json' size='68'/>
                    </attachments>
                    <steps/>
                </step>
            </steps>
            <attachments/>
        </test-case>
        <test-case start='1658315609533' status='broken' stop='1658315609680'>
            <name>When the moisturizer is least expensive and contains "Aloe" in the name</name>
            <title>When the moisturizer is least expensive and contains "Aloe" in the name</title>
            <labels>
                <label name='language' value='javascript'/>
                <label name='framework' value='wdio'/>
                <label name='thread' value='0-0'/>
            </labels>
            <parameters>
                <parameter kind='argument' name='browser' value='chrome-103.0.5060.114'/>
            </parameters>
            <steps>
                <step start='1658315609537' status='passed' stop='1658315609554'>
                    <name>POST /session/:sessionId/elements</name>
                    <title>POST /session/:sessionId/elements</title>
                    <attachments>
                        <attachment title='Request' source='9dd973ad-77e2-42ce-9518-ce52b586a17f-attachment.json' type='application/json' size='84'/>
                        <attachment title='Response' source='fe176ba1-66f0-4d42-8866-5900dccaecbc-attachment.json' type='application/json' size='548'/>
                    </attachments>
                    <steps/>
                </step>
                <step start='1658315609563' status='passed' stop='1658315609579'>
                    <name>POST /session/:sessionId/elements</name>
                    <title>POST /session/:sessionId/elements</title>
                    <attachments>
                        <attachment title='Request' source='82a7eefd-e43c-445a-95b6-79e456c3b42c-attachment.json' type='application/json' size='82'/>
                        <attachment title='Response' source='6a9c15c1-3c58-4805-96ce-71f95890ff29-attachment.json' type='application/json' size='1094'/>
                    </attachments>
                    <steps/>
                </step>
                <step start='1658315609591' status='passed' stop='1658315609604'>
                    <name>GET /session/:sessionId/element/868af40b-e85c-43a7-bcfa-f301b97c17c6/text</name>
                    <title>GET /session/:sessionId/element/868af40b-e85c-43a7-bcfa-f301b97c17c6/text</title>
                    <attachments>
                        <attachment title='Response' source='371ce237-18dd-457b-b27e-2ac2ce935ea3-attachment.json' type='application/json' size='16'/>
                    </attachments>
                    <steps/>
                </step>
                <step start='1658315609604' status='passed' stop='1658315609617'>
                    <name>GET /session/:sessionId/element/d79dea78-1d06-45ba-ae44-864ab787a0fb/text</name>
                    <title>GET /session/:sessionId/element/d79dea78-1d06-45ba-ae44-864ab787a0fb/text</title>
                    <attachments>
                        <attachment title='Response' source='6071ced5-d999-4d3a-a4c0-90d17c6b2c93-attachment.json' type='application/json' size='16'/>
                    </attachments>
                    <steps/>
                </step>
                <step start='1658315609618' status='passed' stop='1658315609631'>
                    <name>GET /session/:sessionId/element/414029ee-c4d9-4b2d-8ac2-e09ba91f5e49/text</name>
                    <title>GET /session/:sessionId/element/414029ee-c4d9-4b2d-8ac2-e09ba91f5e49/text</title>
                    <attachments>
                        <attachment title='Response' source='b5f8b6c0-7aea-42b4-aae9-3969d1c38f41-attachment.json' type='application/json' size='16'/>
                    </attachments>
                    <steps/>
                </step>
                <step start='1658315609632' status='passed' stop='1658315609644'>
                    <name>GET /session/:sessionId/element/8a710932-00df-40d9-8ea9-a1902318dd90/text</name>
                    <title>GET /session/:sessionId/element/8a710932-00df-40d9-8ea9-a1902318dd90/text</title>
                    <attachments>
                        <attachment title='Response' source='75b864b7-90d0-46f5-9894-8fee3aa14bc5-attachment.json' type='application/json' size='12'/>
                    </attachments>
                    <steps/>
                </step>
                <step start='1658315609644' status='passed' stop='1658315609658'>
                    <name>GET /session/:sessionId/element/fbea2433-ca46-46b8-9dbe-b7b19efe4f47/text</name>
                    <title>GET /session/:sessionId/element/fbea2433-ca46-46b8-9dbe-b7b19efe4f47/text</title>
                    <attachments>
                        <attachment title='Response' source='51b0234a-c2ce-4c32-b49b-15847e190650-attachment.json' type='application/json' size='12'/>
                    </attachments>
                    <steps/>
                </step>
                <step start='1658315609659' status='passed' stop='1658315609672'>
                    <name>GET /session/:sessionId/element/6f964b7a-a6fc-476c-a837-9c94bd2d23af/text</name>
                    <title>GET /session/:sessionId/element/6f964b7a-a6fc-476c-a837-9c94bd2d23af/text</title>
                    <attachments>
                        <attachment title='Response' source='5d7d09a1-9690-4c32-bd2d-84ba1e58a028-attachment.json' type='application/json' size='12'/>
                    </attachments>
                    <steps/>
                </step>
            </steps>
            <attachments/>
            <failure>
                <message>ReferenceError: i is not defined</message>
                <stack-trace>ReferenceError: i is not defined
                    at World.&lt;anonymous> (D:\Task\Weather_Shopper_task\Step-Defs\Home_page_step-defs\/Product_purchase_defs.js:102:48)
                    at processTicksAndRejections (node:internal/process/task_queues:96:5)</stack-trace>
            </failure>
        </test-case>
        <test-case start='1658315609681' status='broken' stop='1658315609681'>
            <name>And the user clicks on "Add"</name>
            <title>And the user clicks on "Add"</title>
            <labels>
                <label name='language' value='javascript'/>
                <label name='framework' value='wdio'/>
                <label name='thread' value='0-0'/>
            </labels>
            <parameters>
                <parameter kind='argument' name='browser' value='chrome-103.0.5060.114'/>
            </parameters>
            <steps/>
            <attachments/>
            <failure>
                <message>Step "the user clicks on "Add"" is not defined. You can ignore this error by setting cucumberOpts.ignoreUndefinedDefinitions as true.</message>
                <stack-trace>Step "the user clicks on "Add"" is not defined. You can ignore this error by setting cucumberOpts.ignoreUndefinedDefinitions as true.
                	at Feature(D:\Task\Weather_Shopper_task\features\Product_prchase\Purchase_moisturiser.feature):1:1
                	at Scenario(Add two moisturizers to the cart that meet specific criteria):5:3
                	at Step(the user clicks on "Add"):10:5
                </stack-trace>
            </failure>
        </test-case>
        <test-case start='1658315609681' status='broken' stop='1658315609682'>
            <name>Then the value of cart should be incremented</name>
            <title>Then the value of cart should be incremented</title>
            <labels>
                <label name='language' value='javascript'/>
                <label name='framework' value='wdio'/>
                <label name='thread' value='0-0'/>
            </labels>
            <parameters>
                <parameter kind='argument' name='browser' value='chrome-103.0.5060.114'/>
            </parameters>
            <steps/>
            <attachments/>
            <failure>
                <message>Step "the value of cart should be incremented" is not defined. You can ignore this error by setting cucumberOpts.ignoreUndefinedDefinitions as true.</message>
                <stack-trace>Step "the value of cart should be incremented" is not defined. You can ignore this error by setting cucumberOpts.ignoreUndefinedDefinitions as true.
                	at Feature(D:\Task\Weather_Shopper_task\features\Product_prchase\Purchase_moisturiser.feature):1:1
                	at Scenario(Add two moisturizers to the cart that meet specific criteria):5:3
                	at Step(the value of cart should be incremented):12:5
                </stack-trace>
            </failure>
        </test-case>
        <test-case start='1658315609682' status='passed' stop='1658315609683'>
            <name></name>
            <title></title>
            <labels>
                <label name='language' value='javascript'/>
                <label name='framework' value='wdio'/>
                <label name='thread' value='0-0'/>
            </labels>
            <parameters>
                <parameter kind='argument' name='browser' value='chrome-103.0.5060.114'/>
            </parameters>
            <steps/>
            <attachments/>
        </test-case>
    </test-cases>
</ns2:test-suite>