<?xml version='1.0'?>
<ns2:test-suite xmlns:ns2='urn:model.allure.qatools.yandex.ru' start='1658302267267' stop='1658302269856'>
    <name>Adding moisturisers to the cart: Add two moisturizers to the cart that meet specific criteria</name>
    <title>Adding moisturisers to the cart: Add two moisturizers to the cart that meet specific criteria</title>
    <test-cases>
        <test-case start='1658302267267' status='passed' stop='1658302267268'>
            <name></name>
            <title></title>
            <labels>
                <label name='language' value='javascript'/>
                <label name='framework' value='wdio'/>
                <label name='thread' value='0-0'/>
            </labels>
            <parameters>
                <parameter kind='argument' name='browser' value='chrome-103.0.5060.114'/>
            </parameters>
            <steps/>
            <attachments/>
        </test-case>
        <test-case start='1658302267268' status='passed' stop='1658302269785'>
            <name>Given the browser is at the "Moisturizers" page</name>
            <title>Given the browser is at the "Moisturizers" page</title>
            <labels>
                <label name='language' value='javascript'/>
                <label name='framework' value='wdio'/>
                <label name='thread' value='0-0'/>
            </labels>
            <parameters>
                <parameter kind='argument' name='browser' value='chrome-103.0.5060.114'/>
            </parameters>
            <steps>
                <step start='1658302267270' status='passed' stop='1658302269784'>
                    <name>POST /session/:sessionId/url</name>
                    <title>POST /session/:sessionId/url</title>
                    <attachments>
                        <attachment title='Request' source='6fdc296d-6c08-4e62-a11b-19afde1d72e8-attachment.json' type='application/json' size='68'/>
                    </attachments>
                    <steps/>
                </step>
            </steps>
            <attachments/>
        </test-case>
        <test-case start='1658302269785' status='passed' stop='1658302269853'>
            <name>When the moisturizer is least expensive and contains "Aloe" in the name</name>
            <title>When the moisturizer is least expensive and contains "Aloe" in the name</title>
            <labels>
                <label name='language' value='javascript'/>
                <label name='framework' value='wdio'/>
                <label name='thread' value='0-0'/>
            </labels>
            <parameters>
                <parameter kind='argument' name='browser' value='chrome-103.0.5060.114'/>
            </parameters>
            <steps>
                <step start='1658302269787' status='passed' stop='1658302269804'>
                    <name>POST /session/:sessionId/elements</name>
                    <title>POST /session/:sessionId/elements</title>
                    <attachments>
                        <attachment title='Request' source='7e8fdecb-50ad-47f8-9b56-ae34ba9118f3-attachment.json' type='application/json' size='84'/>
                        <attachment title='Response' source='0e45cadf-7836-4997-8289-4c42168779e7-attachment.json' type='application/json' size='548'/>
                    </attachments>
                    <steps/>
                </step>
                <step start='1658302269814' status='passed' stop='1658302269831'>
                    <name>POST /session/:sessionId/elements</name>
                    <title>POST /session/:sessionId/elements</title>
                    <attachments>
                        <attachment title='Request' source='a5532d1d-7ed0-4380-b6c7-b21e1cef8eb0-attachment.json' type='application/json' size='82'/>
                        <attachment title='Response' source='faff4e1b-5562-4dbe-bcbd-dbc4dc9a939b-attachment.json' type='application/json' size='1094'/>
                    </attachments>
                    <steps/>
                </step>
                <step start='1658302269842' status='undefined'>
                    <name>GET /session/:sessionId/element/0542f7ec-e4b4-44ff-9ea7-6fb324225018/text</name>
                    <title>GET /session/:sessionId/element/0542f7ec-e4b4-44ff-9ea7-6fb324225018/text</title>
                    <attachments/>
                    <steps>
                        <step start='1658302269844' status='undefined'>
                            <name>GET /session/:sessionId/element/c13fa2cc-24ac-4544-ba84-8ad597d828b7/text</name>
                            <title>GET /session/:sessionId/element/c13fa2cc-24ac-4544-ba84-8ad597d828b7/text</title>
                            <attachments/>
                            <steps>
                                <step start='1658302269846' status='undefined'>
                                    <name>GET /session/:sessionId/element/14ea7dce-8894-4b83-89cd-0dc85d5db392/text</name>
                                    <title>GET /session/:sessionId/element/14ea7dce-8894-4b83-89cd-0dc85d5db392/text</title>
                                    <attachments/>
                                    <steps>
                                        <step start='1658302269848' status='undefined'>
                                            <name>GET /session/:sessionId/element/82a52695-d5ac-40df-8dcc-ec24d2cd39b0/text</name>
                                            <title>GET /session/:sessionId/element/82a52695-d5ac-40df-8dcc-ec24d2cd39b0/text</title>
                                            <attachments/>
                                            <steps>
                                                <step start='1658302269849' status='undefined'>
                                                    <name>GET /session/:sessionId/element/d57c6ab2-1167-487f-9d18-87d4cf246ae5/text</name>
                                                    <title>GET /session/:sessionId/element/d57c6ab2-1167-487f-9d18-87d4cf246ae5/text</title>
                                                    <attachments/>
                                                    <steps>
                                                        <step start='1658302269851' status='undefined'>
                                                            <name>GET /session/:sessionId/element/f9eb6718-9127-4265-b5ad-247abc7d5c0a/text</name>
                                                            <title>GET /session/:sessionId/element/f9eb6718-9127-4265-b5ad-247abc7d5c0a/text</title>
                                                            <attachments/>
                                                            <steps/>
                                                        </step>
                                                    </steps>
                                                </step>
                                            </steps>
                                        </step>
                                    </steps>
                                </step>
                            </steps>
                        </step>
                    </steps>
                </step>
            </steps>
            <attachments/>
        </test-case>
        <test-case start='1658302269854' status='broken' stop='1658302269854'>
            <name>And the user clicks on "Add"</name>
            <title>And the user clicks on "Add"</title>
            <labels>
                <label name='language' value='javascript'/>
                <label name='framework' value='wdio'/>
                <label name='thread' value='0-0'/>
            </labels>
            <parameters>
                <parameter kind='argument' name='browser' value='chrome-103.0.5060.114'/>
            </parameters>
            <steps/>
            <attachments/>
            <failure>
                <message>Step "the user clicks on "Add"" is not defined. You can ignore this error by setting cucumberOpts.ignoreUndefinedDefinitions as true.</message>
                <stack-trace>Step "the user clicks on "Add"" is not defined. You can ignore this error by setting cucumberOpts.ignoreUndefinedDefinitions as true.
                	at Feature(D:\Task\Weather_Shopper_task\features\Product_prchase\Purchase_moisturiser.feature):1:1
                	at Scenario(Add two moisturizers to the cart that meet specific criteria):5:3
                	at Step(the user clicks on "Add"):10:5
                </stack-trace>
            </failure>
        </test-case>
        <test-case start='1658302269854' status='broken' stop='1658302269855'>
            <name>Then the value of cart should be incremented</name>
            <title>Then the value of cart should be incremented</title>
            <labels>
                <label name='language' value='javascript'/>
                <label name='framework' value='wdio'/>
                <label name='thread' value='0-0'/>
            </labels>
            <parameters>
                <parameter kind='argument' name='browser' value='chrome-103.0.5060.114'/>
            </parameters>
            <steps/>
            <attachments/>
            <failure>
                <message>Step "the value of cart should be incremented" is not defined. You can ignore this error by setting cucumberOpts.ignoreUndefinedDefinitions as true.</message>
                <stack-trace>Step "the value of cart should be incremented" is not defined. You can ignore this error by setting cucumberOpts.ignoreUndefinedDefinitions as true.
                	at Feature(D:\Task\Weather_Shopper_task\features\Product_prchase\Purchase_moisturiser.feature):1:1
                	at Scenario(Add two moisturizers to the cart that meet specific criteria):5:3
                	at Step(the value of cart should be incremented):12:5
                </stack-trace>
            </failure>
        </test-case>
        <test-case start='1658302269855' status='passed' stop='1658302269856'>
            <name></name>
            <title></title>
            <labels>
                <label name='language' value='javascript'/>
                <label name='framework' value='wdio'/>
                <label name='thread' value='0-0'/>
            </labels>
            <parameters>
                <parameter kind='argument' name='browser' value='chrome-103.0.5060.114'/>
            </parameters>
            <steps/>
            <attachments/>
        </test-case>
    </test-cases>
</ns2:test-suite>