<?xml version='1.0'?>
<ns2:test-suite xmlns:ns2='urn:model.allure.qatools.yandex.ru' start='1658304198850' stop='1658304201760'>
    <name>Adding moisturisers to the cart: Add two moisturizers to the cart that meet specific criteria</name>
    <title>Adding moisturisers to the cart: Add two moisturizers to the cart that meet specific criteria</title>
    <test-cases>
        <test-case start='1658304198851' status='passed' stop='1658304198852'>
            <name></name>
            <title></title>
            <labels>
                <label name='language' value='javascript'/>
                <label name='framework' value='wdio'/>
                <label name='thread' value='0-0'/>
            </labels>
            <parameters>
                <parameter kind='argument' name='browser' value='chrome-103.0.5060.114'/>
            </parameters>
            <steps/>
            <attachments/>
        </test-case>
        <test-case start='1658304198852' status='passed' stop='1658304201698'>
            <name>Given the browser is at the "Moisturizers" page</name>
            <title>Given the browser is at the "Moisturizers" page</title>
            <labels>
                <label name='language' value='javascript'/>
                <label name='framework' value='wdio'/>
                <label name='thread' value='0-0'/>
            </labels>
            <parameters>
                <parameter kind='argument' name='browser' value='chrome-103.0.5060.114'/>
            </parameters>
            <steps>
                <step start='1658304198853' status='passed' stop='1658304201697'>
                    <name>POST /session/:sessionId/url</name>
                    <title>POST /session/:sessionId/url</title>
                    <attachments>
                        <attachment title='Request' source='b79a0acc-414e-498d-b518-fd3b3f192157-attachment.json' type='application/json' size='68'/>
                    </attachments>
                    <steps/>
                </step>
            </steps>
            <attachments/>
        </test-case>
        <test-case start='1658304201698' status='passed' stop='1658304201757'>
            <name>When the moisturizer is least expensive and contains "Aloe" in the name</name>
            <title>When the moisturizer is least expensive and contains "Aloe" in the name</title>
            <labels>
                <label name='language' value='javascript'/>
                <label name='framework' value='wdio'/>
                <label name='thread' value='0-0'/>
            </labels>
            <parameters>
                <parameter kind='argument' name='browser' value='chrome-103.0.5060.114'/>
            </parameters>
            <steps>
                <step start='1658304201700' status='passed' stop='1658304201715'>
                    <name>POST /session/:sessionId/elements</name>
                    <title>POST /session/:sessionId/elements</title>
                    <attachments>
                        <attachment title='Request' source='a8a81d03-fd5d-463d-86e6-7a5aa7b50ce0-attachment.json' type='application/json' size='84'/>
                        <attachment title='Response' source='2f2f7cfa-7c31-4667-9a0d-bb6e5903a3db-attachment.json' type='application/json' size='548'/>
                    </attachments>
                    <steps/>
                </step>
                <step start='1658304201723' status='passed' stop='1658304201737'>
                    <name>POST /session/:sessionId/elements</name>
                    <title>POST /session/:sessionId/elements</title>
                    <attachments>
                        <attachment title='Request' source='d9147c3e-bd15-4e5d-bd97-455feaa09240-attachment.json' type='application/json' size='82'/>
                        <attachment title='Response' source='bb3f8750-b5b0-47f0-a380-a92bebcb1b72-attachment.json' type='application/json' size='1094'/>
                    </attachments>
                    <steps/>
                </step>
                <step start='1658304201749' status='undefined'>
                    <name>GET /session/:sessionId/element/de674e42-d166-4a01-a232-af7c49b20f3d/text</name>
                    <title>GET /session/:sessionId/element/de674e42-d166-4a01-a232-af7c49b20f3d/text</title>
                    <attachments/>
                    <steps>
                        <step start='1658304201750' status='undefined'>
                            <name>GET /session/:sessionId/element/1b4c0bab-9611-4ec1-a645-0a45babd0cbf/text</name>
                            <title>GET /session/:sessionId/element/1b4c0bab-9611-4ec1-a645-0a45babd0cbf/text</title>
                            <attachments/>
                            <steps>
                                <step start='1658304201751' status='undefined'>
                                    <name>GET /session/:sessionId/element/e670e095-236e-4812-a0b9-a85a20049054/text</name>
                                    <title>GET /session/:sessionId/element/e670e095-236e-4812-a0b9-a85a20049054/text</title>
                                    <attachments/>
                                    <steps>
                                        <step start='1658304201752' status='undefined'>
                                            <name>GET /session/:sessionId/element/c26576f2-4175-4e99-bf74-18e3932037b0/text</name>
                                            <title>GET /session/:sessionId/element/c26576f2-4175-4e99-bf74-18e3932037b0/text</title>
                                            <attachments/>
                                            <steps>
                                                <step start='1658304201754' status='undefined'>
                                                    <name>GET /session/:sessionId/element/c8ac7774-e189-4048-8a5f-39cea35e4424/text</name>
                                                    <title>GET /session/:sessionId/element/c8ac7774-e189-4048-8a5f-39cea35e4424/text</title>
                                                    <attachments/>
                                                    <steps>
                                                        <step start='1658304201755' status='undefined'>
                                                            <name>GET /session/:sessionId/element/24645e5f-5084-46b3-aa87-71145e58f62a/text</name>
                                                            <title>GET /session/:sessionId/element/24645e5f-5084-46b3-aa87-71145e58f62a/text</title>
                                                            <attachments/>
                                                            <steps/>
                                                        </step>
                                                    </steps>
                                                </step>
                                            </steps>
                                        </step>
                                    </steps>
                                </step>
                            </steps>
                        </step>
                    </steps>
                </step>
            </steps>
            <attachments/>
        </test-case>
        <test-case start='1658304201757' status='broken' stop='1658304201758'>
            <name>And the user clicks on "Add"</name>
            <title>And the user clicks on "Add"</title>
            <labels>
                <label name='language' value='javascript'/>
                <label name='framework' value='wdio'/>
                <label name='thread' value='0-0'/>
            </labels>
            <parameters>
                <parameter kind='argument' name='browser' value='chrome-103.0.5060.114'/>
            </parameters>
            <steps/>
            <attachments/>
            <failure>
                <message>Step "the user clicks on "Add"" is not defined. You can ignore this error by setting cucumberOpts.ignoreUndefinedDefinitions as true.</message>
                <stack-trace>Step "the user clicks on "Add"" is not defined. You can ignore this error by setting cucumberOpts.ignoreUndefinedDefinitions as true.
                	at Feature(D:\Task\Weather_Shopper_task\features\Product_prchase\Purchase_moisturiser.feature):1:1
                	at Scenario(Add two moisturizers to the cart that meet specific criteria):5:3
                	at Step(the user clicks on "Add"):10:5
                </stack-trace>
            </failure>
        </test-case>
        <test-case start='1658304201758' status='broken' stop='1658304201758'>
            <name>Then the value of cart should be incremented</name>
            <title>Then the value of cart should be incremented</title>
            <labels>
                <label name='language' value='javascript'/>
                <label name='framework' value='wdio'/>
                <label name='thread' value='0-0'/>
            </labels>
            <parameters>
                <parameter kind='argument' name='browser' value='chrome-103.0.5060.114'/>
            </parameters>
            <steps/>
            <attachments/>
            <failure>
                <message>Step "the value of cart should be incremented" is not defined. You can ignore this error by setting cucumberOpts.ignoreUndefinedDefinitions as true.</message>
                <stack-trace>Step "the value of cart should be incremented" is not defined. You can ignore this error by setting cucumberOpts.ignoreUndefinedDefinitions as true.
                	at Feature(D:\Task\Weather_Shopper_task\features\Product_prchase\Purchase_moisturiser.feature):1:1
                	at Scenario(Add two moisturizers to the cart that meet specific criteria):5:3
                	at Step(the value of cart should be incremented):12:5
                </stack-trace>
            </failure>
        </test-case>
        <test-case start='1658304201758' status='passed' stop='1658304201759'>
            <name></name>
            <title></title>
            <labels>
                <label name='language' value='javascript'/>
                <label name='framework' value='wdio'/>
                <label name='thread' value='0-0'/>
            </labels>
            <parameters>
                <parameter kind='argument' name='browser' value='chrome-103.0.5060.114'/>
            </parameters>
            <steps/>
            <attachments/>
        </test-case>
    </test-cases>
</ns2:test-suite>