<?xml version='1.0'?>
<ns2:test-suite xmlns:ns2='urn:model.allure.qatools.yandex.ru' start='1658303948899' stop='1658303953284'>
    <name>Adding moisturisers to the cart: Add two moisturizers to the cart that meet specific criteria</name>
    <title>Adding moisturisers to the cart: Add two moisturizers to the cart that meet specific criteria</title>
    <test-cases>
        <test-case start='1658303948900' status='passed' stop='1658303948901'>
            <name></name>
            <title></title>
            <labels>
                <label name='language' value='javascript'/>
                <label name='framework' value='wdio'/>
                <label name='thread' value='0-0'/>
            </labels>
            <parameters>
                <parameter kind='argument' name='browser' value='chrome-103.0.5060.114'/>
            </parameters>
            <steps/>
            <attachments/>
        </test-case>
        <test-case start='1658303948901' status='passed' stop='1658303953212'>
            <name>Given the browser is at the "Moisturizers" page</name>
            <title>Given the browser is at the "Moisturizers" page</title>
            <labels>
                <label name='language' value='javascript'/>
                <label name='framework' value='wdio'/>
                <label name='thread' value='0-0'/>
            </labels>
            <parameters>
                <parameter kind='argument' name='browser' value='chrome-103.0.5060.114'/>
            </parameters>
            <steps>
                <step start='1658303948902' status='passed' stop='1658303953210'>
                    <name>POST /session/:sessionId/url</name>
                    <title>POST /session/:sessionId/url</title>
                    <attachments>
                        <attachment title='Request' source='b1f2b446-539b-4dfe-8dae-c0cc62ac265c-attachment.json' type='application/json' size='68'/>
                    </attachments>
                    <steps/>
                </step>
            </steps>
            <attachments/>
        </test-case>
        <test-case start='1658303953213' status='passed' stop='1658303953281'>
            <name>When the moisturizer is least expensive and contains "Aloe" in the name</name>
            <title>When the moisturizer is least expensive and contains "Aloe" in the name</title>
            <labels>
                <label name='language' value='javascript'/>
                <label name='framework' value='wdio'/>
                <label name='thread' value='0-0'/>
            </labels>
            <parameters>
                <parameter kind='argument' name='browser' value='chrome-103.0.5060.114'/>
            </parameters>
            <steps>
                <step start='1658303953217' status='passed' stop='1658303953236'>
                    <name>POST /session/:sessionId/elements</name>
                    <title>POST /session/:sessionId/elements</title>
                    <attachments>
                        <attachment title='Request' source='c938dd25-edcd-48a1-a781-3a6c471b442d-attachment.json' type='application/json' size='84'/>
                        <attachment title='Response' source='45617aaf-391b-4cf5-8a45-0c6305f823ce-attachment.json' type='application/json' size='548'/>
                    </attachments>
                    <steps/>
                </step>
                <step start='1658303953244' status='passed' stop='1658303953259'>
                    <name>POST /session/:sessionId/elements</name>
                    <title>POST /session/:sessionId/elements</title>
                    <attachments>
                        <attachment title='Request' source='b4509442-8d73-4f74-9723-a0b9f5afde72-attachment.json' type='application/json' size='82'/>
                        <attachment title='Response' source='61f55d4c-f9df-42ab-aedd-ab165f92fed5-attachment.json' type='application/json' size='1094'/>
                    </attachments>
                    <steps/>
                </step>
                <step start='1658303953270' status='undefined'>
                    <name>GET /session/:sessionId/element/ddd88ba3-4621-4e4b-b3dc-8001e9eeb1da/text</name>
                    <title>GET /session/:sessionId/element/ddd88ba3-4621-4e4b-b3dc-8001e9eeb1da/text</title>
                    <attachments/>
                    <steps>
                        <step start='1658303953272' status='undefined'>
                            <name>GET /session/:sessionId/element/59454d58-03a2-482c-a28c-fb8edcb755b8/text</name>
                            <title>GET /session/:sessionId/element/59454d58-03a2-482c-a28c-fb8edcb755b8/text</title>
                            <attachments/>
                            <steps>
                                <step start='1658303953273' status='undefined'>
                                    <name>GET /session/:sessionId/element/f4dc733f-6a82-480b-b4b6-9555bf37a772/text</name>
                                    <title>GET /session/:sessionId/element/f4dc733f-6a82-480b-b4b6-9555bf37a772/text</title>
                                    <attachments/>
                                    <steps>
                                        <step start='1658303953276' status='undefined'>
                                            <name>GET /session/:sessionId/element/f83b53f0-c5f7-4ed7-8945-091d68ec144f/text</name>
                                            <title>GET /session/:sessionId/element/f83b53f0-c5f7-4ed7-8945-091d68ec144f/text</title>
                                            <attachments/>
                                            <steps>
                                                <step start='1658303953277' status='undefined'>
                                                    <name>GET /session/:sessionId/element/51bc3e51-eb7a-419c-b722-d789aabe827c/text</name>
                                                    <title>GET /session/:sessionId/element/51bc3e51-eb7a-419c-b722-d789aabe827c/text</title>
                                                    <attachments/>
                                                    <steps>
                                                        <step start='1658303953279' status='undefined'>
                                                            <name>GET /session/:sessionId/element/ae665c08-fe2b-49df-a585-e3289c1ae925/text</name>
                                                            <title>GET /session/:sessionId/element/ae665c08-fe2b-49df-a585-e3289c1ae925/text</title>
                                                            <attachments/>
                                                            <steps/>
                                                        </step>
                                                    </steps>
                                                </step>
                                            </steps>
                                        </step>
                                    </steps>
                                </step>
                            </steps>
                        </step>
                    </steps>
                </step>
            </steps>
            <attachments/>
        </test-case>
        <test-case start='1658303953281' status='broken' stop='1658303953282'>
            <name>And the user clicks on "Add"</name>
            <title>And the user clicks on "Add"</title>
            <labels>
                <label name='language' value='javascript'/>
                <label name='framework' value='wdio'/>
                <label name='thread' value='0-0'/>
            </labels>
            <parameters>
                <parameter kind='argument' name='browser' value='chrome-103.0.5060.114'/>
            </parameters>
            <steps/>
            <attachments/>
            <failure>
                <message>Step "the user clicks on "Add"" is not defined. You can ignore this error by setting cucumberOpts.ignoreUndefinedDefinitions as true.</message>
                <stack-trace>Step "the user clicks on "Add"" is not defined. You can ignore this error by setting cucumberOpts.ignoreUndefinedDefinitions as true.
                	at Feature(D:\Task\Weather_Shopper_task\features\Product_prchase\Purchase_moisturiser.feature):1:1
                	at Scenario(Add two moisturizers to the cart that meet specific criteria):5:3
                	at Step(the user clicks on "Add"):10:5
                </stack-trace>
            </failure>
        </test-case>
        <test-case start='1658303953282' status='broken' stop='1658303953282'>
            <name>Then the value of cart should be incremented</name>
            <title>Then the value of cart should be incremented</title>
            <labels>
                <label name='language' value='javascript'/>
                <label name='framework' value='wdio'/>
                <label name='thread' value='0-0'/>
            </labels>
            <parameters>
                <parameter kind='argument' name='browser' value='chrome-103.0.5060.114'/>
            </parameters>
            <steps/>
            <attachments/>
            <failure>
                <message>Step "the value of cart should be incremented" is not defined. You can ignore this error by setting cucumberOpts.ignoreUndefinedDefinitions as true.</message>
                <stack-trace>Step "the value of cart should be incremented" is not defined. You can ignore this error by setting cucumberOpts.ignoreUndefinedDefinitions as true.
                	at Feature(D:\Task\Weather_Shopper_task\features\Product_prchase\Purchase_moisturiser.feature):1:1
                	at Scenario(Add two moisturizers to the cart that meet specific criteria):5:3
                	at Step(the value of cart should be incremented):12:5
                </stack-trace>
            </failure>
        </test-case>
        <test-case start='1658303953283' status='passed' stop='1658303953283'>
            <name></name>
            <title></title>
            <labels>
                <label name='language' value='javascript'/>
                <label name='framework' value='wdio'/>
                <label name='thread' value='0-0'/>
            </labels>
            <parameters>
                <parameter kind='argument' name='browser' value='chrome-103.0.5060.114'/>
            </parameters>
            <steps/>
            <attachments/>
        </test-case>
    </test-cases>
</ns2:test-suite>