<?xml version='1.0'?>
<ns2:test-suite xmlns:ns2='urn:model.allure.qatools.yandex.ru' start='1658398772019' stop='1658398772022'>
    <name>Checkout: User wants to perform checkout</name>
    <title>Checkout: User wants to perform checkout</title>
    <test-cases>
        <test-case start='1658398772019' status='passed' stop='1658398772020'>
            <name></name>
            <title></title>
            <labels>
                <label name='language' value='javascript'/>
                <label name='framework' value='wdio'/>
                <label name='thread' value='0-0'/>
            </labels>
            <parameters>
                <parameter kind='argument' name='browser' value='chrome-103.0.5060.114'/>
            </parameters>
            <steps/>
            <attachments/>
        </test-case>
        <test-case start='1658398772020' status='broken' stop='1658398772021'>
            <name>Given there are items in the cart</name>
            <title>Given there are items in the cart</title>
            <labels>
                <label name='language' value='javascript'/>
                <label name='framework' value='wdio'/>
                <label name='thread' value='0-0'/>
            </labels>
            <parameters>
                <parameter kind='argument' name='browser' value='chrome-103.0.5060.114'/>
            </parameters>
            <steps/>
            <attachments/>
            <failure>
                <message>Step "there are items in the cart" is not defined. You can ignore this error by setting cucumberOpts.ignoreUndefinedDefinitions as true.</message>
                <stack-trace>Step "there are items in the cart" is not defined. You can ignore this error by setting cucumberOpts.ignoreUndefinedDefinitions as true.
                	at Feature(D:\Task\Weather_Shopper_task\features\CheckOutPage\checkoutPage.feature):1:1
                	at Scenario(User wants to perform checkout):5:3
                	at Step(there are items in the cart):7:5
                </stack-trace>
            </failure>
        </test-case>
        <test-case start='1658398772021' status='broken' stop='1658398772021'>
            <name>When the user enter payment details and makes payment</name>
            <title>When the user enter payment details and makes payment</title>
            <labels>
                <label name='language' value='javascript'/>
                <label name='framework' value='wdio'/>
                <label name='thread' value='0-0'/>
            </labels>
            <parameters>
                <parameter kind='argument' name='browser' value='chrome-103.0.5060.114'/>
            </parameters>
            <steps/>
            <attachments/>
            <failure>
                <message>Step "the user enter payment details and makes payment" is not defined. You can ignore this error by setting cucumberOpts.ignoreUndefinedDefinitions as true.</message>
                <stack-trace>Step "the user enter payment details and makes payment" is not defined. You can ignore this error by setting cucumberOpts.ignoreUndefinedDefinitions as true.
                	at Feature(D:\Task\Weather_Shopper_task\features\CheckOutPage\checkoutPage.feature):1:1
                	at Scenario(User wants to perform checkout):5:3
                	at Step(the user enter payment details and makes payment):9:5
                </stack-trace>
            </failure>
        </test-case>
        <test-case start='1658398772021' status='broken' stop='1658398772021'>
            <name>Then the payment success screen will be given to user</name>
            <title>Then the payment success screen will be given to user</title>
            <labels>
                <label name='language' value='javascript'/>
                <label name='framework' value='wdio'/>
                <label name='thread' value='0-0'/>
            </labels>
            <parameters>
                <parameter kind='argument' name='browser' value='chrome-103.0.5060.114'/>
            </parameters>
            <steps/>
            <attachments/>
            <failure>
                <message>Step "the payment success screen will be given to user" is not defined. You can ignore this error by setting cucumberOpts.ignoreUndefinedDefinitions as true.</message>
                <stack-trace>Step "the payment success screen will be given to user" is not defined. You can ignore this error by setting cucumberOpts.ignoreUndefinedDefinitions as true.
                	at Feature(D:\Task\Weather_Shopper_task\features\CheckOutPage\checkoutPage.feature):1:1
                	at Scenario(User wants to perform checkout):5:3
                	at Step(the payment success screen will be given to user):11:5
                </stack-trace>
            </failure>
        </test-case>
        <test-case start='1658398772021' status='passed' stop='1658398772022'>
            <name></name>
            <title></title>
            <labels>
                <label name='language' value='javascript'/>
                <label name='framework' value='wdio'/>
                <label name='thread' value='0-0'/>
            </labels>
            <parameters>
                <parameter kind='argument' name='browser' value='chrome-103.0.5060.114'/>
            </parameters>
            <steps/>
            <attachments/>
        </test-case>
    </test-cases>
</ns2:test-suite>