<?xml version='1.0'?>
<ns2:test-suite xmlns:ns2='urn:model.allure.qatools.yandex.ru' start='1658303443495' stop='1658303447136'>
    <name>Adding moisturisers to the cart: Add two moisturizers to the cart that meet specific criteria</name>
    <title>Adding moisturisers to the cart: Add two moisturizers to the cart that meet specific criteria</title>
    <test-cases>
        <test-case start='1658303443496' status='passed' stop='1658303443498'>
            <name></name>
            <title></title>
            <labels>
                <label name='language' value='javascript'/>
                <label name='framework' value='wdio'/>
                <label name='thread' value='0-0'/>
            </labels>
            <parameters>
                <parameter kind='argument' name='browser' value='chrome-103.0.5060.114'/>
            </parameters>
            <steps/>
            <attachments/>
        </test-case>
        <test-case start='1658303443498' status='passed' stop='1658303447059'>
            <name>Given the browser is at the "Moisturizers" page</name>
            <title>Given the browser is at the "Moisturizers" page</title>
            <labels>
                <label name='language' value='javascript'/>
                <label name='framework' value='wdio'/>
                <label name='thread' value='0-0'/>
            </labels>
            <parameters>
                <parameter kind='argument' name='browser' value='chrome-103.0.5060.114'/>
            </parameters>
            <steps>
                <step start='1658303443500' status='passed' stop='1658303447058'>
                    <name>POST /session/:sessionId/url</name>
                    <title>POST /session/:sessionId/url</title>
                    <attachments>
                        <attachment title='Request' source='22193b96-b98b-4c0c-a055-a27f4c87d4ab-attachment.json' type='application/json' size='68'/>
                    </attachments>
                    <steps/>
                </step>
            </steps>
            <attachments/>
        </test-case>
        <test-case start='1658303447059' status='broken' stop='1658303447131'>
            <name>When the moisturizer is least expensive and contains "Aloe" in the name</name>
            <title>When the moisturizer is least expensive and contains "Aloe" in the name</title>
            <labels>
                <label name='language' value='javascript'/>
                <label name='framework' value='wdio'/>
                <label name='thread' value='0-0'/>
            </labels>
            <parameters>
                <parameter kind='argument' name='browser' value='chrome-103.0.5060.114'/>
            </parameters>
            <steps>
                <step start='1658303447061' status='passed' stop='1658303447078'>
                    <name>POST /session/:sessionId/elements</name>
                    <title>POST /session/:sessionId/elements</title>
                    <attachments>
                        <attachment title='Request' source='ec9ac086-6fe7-4e32-a7f4-b81bd8ee1ec1-attachment.json' type='application/json' size='84'/>
                        <attachment title='Response' source='78cbd5c9-f026-4dff-a504-90f2c54d1024-attachment.json' type='application/json' size='548'/>
                    </attachments>
                    <steps/>
                </step>
                <step start='1658303447087' status='passed' stop='1658303447100'>
                    <name>POST /session/:sessionId/elements</name>
                    <title>POST /session/:sessionId/elements</title>
                    <attachments>
                        <attachment title='Request' source='7a654e86-e53f-4385-8a1b-e8d01b3b7fdd-attachment.json' type='application/json' size='82'/>
                        <attachment title='Response' source='5c4037e7-3efc-4fe0-9204-04f02f1d802a-attachment.json' type='application/json' size='1094'/>
                    </attachments>
                    <steps/>
                </step>
                <step start='1658303447121' status='broken' stop='1658303447131'>
                    <name>GET /session/:sessionId/element/67a8ed18-4613-4dc8-b2b1-7e05c51bd973/text</name>
                    <title>GET /session/:sessionId/element/67a8ed18-4613-4dc8-b2b1-7e05c51bd973/text</title>
                    <attachments/>
                    <steps>
                        <step start='1658303447122' status='broken' stop='1658303447131'>
                            <name>GET /session/:sessionId/element/fc112c26-8e9a-400e-9a37-27f03db32790/text</name>
                            <title>GET /session/:sessionId/element/fc112c26-8e9a-400e-9a37-27f03db32790/text</title>
                            <attachments/>
                            <steps>
                                <step start='1658303447123' status='broken' stop='1658303447131'>
                                    <name>GET /session/:sessionId/element/6664ac1d-6f1a-4b54-9036-2fd088bed433/text</name>
                                    <title>GET /session/:sessionId/element/6664ac1d-6f1a-4b54-9036-2fd088bed433/text</title>
                                    <attachments/>
                                    <steps>
                                        <step start='1658303447125' status='broken' stop='1658303447131'>
                                            <name>GET /session/:sessionId/element/d4ccdf7c-4d00-4927-bfd9-37d0532c680f/text</name>
                                            <title>GET /session/:sessionId/element/d4ccdf7c-4d00-4927-bfd9-37d0532c680f/text</title>
                                            <attachments/>
                                            <steps>
                                                <step start='1658303447126' status='broken' stop='1658303447131'>
                                                    <name>GET /session/:sessionId/element/f2661ad0-57f9-457c-ace8-113c65ec1cfb/text</name>
                                                    <title>GET /session/:sessionId/element/f2661ad0-57f9-457c-ace8-113c65ec1cfb/text</title>
                                                    <attachments/>
                                                    <steps>
                                                        <step start='1658303447128' status='broken' stop='1658303447131'>
                                                            <name>GET /session/:sessionId/element/11ab1140-7743-4a8c-a2bb-b3ee951186eb/text</name>
                                                            <title>GET /session/:sessionId/element/11ab1140-7743-4a8c-a2bb-b3ee951186eb/text</title>
                                                            <attachments/>
                                                            <steps/>
                                                        </step>
                                                    </steps>
                                                </step>
                                            </steps>
                                        </step>
                                    </steps>
                                </step>
                            </steps>
                        </step>
                    </steps>
                </step>
            </steps>
            <attachments/>
            <failure>
                <message>TypeError: min.get is not a function</message>
                <stack-trace>TypeError: min.get is not a function
                    at World.&lt;anonymous> (D:\Task\Weather_Shopper_task\Step-Defs\Home_page_step-defs\/Product_purchase_defs.js:71:49)
                    at processTicksAndRejections (node:internal/process/task_queues:96:5)</stack-trace>
            </failure>
        </test-case>
        <test-case start='1658303447131' status='broken' stop='1658303447132'>
            <name>And the user clicks on "Add"</name>
            <title>And the user clicks on "Add"</title>
            <labels>
                <label name='language' value='javascript'/>
                <label name='framework' value='wdio'/>
                <label name='thread' value='0-0'/>
            </labels>
            <parameters>
                <parameter kind='argument' name='browser' value='chrome-103.0.5060.114'/>
            </parameters>
            <steps/>
            <attachments/>
            <failure>
                <message>Step "the user clicks on "Add"" is not defined. You can ignore this error by setting cucumberOpts.ignoreUndefinedDefinitions as true.</message>
                <stack-trace>Step "the user clicks on "Add"" is not defined. You can ignore this error by setting cucumberOpts.ignoreUndefinedDefinitions as true.
                	at Feature(D:\Task\Weather_Shopper_task\features\Product_prchase\Purchase_moisturiser.feature):1:1
                	at Scenario(Add two moisturizers to the cart that meet specific criteria):5:3
                	at Step(the user clicks on "Add"):10:5
                </stack-trace>
            </failure>
        </test-case>
        <test-case start='1658303447132' status='broken' stop='1658303447134'>
            <name>Then the value of cart should be incremented</name>
            <title>Then the value of cart should be incremented</title>
            <labels>
                <label name='language' value='javascript'/>
                <label name='framework' value='wdio'/>
                <label name='thread' value='0-0'/>
            </labels>
            <parameters>
                <parameter kind='argument' name='browser' value='chrome-103.0.5060.114'/>
            </parameters>
            <steps/>
            <attachments/>
            <failure>
                <message>Step "the value of cart should be incremented" is not defined. You can ignore this error by setting cucumberOpts.ignoreUndefinedDefinitions as true.</message>
                <stack-trace>Step "the value of cart should be incremented" is not defined. You can ignore this error by setting cucumberOpts.ignoreUndefinedDefinitions as true.
                	at Feature(D:\Task\Weather_Shopper_task\features\Product_prchase\Purchase_moisturiser.feature):1:1
                	at Scenario(Add two moisturizers to the cart that meet specific criteria):5:3
                	at Step(the value of cart should be incremented):12:5
                </stack-trace>
            </failure>
        </test-case>
        <test-case start='1658303447135' status='passed' stop='1658303447135'>
            <name></name>
            <title></title>
            <labels>
                <label name='language' value='javascript'/>
                <label name='framework' value='wdio'/>
                <label name='thread' value='0-0'/>
            </labels>
            <parameters>
                <parameter kind='argument' name='browser' value='chrome-103.0.5060.114'/>
            </parameters>
            <steps/>
            <attachments/>
        </test-case>
    </test-cases>
</ns2:test-suite>