<?xml version='1.0'?>
<ns2:test-suite xmlns:ns2='urn:model.allure.qatools.yandex.ru' start='1658302776776' stop='1658302782406'>
    <name>Adding moisturisers to the cart: Add two moisturizers to the cart that meet specific criteria</name>
    <title>Adding moisturisers to the cart: Add two moisturizers to the cart that meet specific criteria</title>
    <test-cases>
        <test-case start='1658302776776' status='passed' stop='1658302776777'>
            <name></name>
            <title></title>
            <labels>
                <label name='language' value='javascript'/>
                <label name='framework' value='wdio'/>
                <label name='thread' value='0-0'/>
            </labels>
            <parameters>
                <parameter kind='argument' name='browser' value='chrome-103.0.5060.114'/>
            </parameters>
            <steps/>
            <attachments/>
        </test-case>
        <test-case start='1658302776777' status='passed' stop='1658302782320'>
            <name>Given the browser is at the "Moisturizers" page</name>
            <title>Given the browser is at the "Moisturizers" page</title>
            <labels>
                <label name='language' value='javascript'/>
                <label name='framework' value='wdio'/>
                <label name='thread' value='0-0'/>
            </labels>
            <parameters>
                <parameter kind='argument' name='browser' value='chrome-103.0.5060.114'/>
            </parameters>
            <steps>
                <step start='1658302776779' status='passed' stop='1658302782319'>
                    <name>POST /session/:sessionId/url</name>
                    <title>POST /session/:sessionId/url</title>
                    <attachments>
                        <attachment title='Request' source='a567da35-886b-49b0-ab47-8b0ea60c9889-attachment.json' type='application/json' size='68'/>
                    </attachments>
                    <steps/>
                </step>
            </steps>
            <attachments/>
        </test-case>
        <test-case start='1658302782320' status='passed' stop='1658302782404'>
            <name>When the moisturizer is least expensive and contains "Aloe" in the name</name>
            <title>When the moisturizer is least expensive and contains "Aloe" in the name</title>
            <labels>
                <label name='language' value='javascript'/>
                <label name='framework' value='wdio'/>
                <label name='thread' value='0-0'/>
            </labels>
            <parameters>
                <parameter kind='argument' name='browser' value='chrome-103.0.5060.114'/>
            </parameters>
            <steps>
                <step start='1658302782323' status='passed' stop='1658302782341'>
                    <name>POST /session/:sessionId/elements</name>
                    <title>POST /session/:sessionId/elements</title>
                    <attachments>
                        <attachment title='Request' source='64fa4046-091b-420d-8773-29ebacd1ab79-attachment.json' type='application/json' size='84'/>
                        <attachment title='Response' source='0faa9452-468a-4309-b717-1aee0e1d3fe5-attachment.json' type='application/json' size='548'/>
                    </attachments>
                    <steps/>
                </step>
                <step start='1658302782350' status='passed' stop='1658302782381'>
                    <name>POST /session/:sessionId/elements</name>
                    <title>POST /session/:sessionId/elements</title>
                    <attachments>
                        <attachment title='Request' source='9fe7de60-e6bb-4678-baff-79ae32d3d7f5-attachment.json' type='application/json' size='82'/>
                        <attachment title='Response' source='d0b3dfe0-65aa-4cff-92bb-e71ec237551c-attachment.json' type='application/json' size='1094'/>
                    </attachments>
                    <steps/>
                </step>
                <step start='1658302782393' status='undefined'>
                    <name>GET /session/:sessionId/element/6d9da293-d73d-43d7-b321-1ff37d644e8a/text</name>
                    <title>GET /session/:sessionId/element/6d9da293-d73d-43d7-b321-1ff37d644e8a/text</title>
                    <attachments/>
                    <steps>
                        <step start='1658302782396' status='undefined'>
                            <name>GET /session/:sessionId/element/c112bc02-e4e6-40e4-aae0-1941df132974/text</name>
                            <title>GET /session/:sessionId/element/c112bc02-e4e6-40e4-aae0-1941df132974/text</title>
                            <attachments/>
                            <steps>
                                <step start='1658302782397' status='undefined'>
                                    <name>GET /session/:sessionId/element/5973ee32-42fd-4ac0-8824-18621a85c4df/text</name>
                                    <title>GET /session/:sessionId/element/5973ee32-42fd-4ac0-8824-18621a85c4df/text</title>
                                    <attachments/>
                                    <steps>
                                        <step start='1658302782398' status='undefined'>
                                            <name>GET /session/:sessionId/element/3a47c8f2-14cb-4a6c-a647-e31bc615a3f4/text</name>
                                            <title>GET /session/:sessionId/element/3a47c8f2-14cb-4a6c-a647-e31bc615a3f4/text</title>
                                            <attachments/>
                                            <steps>
                                                <step start='1658302782400' status='undefined'>
                                                    <name>GET /session/:sessionId/element/ce5bf5fa-29c8-401e-85b6-6cb8053788b2/text</name>
                                                    <title>GET /session/:sessionId/element/ce5bf5fa-29c8-401e-85b6-6cb8053788b2/text</title>
                                                    <attachments/>
                                                    <steps>
                                                        <step start='1658302782401' status='undefined'>
                                                            <name>GET /session/:sessionId/element/66480381-ac7b-4035-ab50-ec9ff7ecb945/text</name>
                                                            <title>GET /session/:sessionId/element/66480381-ac7b-4035-ab50-ec9ff7ecb945/text</title>
                                                            <attachments/>
                                                            <steps/>
                                                        </step>
                                                    </steps>
                                                </step>
                                            </steps>
                                        </step>
                                    </steps>
                                </step>
                            </steps>
                        </step>
                    </steps>
                </step>
            </steps>
            <attachments/>
        </test-case>
        <test-case start='1658302782404' status='broken' stop='1658302782405'>
            <name>And the user clicks on "Add"</name>
            <title>And the user clicks on "Add"</title>
            <labels>
                <label name='language' value='javascript'/>
                <label name='framework' value='wdio'/>
                <label name='thread' value='0-0'/>
            </labels>
            <parameters>
                <parameter kind='argument' name='browser' value='chrome-103.0.5060.114'/>
            </parameters>
            <steps/>
            <attachments/>
            <failure>
                <message>Step "the user clicks on "Add"" is not defined. You can ignore this error by setting cucumberOpts.ignoreUndefinedDefinitions as true.</message>
                <stack-trace>Step "the user clicks on "Add"" is not defined. You can ignore this error by setting cucumberOpts.ignoreUndefinedDefinitions as true.
                	at Feature(D:\Task\Weather_Shopper_task\features\Product_prchase\Purchase_moisturiser.feature):1:1
                	at Scenario(Add two moisturizers to the cart that meet specific criteria):5:3
                	at Step(the user clicks on "Add"):10:5
                </stack-trace>
            </failure>
        </test-case>
        <test-case start='1658302782405' status='broken' stop='1658302782405'>
            <name>Then the value of cart should be incremented</name>
            <title>Then the value of cart should be incremented</title>
            <labels>
                <label name='language' value='javascript'/>
                <label name='framework' value='wdio'/>
                <label name='thread' value='0-0'/>
            </labels>
            <parameters>
                <parameter kind='argument' name='browser' value='chrome-103.0.5060.114'/>
            </parameters>
            <steps/>
            <attachments/>
            <failure>
                <message>Step "the value of cart should be incremented" is not defined. You can ignore this error by setting cucumberOpts.ignoreUndefinedDefinitions as true.</message>
                <stack-trace>Step "the value of cart should be incremented" is not defined. You can ignore this error by setting cucumberOpts.ignoreUndefinedDefinitions as true.
                	at Feature(D:\Task\Weather_Shopper_task\features\Product_prchase\Purchase_moisturiser.feature):1:1
                	at Scenario(Add two moisturizers to the cart that meet specific criteria):5:3
                	at Step(the value of cart should be incremented):12:5
                </stack-trace>
            </failure>
        </test-case>
        <test-case start='1658302782405' status='passed' stop='1658302782406'>
            <name></name>
            <title></title>
            <labels>
                <label name='language' value='javascript'/>
                <label name='framework' value='wdio'/>
                <label name='thread' value='0-0'/>
            </labels>
            <parameters>
                <parameter kind='argument' name='browser' value='chrome-103.0.5060.114'/>
            </parameters>
            <steps/>
            <attachments/>
        </test-case>
    </test-cases>
</ns2:test-suite>