<?xml version='1.0'?>
<ns2:test-suite xmlns:ns2='urn:model.allure.qatools.yandex.ru' start='1658303875905' stop='1658303881804'>
    <name>Adding moisturisers to the cart: Add two moisturizers to the cart that meet specific criteria</name>
    <title>Adding moisturisers to the cart: Add two moisturizers to the cart that meet specific criteria</title>
    <test-cases>
        <test-case start='1658303875906' status='passed' stop='1658303875907'>
            <name></name>
            <title></title>
            <labels>
                <label name='language' value='javascript'/>
                <label name='framework' value='wdio'/>
                <label name='thread' value='0-0'/>
            </labels>
            <parameters>
                <parameter kind='argument' name='browser' value='chrome-103.0.5060.114'/>
            </parameters>
            <steps/>
            <attachments/>
        </test-case>
        <test-case start='1658303875907' status='passed' stop='1658303881722'>
            <name>Given the browser is at the "Moisturizers" page</name>
            <title>Given the browser is at the "Moisturizers" page</title>
            <labels>
                <label name='language' value='javascript'/>
                <label name='framework' value='wdio'/>
                <label name='thread' value='0-0'/>
            </labels>
            <parameters>
                <parameter kind='argument' name='browser' value='chrome-103.0.5060.114'/>
            </parameters>
            <steps>
                <step start='1658303875909' status='passed' stop='1658303881720'>
                    <name>POST /session/:sessionId/url</name>
                    <title>POST /session/:sessionId/url</title>
                    <attachments>
                        <attachment title='Request' source='3d77b8be-700f-45cc-a64b-6cbe76117b96-attachment.json' type='application/json' size='68'/>
                    </attachments>
                    <steps/>
                </step>
            </steps>
            <attachments/>
        </test-case>
        <test-case start='1658303881722' status='broken' stop='1658303881802'>
            <name>When the moisturizer is least expensive and contains "Aloe" in the name</name>
            <title>When the moisturizer is least expensive and contains "Aloe" in the name</title>
            <labels>
                <label name='language' value='javascript'/>
                <label name='framework' value='wdio'/>
                <label name='thread' value='0-0'/>
            </labels>
            <parameters>
                <parameter kind='argument' name='browser' value='chrome-103.0.5060.114'/>
            </parameters>
            <steps>
                <step start='1658303881725' status='passed' stop='1658303881743'>
                    <name>POST /session/:sessionId/elements</name>
                    <title>POST /session/:sessionId/elements</title>
                    <attachments>
                        <attachment title='Request' source='6db65674-6f81-46c2-aa6e-5aaff6dfab07-attachment.json' type='application/json' size='84'/>
                        <attachment title='Response' source='67a75d02-8ef2-4817-b2e0-712a215a87c3-attachment.json' type='application/json' size='548'/>
                    </attachments>
                    <steps/>
                </step>
                <step start='1658303881755' status='passed' stop='1658303881770'>
                    <name>POST /session/:sessionId/elements</name>
                    <title>POST /session/:sessionId/elements</title>
                    <attachments>
                        <attachment title='Request' source='04105ca6-54bb-473f-8f4c-da4fa233f52a-attachment.json' type='application/json' size='82'/>
                        <attachment title='Response' source='87e58299-87df-4cee-9f1d-8a25ef463c5a-attachment.json' type='application/json' size='1094'/>
                    </attachments>
                    <steps/>
                </step>
                <step start='1658303881788' status='broken' stop='1658303881801'>
                    <name>GET /session/:sessionId/element/86cd33db-af66-46b2-8cd7-c1bb4187b6ad/text</name>
                    <title>GET /session/:sessionId/element/86cd33db-af66-46b2-8cd7-c1bb4187b6ad/text</title>
                    <attachments/>
                    <steps>
                        <step start='1658303881790' status='broken' stop='1658303881801'>
                            <name>GET /session/:sessionId/element/e503728f-dd60-4018-a846-8365aea2c979/text</name>
                            <title>GET /session/:sessionId/element/e503728f-dd60-4018-a846-8365aea2c979/text</title>
                            <attachments/>
                            <steps>
                                <step start='1658303881792' status='broken' stop='1658303881801'>
                                    <name>GET /session/:sessionId/element/42b8847f-8dc7-47ed-b66e-d3d23252b733/text</name>
                                    <title>GET /session/:sessionId/element/42b8847f-8dc7-47ed-b66e-d3d23252b733/text</title>
                                    <attachments/>
                                    <steps>
                                        <step start='1658303881794' status='broken' stop='1658303881801'>
                                            <name>GET /session/:sessionId/element/04c456d2-c6d5-4b58-bcb1-a27bbabd4b32/text</name>
                                            <title>GET /session/:sessionId/element/04c456d2-c6d5-4b58-bcb1-a27bbabd4b32/text</title>
                                            <attachments/>
                                            <steps>
                                                <step start='1658303881795' status='broken' stop='1658303881801'>
                                                    <name>GET /session/:sessionId/element/7132f9f1-afaf-46d9-a78b-89d1a6bb2125/text</name>
                                                    <title>GET /session/:sessionId/element/7132f9f1-afaf-46d9-a78b-89d1a6bb2125/text</title>
                                                    <attachments/>
                                                    <steps>
                                                        <step start='1658303881798' status='broken' stop='1658303881801'>
                                                            <name>GET /session/:sessionId/element/fe123004-42bd-45e1-8abf-cd242fab3be9/text</name>
                                                            <title>GET /session/:sessionId/element/fe123004-42bd-45e1-8abf-cd242fab3be9/text</title>
                                                            <attachments/>
                                                            <steps/>
                                                        </step>
                                                    </steps>
                                                </step>
                                            </steps>
                                        </step>
                                    </steps>
                                </step>
                            </steps>
                        </step>
                    </steps>
                </step>
            </steps>
            <attachments/>
            <failure>
                <message>TypeError: min.get is not a function</message>
                <stack-trace>TypeError: min.get is not a function
                    at World.&lt;anonymous> (D:\Task\Weather_Shopper_task\Step-Defs\Home_page_step-defs\/Product_purchase_defs.js:71:49)
                    at processTicksAndRejections (node:internal/process/task_queues:96:5)</stack-trace>
            </failure>
        </test-case>
        <test-case start='1658303881802' status='broken' stop='1658303881802'>
            <name>And the user clicks on "Add"</name>
            <title>And the user clicks on "Add"</title>
            <labels>
                <label name='language' value='javascript'/>
                <label name='framework' value='wdio'/>
                <label name='thread' value='0-0'/>
            </labels>
            <parameters>
                <parameter kind='argument' name='browser' value='chrome-103.0.5060.114'/>
            </parameters>
            <steps/>
            <attachments/>
            <failure>
                <message>Step "the user clicks on "Add"" is not defined. You can ignore this error by setting cucumberOpts.ignoreUndefinedDefinitions as true.</message>
                <stack-trace>Step "the user clicks on "Add"" is not defined. You can ignore this error by setting cucumberOpts.ignoreUndefinedDefinitions as true.
                	at Feature(D:\Task\Weather_Shopper_task\features\Product_prchase\Purchase_moisturiser.feature):1:1
                	at Scenario(Add two moisturizers to the cart that meet specific criteria):5:3
                	at Step(the user clicks on "Add"):10:5
                </stack-trace>
            </failure>
        </test-case>
        <test-case start='1658303881802' status='broken' stop='1658303881802'>
            <name>Then the value of cart should be incremented</name>
            <title>Then the value of cart should be incremented</title>
            <labels>
                <label name='language' value='javascript'/>
                <label name='framework' value='wdio'/>
                <label name='thread' value='0-0'/>
            </labels>
            <parameters>
                <parameter kind='argument' name='browser' value='chrome-103.0.5060.114'/>
            </parameters>
            <steps/>
            <attachments/>
            <failure>
                <message>Step "the value of cart should be incremented" is not defined. You can ignore this error by setting cucumberOpts.ignoreUndefinedDefinitions as true.</message>
                <stack-trace>Step "the value of cart should be incremented" is not defined. You can ignore this error by setting cucumberOpts.ignoreUndefinedDefinitions as true.
                	at Feature(D:\Task\Weather_Shopper_task\features\Product_prchase\Purchase_moisturiser.feature):1:1
                	at Scenario(Add two moisturizers to the cart that meet specific criteria):5:3
                	at Step(the value of cart should be incremented):12:5
                </stack-trace>
            </failure>
        </test-case>
        <test-case start='1658303881803' status='passed' stop='1658303881803'>
            <name></name>
            <title></title>
            <labels>
                <label name='language' value='javascript'/>
                <label name='framework' value='wdio'/>
                <label name='thread' value='0-0'/>
            </labels>
            <parameters>
                <parameter kind='argument' name='browser' value='chrome-103.0.5060.114'/>
            </parameters>
            <steps/>
            <attachments/>
        </test-case>
    </test-cases>
</ns2:test-suite>