<?xml version='1.0'?>
<ns2:test-suite xmlns:ns2='urn:model.allure.qatools.yandex.ru' start='1658317367315' stop='1658317369993'>
    <name>Adding moisturisers to the cart: Add two moisturizers to the cart that meet specific criteria</name>
    <title>Adding moisturisers to the cart: Add two moisturizers to the cart that meet specific criteria</title>
    <test-cases>
        <test-case start='1658317367316' status='passed' stop='1658317367318'>
            <name></name>
            <title></title>
            <labels>
                <label name='language' value='javascript'/>
                <label name='framework' value='wdio'/>
                <label name='thread' value='0-0'/>
            </labels>
            <parameters>
                <parameter kind='argument' name='browser' value='chrome-103.0.5060.114'/>
            </parameters>
            <steps/>
            <attachments/>
        </test-case>
        <test-case start='1658317367319' status='passed' stop='1658317369847'>
            <name>Given the browser is at the "Moisturizers" page</name>
            <title>Given the browser is at the "Moisturizers" page</title>
            <labels>
                <label name='language' value='javascript'/>
                <label name='framework' value='wdio'/>
                <label name='thread' value='0-0'/>
            </labels>
            <parameters>
                <parameter kind='argument' name='browser' value='chrome-103.0.5060.114'/>
            </parameters>
            <steps>
                <step start='1658317367321' status='passed' stop='1658317369844'>
                    <name>POST /session/:sessionId/url</name>
                    <title>POST /session/:sessionId/url</title>
                    <attachments>
                        <attachment title='Request' source='7ba780d3-b4d1-4076-9de8-b5023f710829-attachment.json' type='application/json' size='68'/>
                    </attachments>
                    <steps/>
                </step>
            </steps>
            <attachments/>
        </test-case>
        <test-case start='1658317369847' status='broken' stop='1658317369991'>
            <name>When the moisturizer is least expensive and contains "Aloe" in the name</name>
            <title>When the moisturizer is least expensive and contains "Aloe" in the name</title>
            <labels>
                <label name='language' value='javascript'/>
                <label name='framework' value='wdio'/>
                <label name='thread' value='0-0'/>
            </labels>
            <parameters>
                <parameter kind='argument' name='browser' value='chrome-103.0.5060.114'/>
            </parameters>
            <steps>
                <step start='1658317369851' status='passed' stop='1658317369869'>
                    <name>POST /session/:sessionId/elements</name>
                    <title>POST /session/:sessionId/elements</title>
                    <attachments>
                        <attachment title='Request' source='e2d19522-2627-4ed5-80ce-d6bdbbb5cd28-attachment.json' type='application/json' size='84'/>
                        <attachment title='Response' source='4e268244-7f2b-4ec3-b091-a4a742497493-attachment.json' type='application/json' size='548'/>
                    </attachments>
                    <steps/>
                </step>
                <step start='1658317369877' status='passed' stop='1658317369890'>
                    <name>POST /session/:sessionId/elements</name>
                    <title>POST /session/:sessionId/elements</title>
                    <attachments>
                        <attachment title='Request' source='8db6af3b-a4f2-4c6d-bcc2-d369e6be8114-attachment.json' type='application/json' size='95'/>
                        <attachment title='Response' source='3936c497-7b5b-45c3-a188-42463658e013-attachment.json' type='application/json' size='548'/>
                    </attachments>
                    <steps/>
                </step>
                <step start='1658317369897' status='passed' stop='1658317369911'>
                    <name>GET /session/:sessionId/element/517349dd-3350-423e-805b-7552e266e75e/text</name>
                    <title>GET /session/:sessionId/element/517349dd-3350-423e-805b-7552e266e75e/text</title>
                    <attachments>
                        <attachment title='Response' source='c00ac8d7-be4e-4d51-b468-259ef4bca88d-attachment.json' type='application/json' size='16'/>
                    </attachments>
                    <steps/>
                </step>
                <step start='1658317369912' status='passed' stop='1658317369924'>
                    <name>GET /session/:sessionId/element/00c58a44-f028-44d8-945e-7c175b5d799b/text</name>
                    <title>GET /session/:sessionId/element/00c58a44-f028-44d8-945e-7c175b5d799b/text</title>
                    <attachments>
                        <attachment title='Response' source='c5fb28ac-423c-4651-a5da-df36dcb5fd7b-attachment.json' type='application/json' size='16'/>
                    </attachments>
                    <steps/>
                </step>
                <step start='1658317369925' status='passed' stop='1658317369938'>
                    <name>GET /session/:sessionId/element/83975d30-2c69-44c7-bcbd-3927435b84a1/text</name>
                    <title>GET /session/:sessionId/element/83975d30-2c69-44c7-bcbd-3927435b84a1/text</title>
                    <attachments>
                        <attachment title='Response' source='f373270e-2199-42b0-b699-e84e8a9126a7-attachment.json' type='application/json' size='16'/>
                    </attachments>
                    <steps/>
                </step>
                <step start='1658317369939' status='passed' stop='1658317369952'>
                    <name>GET /session/:sessionId/element/6e99cf49-4716-46fe-87d6-680c686f731c/text</name>
                    <title>GET /session/:sessionId/element/6e99cf49-4716-46fe-87d6-680c686f731c/text</title>
                    <attachments>
                        <attachment title='Response' source='d96b245c-9fd6-4dae-ba20-76e5677f0d07-attachment.json' type='application/json' size='12'/>
                    </attachments>
                    <steps/>
                </step>
                <step start='1658317369952' status='passed' stop='1658317369967'>
                    <name>GET /session/:sessionId/element/b4efc7c7-633e-4b7b-bed7-256f25feadcc/text</name>
                    <title>GET /session/:sessionId/element/b4efc7c7-633e-4b7b-bed7-256f25feadcc/text</title>
                    <attachments>
                        <attachment title='Response' source='80fe4b60-75d9-4014-9da5-60b3d61cc6bb-attachment.json' type='application/json' size='12'/>
                    </attachments>
                    <steps/>
                </step>
                <step start='1658317369968' status='passed' stop='1658317369983'>
                    <name>GET /session/:sessionId/element/63591ae4-ac9d-4f1b-81fc-4f15a729d0e9/text</name>
                    <title>GET /session/:sessionId/element/63591ae4-ac9d-4f1b-81fc-4f15a729d0e9/text</title>
                    <attachments>
                        <attachment title='Response' source='0c5b29d0-c7c6-4ee5-a994-aaa8584d5951-attachment.json' type='application/json' size='12'/>
                    </attachments>
                    <steps/>
                </step>
            </steps>
            <attachments/>
            <failure>
                <message>ReferenceError: i is not defined</message>
                <stack-trace>ReferenceError: i is not defined
                    at World.&lt;anonymous> (D:\Task\Weather_Shopper_task\Step-Defs\Home_page_step-defs\/Product_purchase_defs.js:104:54)
                    at processTicksAndRejections (node:internal/process/task_queues:96:5)</stack-trace>
            </failure>
        </test-case>
        <test-case start='1658317369991' status='broken' stop='1658317369991'>
            <name>And the user clicks on "Add"</name>
            <title>And the user clicks on "Add"</title>
            <labels>
                <label name='language' value='javascript'/>
                <label name='framework' value='wdio'/>
                <label name='thread' value='0-0'/>
            </labels>
            <parameters>
                <parameter kind='argument' name='browser' value='chrome-103.0.5060.114'/>
            </parameters>
            <steps/>
            <attachments/>
            <failure>
                <message>Step "the user clicks on "Add"" is not defined. You can ignore this error by setting cucumberOpts.ignoreUndefinedDefinitions as true.</message>
                <stack-trace>Step "the user clicks on "Add"" is not defined. You can ignore this error by setting cucumberOpts.ignoreUndefinedDefinitions as true.
                	at Feature(D:\Task\Weather_Shopper_task\features\Product_prchase\Purchase_moisturiser.feature):1:1
                	at Scenario(Add two moisturizers to the cart that meet specific criteria):5:3
                	at Step(the user clicks on "Add"):10:5
                </stack-trace>
            </failure>
        </test-case>
        <test-case start='1658317369992' status='broken' stop='1658317369992'>
            <name>Then the value of cart should be incremented</name>
            <title>Then the value of cart should be incremented</title>
            <labels>
                <label name='language' value='javascript'/>
                <label name='framework' value='wdio'/>
                <label name='thread' value='0-0'/>
            </labels>
            <parameters>
                <parameter kind='argument' name='browser' value='chrome-103.0.5060.114'/>
            </parameters>
            <steps/>
            <attachments/>
            <failure>
                <message>Step "the value of cart should be incremented" is not defined. You can ignore this error by setting cucumberOpts.ignoreUndefinedDefinitions as true.</message>
                <stack-trace>Step "the value of cart should be incremented" is not defined. You can ignore this error by setting cucumberOpts.ignoreUndefinedDefinitions as true.
                	at Feature(D:\Task\Weather_Shopper_task\features\Product_prchase\Purchase_moisturiser.feature):1:1
                	at Scenario(Add two moisturizers to the cart that meet specific criteria):5:3
                	at Step(the value of cart should be incremented):12:5
                </stack-trace>
            </failure>
        </test-case>
        <test-case start='1658317369992' status='passed' stop='1658317369992'>
            <name></name>
            <title></title>
            <labels>
                <label name='language' value='javascript'/>
                <label name='framework' value='wdio'/>
                <label name='thread' value='0-0'/>
            </labels>
            <parameters>
                <parameter kind='argument' name='browser' value='chrome-103.0.5060.114'/>
            </parameters>
            <steps/>
            <attachments/>
        </test-case>
    </test-cases>
</ns2:test-suite>