<?xml version='1.0'?>
<ns2:test-suite xmlns:ns2='urn:model.allure.qatools.yandex.ru' start='1658226715973' stop='1658226717923'>
    <name>Product Selection: User will Shop for moisturizers if the weather is below 19 degrees while Shops for suncreens if the weather is above 34 degrees.</name>
    <title>Product Selection: User will Shop for moisturizers if the weather is below 19 degrees while Shops for suncreens if the weather is above 34 degrees.</title>
    <test-cases>
        <test-case start='1658226715973' status='passed' stop='1658226715974'>
            <name></name>
            <title></title>
            <labels>
                <label name='language' value='javascript'/>
                <label name='framework' value='wdio'/>
                <label name='thread' value='0-0'/>
            </labels>
            <parameters>
                <parameter kind='argument' name='browser' value='chrome-103.0.5060.114'/>
            </parameters>
            <steps/>
            <attachments/>
        </test-case>
        <test-case start='1658226715974' status='passed' stop='1658226717864'>
            <name>Given A web browser is at the home page</name>
            <title>Given A web browser is at the home page</title>
            <labels>
                <label name='language' value='javascript'/>
                <label name='framework' value='wdio'/>
                <label name='thread' value='0-0'/>
            </labels>
            <parameters>
                <parameter kind='argument' name='browser' value='chrome-103.0.5060.114'/>
            </parameters>
            <steps>
                <step start='1658226715976' status='passed' stop='1658226717779'>
                    <name>POST /session/:sessionId/url</name>
                    <title>POST /session/:sessionId/url</title>
                    <attachments>
                        <attachment title='Request' source='86378ac2-75fe-459c-bef0-670811e74843-attachment.json' type='application/json' size='57'/>
                    </attachments>
                    <steps/>
                </step>
                <step start='1658226717782' status='passed' stop='1658226717803'>
                    <name>POST /session/:sessionId/element</name>
                    <title>POST /session/:sessionId/element</title>
                    <attachments>
                        <attachment title='Request' source='879e4578-a4c3-4915-9470-407f26703045-attachment.json' type='application/json' size='56'/>
                        <attachment title='Response' source='b57d88d9-4b33-4ab4-b951-b0b4920c5854-attachment.json' type='application/json' size='83'/>
                    </attachments>
                    <steps/>
                </step>
                <step start='1658226717814' status='passed' stop='1658226717833'>
                    <name>POST /session/:sessionId/execute/sync</name>
                    <title>POST /session/:sessionId/execute/sync</title>
                    <attachments>
                        <attachment title='Request' source='89a563c7-63c2-40c2-9870-88e1d16da196-attachment.json' type='application/json' size='8337'/>
                        <attachment title='Response' source='9720e02e-140a-4b1a-af50-36d56772cbe3-attachment.json' type='application/json' size='4'/>
                    </attachments>
                    <steps/>
                </step>
                <step start='1658226717836' status='passed' stop='1658226717851'>
                    <name>POST /session/:sessionId/element</name>
                    <title>POST /session/:sessionId/element</title>
                    <attachments>
                        <attachment title='Request' source='894e7ea0-1e37-4d95-a20c-afa0288b5ddd-attachment.json' type='application/json' size='56'/>
                        <attachment title='Response' source='0572e0b8-515f-4ca2-a5cc-2660f3db9778-attachment.json' type='application/json' size='83'/>
                    </attachments>
                    <steps/>
                </step>
                <step start='1658226717858' status='undefined'>
                    <name>GET /session/:sessionId/element/0ea83a5f-8d99-42e3-9f9c-bb2644af405a/text</name>
                    <title>GET /session/:sessionId/element/0ea83a5f-8d99-42e3-9f9c-bb2644af405a/text</title>
                    <attachments/>
                    <steps/>
                </step>
            </steps>
            <attachments/>
        </test-case>
        <test-case start='1658226717864' status='broken' stop='1658226717919'>
            <name>When the user clicks on the "Buy moisturizers" menu option in the menu</name>
            <title>When the user clicks on the "Buy moisturizers" menu option in the menu</title>
            <labels>
                <label name='language' value='javascript'/>
                <label name='framework' value='wdio'/>
                <label name='thread' value='0-0'/>
            </labels>
            <parameters>
                <parameter kind='argument' name='browser' value='chrome-103.0.5060.114'/>
            </parameters>
            <steps/>
            <attachments/>
            <failure>
                <message>ReferenceError: username is not defined</message>
                <stack-trace>ReferenceError: username is not defined
                    at World.&lt;anonymous> (D:\Task\Weather_Shopper_task\Step-Defs\Home_page_step-defs\/steps.js:40:27)
                    at World.executeAsync (D:\Task\Weather_Shopper_task\node_modules\@wdio\utils\build\shim.js:333:27)
                    at World.testFrameworkFnWrapper (D:\Task\Weather_Shopper_task\node_modules\@wdio\utils\build\test-framework\testFnWrapper.js:51:32)
                    at processTicksAndRejections (node:internal/process/task_queues:96:5)
                    at wrapPromiseWithTimeout (D:\Task\Weather_Shopper_task\node_modules\@cucumber\cucumber\src\time.ts:56:10)
                    at Object.run (D:\Task\Weather_Shopper_task\node_modules\@cucumber\cucumber\src\user_code_runner.ts:86:16)
                    at Object.run (D:\Task\Weather_Shopper_task\node_modules\@cucumber\cucumber\src\runtime\step_runner.ts:50:20)
                    at TestCaseRunner.invokeStep (D:\Task\Weather_Shopper_task\node_modules\@cucumber\cucumber\src\runtime\test_case_runner.ts:130:12)
                    at TestCaseRunner.runStep (D:\Task\Weather_Shopper_task\node_modules\@cucumber\cucumber\src\runtime\test_case_runner.ts:312:20)
                    at D:\Task\Weather_Shopper_task\node_modules\@cucumber\cucumber\src\runtime\test_case_runner.ts:214:36</stack-trace>
            </failure>
        </test-case>
        <test-case start='1658226717919' status='broken' stop='1658226717920'>
            <name>Then the title of the page should be Moisturizers</name>
            <title>Then the title of the page should be Moisturizers</title>
            <labels>
                <label name='language' value='javascript'/>
                <label name='framework' value='wdio'/>
                <label name='thread' value='0-0'/>
            </labels>
            <parameters>
                <parameter kind='argument' name='browser' value='chrome-103.0.5060.114'/>
            </parameters>
            <steps/>
            <attachments/>
            <failure>
                <message>Step "the title of the page should be Moisturizers" is not defined. You can ignore this error by setting cucumberOpts.ignoreUndefinedDefinitions as true.</message>
                <stack-trace>Step "the title of the page should be Moisturizers" is not defined. You can ignore this error by setting cucumberOpts.ignoreUndefinedDefinitions as true.
                	at Feature(D:\Task\Weather_Shopper_task\features\HomePage\Home_page.feature):1:1
                	at Scenario(User will Shop for moisturizers if the weather is below 19 degrees while Shops for suncreens if the weather is above 34 degrees.):5:3
                	at Step(the title of the page should be &lt;product>):10:5
                </stack-trace>
            </failure>
        </test-case>
        <test-case start='1658226717920' status='passed' stop='1658226717921'>
            <name></name>
            <title></title>
            <labels>
                <label name='language' value='javascript'/>
                <label name='framework' value='wdio'/>
                <label name='thread' value='0-0'/>
            </labels>
            <parameters>
                <parameter kind='argument' name='browser' value='chrome-103.0.5060.114'/>
            </parameters>
            <steps/>
            <attachments/>
        </test-case>
    </test-cases>
</ns2:test-suite>