<?xml version='1.0'?>
<ns2:test-suite xmlns:ns2='urn:model.allure.qatools.yandex.ru' start='1658376593510' stop='1658376595753'>
    <name>Adding moisturisers to the cart: Add two moisturizers to the cart that meet specific criteria</name>
    <title>Adding moisturisers to the cart: Add two moisturizers to the cart that meet specific criteria</title>
    <test-cases>
        <test-case start='1658376593510' status='passed' stop='1658376593511'>
            <name></name>
            <title></title>
            <labels>
                <label name='language' value='javascript'/>
                <label name='framework' value='wdio'/>
                <label name='thread' value='0-0'/>
            </labels>
            <parameters>
                <parameter kind='argument' name='browser' value='chrome-103.0.5060.114'/>
            </parameters>
            <steps/>
            <attachments/>
        </test-case>
        <test-case start='1658376593511' status='passed' stop='1658376595465'>
            <name>Given the browser is at the "Moisturizers" page</name>
            <title>Given the browser is at the "Moisturizers" page</title>
            <labels>
                <label name='language' value='javascript'/>
                <label name='framework' value='wdio'/>
                <label name='thread' value='0-0'/>
            </labels>
            <parameters>
                <parameter kind='argument' name='browser' value='chrome-103.0.5060.114'/>
            </parameters>
            <steps>
                <step start='1658376593513' status='passed' stop='1658376595463'>
                    <name>POST /session/:sessionId/url</name>
                    <title>POST /session/:sessionId/url</title>
                    <attachments>
                        <attachment title='Request' source='01639cfe-25c1-43d4-be66-4f4ced539652-attachment.json' type='application/json' size='68'/>
                    </attachments>
                    <steps/>
                </step>
            </steps>
            <attachments/>
        </test-case>
        <test-case start='1658376595465' status='broken' stop='1658376595747'>
            <name>When the moisturizer is least expensive and contains "Aloe" in the name</name>
            <title>When the moisturizer is least expensive and contains "Aloe" in the name</title>
            <labels>
                <label name='language' value='javascript'/>
                <label name='framework' value='wdio'/>
                <label name='thread' value='0-0'/>
            </labels>
            <parameters>
                <parameter kind='argument' name='browser' value='chrome-103.0.5060.114'/>
            </parameters>
            <steps>
                <step start='1658376595467' status='passed' stop='1658376595498'>
                    <name>POST /session/:sessionId/elements</name>
                    <title>POST /session/:sessionId/elements</title>
                    <attachments>
                        <attachment title='Request' source='708f4982-8378-439e-b18b-d76345595915-attachment.json' type='application/json' size='116'/>
                        <attachment title='Response' source='eb1d1bcc-ad1e-4dba-a88d-53d24ffc6dd4-attachment.json' type='application/json' size='275'/>
                    </attachments>
                    <steps/>
                </step>
                <step start='1658376595513' status='passed' stop='1658376595539'>
                    <name>POST /session/:sessionId/elements</name>
                    <title>POST /session/:sessionId/elements</title>
                    <attachments>
                        <attachment title='Request' source='ed86433f-ec38-40cb-a769-dbdde72f729e-attachment.json' type='application/json' size='95'/>
                        <attachment title='Response' source='2d07df7c-6809-4d0e-9968-abb64aacef89-attachment.json' type='application/json' size='548'/>
                    </attachments>
                    <steps/>
                </step>
                <step start='1658376595552' status='passed' stop='1658376595576'>
                    <name>POST /session/:sessionId/elements</name>
                    <title>POST /session/:sessionId/elements</title>
                    <attachments>
                        <attachment title='Request' source='122dcce5-c1f7-4cd8-b18d-be5522d0453b-attachment.json' type='application/json' size='121'/>
                        <attachment title='Response' source='737059d5-e5db-477f-8922-da444a4a1698-attachment.json' type='application/json' size='275'/>
                    </attachments>
                    <steps/>
                </step>
                <step start='1658376595584' status='passed' stop='1658376595603'>
                    <name>GET /session/:sessionId/element/45618551-915b-41d9-a0ee-a6f6245d54d8/text</name>
                    <title>GET /session/:sessionId/element/45618551-915b-41d9-a0ee-a6f6245d54d8/text</title>
                    <attachments>
                        <attachment title='Response' source='bcf77b86-02fb-43d3-b451-e03411e78c8a-attachment.json' type='application/json' size='16'/>
                    </attachments>
                    <steps/>
                </step>
                <step start='1658376595604' status='passed' stop='1658376595624'>
                    <name>GET /session/:sessionId/element/ad326e6e-4b07-433e-bf53-da71a3f452d8/text</name>
                    <title>GET /session/:sessionId/element/ad326e6e-4b07-433e-bf53-da71a3f452d8/text</title>
                    <attachments>
                        <attachment title='Response' source='bd79f98d-0d09-4020-bf48-1ba6e6aaf0d3-attachment.json' type='application/json' size='12'/>
                    </attachments>
                    <steps/>
                </step>
                <step start='1658376595625' status='passed' stop='1658376595651'>
                    <name>GET /session/:sessionId/element/a68f3f04-c5ed-4b40-a163-00003eaa381f/text</name>
                    <title>GET /session/:sessionId/element/a68f3f04-c5ed-4b40-a163-00003eaa381f/text</title>
                    <attachments>
                        <attachment title='Response' source='341a4924-6fbb-4a43-bc01-12bd44f6c9c2-attachment.json' type='application/json' size='12'/>
                    </attachments>
                    <steps/>
                </step>
                <step start='1658376595651' status='passed' stop='1658376595670'>
                    <name>GET /session/:sessionId/element/45618551-915b-41d9-a0ee-a6f6245d54d8/text</name>
                    <title>GET /session/:sessionId/element/45618551-915b-41d9-a0ee-a6f6245d54d8/text</title>
                    <attachments>
                        <attachment title='Response' source='1f0e098a-58b2-4c1b-ac2d-7d40c4a79672-attachment.json' type='application/json' size='16'/>
                    </attachments>
                    <steps/>
                </step>
                <step start='1658376595671' status='passed' stop='1658376595688'>
                    <name>GET /session/:sessionId/element/ad326e6e-4b07-433e-bf53-da71a3f452d8/text</name>
                    <title>GET /session/:sessionId/element/ad326e6e-4b07-433e-bf53-da71a3f452d8/text</title>
                    <attachments>
                        <attachment title='Response' source='cc5dda47-c8cb-4354-9a94-9420f37c86c4-attachment.json' type='application/json' size='12'/>
                    </attachments>
                    <steps/>
                </step>
                <step start='1658376595689' status='passed' stop='1658376595703'>
                    <name>GET /session/:sessionId/element/a68f3f04-c5ed-4b40-a163-00003eaa381f/text</name>
                    <title>GET /session/:sessionId/element/a68f3f04-c5ed-4b40-a163-00003eaa381f/text</title>
                    <attachments>
                        <attachment title='Response' source='d8289f4a-e272-4142-9504-fdf8aff084ea-attachment.json' type='application/json' size='12'/>
                    </attachments>
                    <steps/>
                </step>
                <step start='1658376595705' status='broken' stop='1658376595747'>
                    <name>GET /session/:sessionId/element/e24747cf-92df-480d-93c2-c1d3c0c83e81/text</name>
                    <title>GET /session/:sessionId/element/e24747cf-92df-480d-93c2-c1d3c0c83e81/text</title>
                    <attachments/>
                    <steps>
                        <step start='1658376595707' status='passed' stop='1658376595727'>
                            <name>POST /session/:sessionId/element/e24747cf-92df-480d-93c2-c1d3c0c83e81/click</name>
                            <title>POST /session/:sessionId/element/e24747cf-92df-480d-93c2-c1d3c0c83e81/click</title>
                            <attachments>
                                <attachment title='Response' source='a7509ef7-c40f-4ded-95a5-fee82f8dba36-attachment.json' type='application/json' size='5'/>
                            </attachments>
                            <steps/>
                        </step>
                    </steps>
                </step>
            </steps>
            <attachments/>
            <failure>
                <message>TypeError: Cannot read properties of undefined (reading 'getText')</message>
                <stack-trace>TypeError: Cannot read properties of undefined (reading 'getText')
                    at World.&lt;anonymous> (D:\Task\Weather_Shopper_task\Step-Defs\Home_page_step-defs\/Product_purchase_defs.js:55:62)
                    at processTicksAndRejections (node:internal/process/task_queues:96:5)</stack-trace>
            </failure>
        </test-case>
        <test-case start='1658376595748' status='broken' stop='1658376595749'>
            <name>And the user clicks on "Add"</name>
            <title>And the user clicks on "Add"</title>
            <labels>
                <label name='language' value='javascript'/>
                <label name='framework' value='wdio'/>
                <label name='thread' value='0-0'/>
            </labels>
            <parameters>
                <parameter kind='argument' name='browser' value='chrome-103.0.5060.114'/>
            </parameters>
            <steps/>
            <attachments/>
            <failure>
                <message>Step "the user clicks on "Add"" is not defined. You can ignore this error by setting cucumberOpts.ignoreUndefinedDefinitions as true.</message>
                <stack-trace>Step "the user clicks on "Add"" is not defined. You can ignore this error by setting cucumberOpts.ignoreUndefinedDefinitions as true.
                	at Feature(D:\Task\Weather_Shopper_task\features\Product_prchase\Purchase_moisturiser.feature):1:1
                	at Scenario(Add two moisturizers to the cart that meet specific criteria):5:3
                	at Step(the user clicks on "Add"):10:5
                </stack-trace>
            </failure>
        </test-case>
        <test-case start='1658376595749' status='broken' stop='1658376595749'>
            <name>Then the value of cart should be incremented</name>
            <title>Then the value of cart should be incremented</title>
            <labels>
                <label name='language' value='javascript'/>
                <label name='framework' value='wdio'/>
                <label name='thread' value='0-0'/>
            </labels>
            <parameters>
                <parameter kind='argument' name='browser' value='chrome-103.0.5060.114'/>
            </parameters>
            <steps/>
            <attachments/>
            <failure>
                <message>Step "the value of cart should be incremented" is not defined. You can ignore this error by setting cucumberOpts.ignoreUndefinedDefinitions as true.</message>
                <stack-trace>Step "the value of cart should be incremented" is not defined. You can ignore this error by setting cucumberOpts.ignoreUndefinedDefinitions as true.
                	at Feature(D:\Task\Weather_Shopper_task\features\Product_prchase\Purchase_moisturiser.feature):1:1
                	at Scenario(Add two moisturizers to the cart that meet specific criteria):5:3
                	at Step(the value of cart should be incremented):12:5
                </stack-trace>
            </failure>
        </test-case>
        <test-case start='1658376595750' status='passed' stop='1658376595751'>
            <name></name>
            <title></title>
            <labels>
                <label name='language' value='javascript'/>
                <label name='framework' value='wdio'/>
                <label name='thread' value='0-0'/>
            </labels>
            <parameters>
                <parameter kind='argument' name='browser' value='chrome-103.0.5060.114'/>
            </parameters>
            <steps/>
            <attachments/>
        </test-case>
    </test-cases>
</ns2:test-suite>