<?xml version='1.0'?>
<ns2:test-suite xmlns:ns2='urn:model.allure.qatools.yandex.ru' start='1658215310377' stop='1658215310681'>
    <name>Product Selection: User will Shop for moisturizers if the weather is below 19 degrees while Shops for suncreens if the weather is above 34 degrees.</name>
    <title>Product Selection: User will Shop for moisturizers if the weather is below 19 degrees while Shops for suncreens if the weather is above 34 degrees.</title>
    <test-cases>
        <test-case start='1658215310377' status='passed' stop='1658215310377'>
            <name></name>
            <title></title>
            <labels>
                <label name='language' value='javascript'/>
                <label name='framework' value='wdio'/>
                <label name='thread' value='0-0'/>
            </labels>
            <parameters>
                <parameter kind='argument' name='browser' value='chrome-103.0.5060.114'/>
            </parameters>
            <steps/>
            <attachments/>
        </test-case>
        <test-case start='1658215310378' status='passed' stop='1658215310680'>
            <name>Given A web browser is at the home page</name>
            <title>Given A web browser is at the home page</title>
            <labels>
                <label name='language' value='javascript'/>
                <label name='framework' value='wdio'/>
                <label name='thread' value='0-0'/>
            </labels>
            <parameters>
                <parameter kind='argument' name='browser' value='chrome-103.0.5060.114'/>
            </parameters>
            <steps>
                <step start='1658215310378' status='passed' stop='1658215310388'>
                    <name>POST /session/:sessionId/url</name>
                    <title>POST /session/:sessionId/url</title>
                    <attachments>
                        <attachment title='Request' source='099290aa-938a-4e44-81b9-632176c5ae32-attachment.json' type='application/json' size='57'/>
                        <attachment title='Response' source='f7d4a51b-50c0-4e07-98b1-93ed9511bd5d-attachment.json' type='application/json' size='6'/>
                    </attachments>
                    <steps/>
                </step>
                <step start='1658215310645' status='passed' stop='1658215310654'>
                    <name>POST /session/:sessionId/element</name>
                    <title>POST /session/:sessionId/element</title>
                    <attachments>
                        <attachment title='Request' source='68e11504-748f-4170-bec9-783df5eddb0e-attachment.json' type='application/json' size='56'/>
                        <attachment title='Response' source='ddc800f3-10bc-4622-a24e-74e550f0d09e-attachment.json' type='application/json' size='83'/>
                    </attachments>
                    <steps/>
                </step>
                <step start='1658215310657' status='passed' stop='1658215310667'>
                    <name>POST /session/:sessionId/execute/sync</name>
                    <title>POST /session/:sessionId/execute/sync</title>
                    <attachments>
                        <attachment title='Request' source='443961cb-e760-42bb-b81c-b768680f9e10-attachment.json' type='application/json' size='8337'/>
                        <attachment title='Response' source='096c5165-886c-4e34-b0e7-fb7fc50f8cb5-attachment.json' type='application/json' size='4'/>
                    </attachments>
                    <steps/>
                </step>
                <step start='1658215310667' status='passed' stop='1658215310676'>
                    <name>POST /session/:sessionId/element</name>
                    <title>POST /session/:sessionId/element</title>
                    <attachments>
                        <attachment title='Request' source='1164c145-58e0-4179-a575-ad987fa234b2-attachment.json' type='application/json' size='56'/>
                        <attachment title='Response' source='326a7895-d783-4786-ab76-a4a100830695-attachment.json' type='application/json' size='83'/>
                    </attachments>
                    <steps/>
                </step>
                <step start='1658215310678' status='undefined'>
                    <name>GET /session/:sessionId/element/44d9ebf9-568f-4f24-a729-94636c762856/name</name>
                    <title>GET /session/:sessionId/element/44d9ebf9-568f-4f24-a729-94636c762856/name</title>
                    <attachments/>
                    <steps/>
                </step>
            </steps>
            <attachments/>
        </test-case>
        <test-case start='1658215310680' status='broken' stop='1658215310680'>
            <name>And the value of temperature is greater than 34 degrees</name>
            <title>And the value of temperature is greater than 34 degrees</title>
            <labels>
                <label name='language' value='javascript'/>
                <label name='framework' value='wdio'/>
                <label name='thread' value='0-0'/>
            </labels>
            <parameters>
                <parameter kind='argument' name='browser' value='chrome-103.0.5060.114'/>
            </parameters>
            <steps/>
            <attachments/>
            <failure>
                <message>Step "the value of temperature is greater than 34 degrees" is not defined. You can ignore this error by setting cucumberOpts.ignoreUndefinedDefinitions as true.</message>
                <stack-trace>Step "the value of temperature is greater than 34 degrees" is not defined. You can ignore this error by setting cucumberOpts.ignoreUndefinedDefinitions as true.
                	at Feature(D:\Task\Weather_Shopper_task\features\HomePage\Home_page.feature):1:1
                	at Scenario(User will Shop for moisturizers if the weather is below 19 degrees while Shops for suncreens if the weather is above 34 degrees.):5:3
                	at Step(the value of temperature is &lt;temperatureOptions>):8:5
                </stack-trace>
            </failure>
        </test-case>
        <test-case start='1658215310680' status='broken' stop='1658215310680'>
            <name>When the user clicks on Buy sunscreens</name>
            <title>When the user clicks on Buy sunscreens</title>
            <labels>
                <label name='language' value='javascript'/>
                <label name='framework' value='wdio'/>
                <label name='thread' value='0-0'/>
            </labels>
            <parameters>
                <parameter kind='argument' name='browser' value='chrome-103.0.5060.114'/>
            </parameters>
            <steps/>
            <attachments/>
            <failure>
                <message>Step "the user clicks on Buy sunscreens" is not defined. You can ignore this error by setting cucumberOpts.ignoreUndefinedDefinitions as true.</message>
                <stack-trace>Step "the user clicks on Buy sunscreens" is not defined. You can ignore this error by setting cucumberOpts.ignoreUndefinedDefinitions as true.
                	at Feature(D:\Task\Weather_Shopper_task\features\HomePage\Home_page.feature):1:1
                	at Scenario(User will Shop for moisturizers if the weather is below 19 degrees while Shops for suncreens if the weather is above 34 degrees.):5:3
                	at Step(the user clicks on &lt;buyButton>):10:5
                </stack-trace>
            </failure>
        </test-case>
        <test-case start='1658215310680' status='broken' stop='1658215310681'>
            <name>Then the title of the page should be Sunscreens</name>
            <title>Then the title of the page should be Sunscreens</title>
            <labels>
                <label name='language' value='javascript'/>
                <label name='framework' value='wdio'/>
                <label name='thread' value='0-0'/>
            </labels>
            <parameters>
                <parameter kind='argument' name='browser' value='chrome-103.0.5060.114'/>
            </parameters>
            <steps/>
            <attachments/>
            <failure>
                <message>Step "the title of the page should be Sunscreens" is not defined. You can ignore this error by setting cucumberOpts.ignoreUndefinedDefinitions as true.</message>
                <stack-trace>Step "the title of the page should be Sunscreens" is not defined. You can ignore this error by setting cucumberOpts.ignoreUndefinedDefinitions as true.
                	at Feature(D:\Task\Weather_Shopper_task\features\HomePage\Home_page.feature):1:1
                	at Scenario(User will Shop for moisturizers if the weather is below 19 degrees while Shops for suncreens if the weather is above 34 degrees.):5:3
                	at Step(the title of the page should be &lt;product>):11:5
                </stack-trace>
            </failure>
        </test-case>
        <test-case start='1658215310681' status='passed' stop='1658215310681'>
            <name></name>
            <title></title>
            <labels>
                <label name='language' value='javascript'/>
                <label name='framework' value='wdio'/>
                <label name='thread' value='0-0'/>
            </labels>
            <parameters>
                <parameter kind='argument' name='browser' value='chrome-103.0.5060.114'/>
            </parameters>
            <steps/>
            <attachments/>
        </test-case>
    </test-cases>
</ns2:test-suite>