<?xml version='1.0'?>
<ns2:test-suite xmlns:ns2='urn:model.allure.qatools.yandex.ru' start='1658301871380' stop='1658301877006'>
    <name>Adding moisturisers to the cart: Add two moisturizers to the cart that meet specific criteria</name>
    <title>Adding moisturisers to the cart: Add two moisturizers to the cart that meet specific criteria</title>
    <test-cases>
        <test-case start='1658301871381' status='passed' stop='1658301871382'>
            <name></name>
            <title></title>
            <labels>
                <label name='language' value='javascript'/>
                <label name='framework' value='wdio'/>
                <label name='thread' value='0-0'/>
            </labels>
            <parameters>
                <parameter kind='argument' name='browser' value='chrome-103.0.5060.114'/>
            </parameters>
            <steps/>
            <attachments/>
        </test-case>
        <test-case start='1658301871382' status='passed' stop='1658301876936'>
            <name>Given the browser is at the "Moisturizers" page</name>
            <title>Given the browser is at the "Moisturizers" page</title>
            <labels>
                <label name='language' value='javascript'/>
                <label name='framework' value='wdio'/>
                <label name='thread' value='0-0'/>
            </labels>
            <parameters>
                <parameter kind='argument' name='browser' value='chrome-103.0.5060.114'/>
            </parameters>
            <steps>
                <step start='1658301871384' status='passed' stop='1658301876935'>
                    <name>POST /session/:sessionId/url</name>
                    <title>POST /session/:sessionId/url</title>
                    <attachments>
                        <attachment title='Request' source='00fbd789-ddb0-4d26-836c-92009477b890-attachment.json' type='application/json' size='68'/>
                    </attachments>
                    <steps/>
                </step>
            </steps>
            <attachments/>
        </test-case>
        <test-case start='1658301876937' status='passed' stop='1658301877004'>
            <name>When the moisturizer is least expensive and contains "Aloe" in the name</name>
            <title>When the moisturizer is least expensive and contains "Aloe" in the name</title>
            <labels>
                <label name='language' value='javascript'/>
                <label name='framework' value='wdio'/>
                <label name='thread' value='0-0'/>
            </labels>
            <parameters>
                <parameter kind='argument' name='browser' value='chrome-103.0.5060.114'/>
            </parameters>
            <steps>
                <step start='1658301876938' status='passed' stop='1658301876957'>
                    <name>POST /session/:sessionId/elements</name>
                    <title>POST /session/:sessionId/elements</title>
                    <attachments>
                        <attachment title='Request' source='f0cdf1d6-42d4-42e9-a668-4b9d84fa8499-attachment.json' type='application/json' size='84'/>
                        <attachment title='Response' source='20764e3b-12eb-4246-b98c-17e5e45b6180-attachment.json' type='application/json' size='548'/>
                    </attachments>
                    <steps/>
                </step>
                <step start='1658301876967' status='passed' stop='1658301876982'>
                    <name>POST /session/:sessionId/elements</name>
                    <title>POST /session/:sessionId/elements</title>
                    <attachments>
                        <attachment title='Request' source='35103fd5-cb11-4c41-9fd8-d6db57121f08-attachment.json' type='application/json' size='82'/>
                        <attachment title='Response' source='d23d513e-9ea2-4d44-a128-afaae0d15622-attachment.json' type='application/json' size='1094'/>
                    </attachments>
                    <steps/>
                </step>
                <step start='1658301876992' status='undefined'>
                    <name>GET /session/:sessionId/element/15182739-7876-4d8c-95bf-a4a640c8b5fa/text</name>
                    <title>GET /session/:sessionId/element/15182739-7876-4d8c-95bf-a4a640c8b5fa/text</title>
                    <attachments/>
                    <steps>
                        <step start='1658301876994' status='undefined'>
                            <name>GET /session/:sessionId/element/fdc03394-dd3a-4459-90e6-6278d38a92fc/text</name>
                            <title>GET /session/:sessionId/element/fdc03394-dd3a-4459-90e6-6278d38a92fc/text</title>
                            <attachments/>
                            <steps>
                                <step start='1658301876995' status='undefined'>
                                    <name>GET /session/:sessionId/element/92115f96-c6da-4e12-a5ea-274c4539f06b/text</name>
                                    <title>GET /session/:sessionId/element/92115f96-c6da-4e12-a5ea-274c4539f06b/text</title>
                                    <attachments/>
                                    <steps>
                                        <step start='1658301876998' status='undefined'>
                                            <name>GET /session/:sessionId/element/d8197312-c491-4d52-a3b6-8ad3c903d84c/text</name>
                                            <title>GET /session/:sessionId/element/d8197312-c491-4d52-a3b6-8ad3c903d84c/text</title>
                                            <attachments/>
                                            <steps>
                                                <step start='1658301877000' status='undefined'>
                                                    <name>GET /session/:sessionId/element/2fb647ba-ed18-48b9-91ce-eb41c9bb3e65/text</name>
                                                    <title>GET /session/:sessionId/element/2fb647ba-ed18-48b9-91ce-eb41c9bb3e65/text</title>
                                                    <attachments/>
                                                    <steps>
                                                        <step start='1658301877002' status='undefined'>
                                                            <name>GET /session/:sessionId/element/3efdd3d8-ffa7-4a5d-9dae-51706891de92/text</name>
                                                            <title>GET /session/:sessionId/element/3efdd3d8-ffa7-4a5d-9dae-51706891de92/text</title>
                                                            <attachments/>
                                                            <steps/>
                                                        </step>
                                                    </steps>
                                                </step>
                                            </steps>
                                        </step>
                                    </steps>
                                </step>
                            </steps>
                        </step>
                    </steps>
                </step>
            </steps>
            <attachments/>
        </test-case>
        <test-case start='1658301877004' status='broken' stop='1658301877005'>
            <name>And the user clicks on "Add"</name>
            <title>And the user clicks on "Add"</title>
            <labels>
                <label name='language' value='javascript'/>
                <label name='framework' value='wdio'/>
                <label name='thread' value='0-0'/>
            </labels>
            <parameters>
                <parameter kind='argument' name='browser' value='chrome-103.0.5060.114'/>
            </parameters>
            <steps/>
            <attachments/>
            <failure>
                <message>Step "the user clicks on "Add"" is not defined. You can ignore this error by setting cucumberOpts.ignoreUndefinedDefinitions as true.</message>
                <stack-trace>Step "the user clicks on "Add"" is not defined. You can ignore this error by setting cucumberOpts.ignoreUndefinedDefinitions as true.
                	at Feature(D:\Task\Weather_Shopper_task\features\Product_prchase\Purchase_moisturiser.feature):1:1
                	at Scenario(Add two moisturizers to the cart that meet specific criteria):5:3
                	at Step(the user clicks on "Add"):10:5
                </stack-trace>
            </failure>
        </test-case>
        <test-case start='1658301877005' status='broken' stop='1658301877005'>
            <name>Then the value of cart should be incremented</name>
            <title>Then the value of cart should be incremented</title>
            <labels>
                <label name='language' value='javascript'/>
                <label name='framework' value='wdio'/>
                <label name='thread' value='0-0'/>
            </labels>
            <parameters>
                <parameter kind='argument' name='browser' value='chrome-103.0.5060.114'/>
            </parameters>
            <steps/>
            <attachments/>
            <failure>
                <message>Step "the value of cart should be incremented" is not defined. You can ignore this error by setting cucumberOpts.ignoreUndefinedDefinitions as true.</message>
                <stack-trace>Step "the value of cart should be incremented" is not defined. You can ignore this error by setting cucumberOpts.ignoreUndefinedDefinitions as true.
                	at Feature(D:\Task\Weather_Shopper_task\features\Product_prchase\Purchase_moisturiser.feature):1:1
                	at Scenario(Add two moisturizers to the cart that meet specific criteria):5:3
                	at Step(the value of cart should be incremented):12:5
                </stack-trace>
            </failure>
        </test-case>
        <test-case start='1658301877005' status='passed' stop='1658301877006'>
            <name></name>
            <title></title>
            <labels>
                <label name='language' value='javascript'/>
                <label name='framework' value='wdio'/>
                <label name='thread' value='0-0'/>
            </labels>
            <parameters>
                <parameter kind='argument' name='browser' value='chrome-103.0.5060.114'/>
            </parameters>
            <steps/>
            <attachments/>
        </test-case>
    </test-cases>
</ns2:test-suite>