<?xml version='1.0'?>
<ns2:test-suite xmlns:ns2='urn:model.allure.qatools.yandex.ru' start='1658300193102' stop='1658300195793'>
    <name>Adding moisturisers to the cart: Add two moisturizers to the cart that meet specific criteria</name>
    <title>Adding moisturisers to the cart: Add two moisturizers to the cart that meet specific criteria</title>
    <test-cases>
        <test-case start='1658300193103' status='passed' stop='1658300193105'>
            <name></name>
            <title></title>
            <labels>
                <label name='language' value='javascript'/>
                <label name='framework' value='wdio'/>
                <label name='thread' value='0-0'/>
            </labels>
            <parameters>
                <parameter kind='argument' name='browser' value='chrome-103.0.5060.114'/>
            </parameters>
            <steps/>
            <attachments/>
        </test-case>
        <test-case start='1658300193105' status='passed' stop='1658300195756'>
            <name>Given the browser is at the "Moisturizers" page</name>
            <title>Given the browser is at the "Moisturizers" page</title>
            <labels>
                <label name='language' value='javascript'/>
                <label name='framework' value='wdio'/>
                <label name='thread' value='0-0'/>
            </labels>
            <parameters>
                <parameter kind='argument' name='browser' value='chrome-103.0.5060.114'/>
            </parameters>
            <steps>
                <step start='1658300193107' status='passed' stop='1658300195755'>
                    <name>POST /session/:sessionId/url</name>
                    <title>POST /session/:sessionId/url</title>
                    <attachments>
                        <attachment title='Request' source='937d1a88-a775-454c-a1a7-73214c689007-attachment.json' type='application/json' size='68'/>
                    </attachments>
                    <steps/>
                </step>
            </steps>
            <attachments/>
        </test-case>
        <test-case start='1658300195756' status='passed' stop='1658300195790'>
            <name>When the moisturizer is least expensive and contains "Aloe" in the name</name>
            <title>When the moisturizer is least expensive and contains "Aloe" in the name</title>
            <labels>
                <label name='language' value='javascript'/>
                <label name='framework' value='wdio'/>
                <label name='thread' value='0-0'/>
            </labels>
            <parameters>
                <parameter kind='argument' name='browser' value='chrome-103.0.5060.114'/>
            </parameters>
            <steps>
                <step start='1658300195758' status='passed' stop='1658300195772'>
                    <name>POST /session/:sessionId/elements</name>
                    <title>POST /session/:sessionId/elements</title>
                    <attachments>
                        <attachment title='Request' source='674540b3-2b59-49a0-a769-0ecf845a3458-attachment.json' type='application/json' size='84'/>
                        <attachment title='Response' source='05c0b521-5ebf-45f6-9e29-666f4ab00fd2-attachment.json' type='application/json' size='548'/>
                    </attachments>
                    <steps/>
                </step>
                <step start='1658300195781' status='undefined'>
                    <name>GET /session/:sessionId/element/dfc2e951-e640-433b-a926-5ab1199daad3/text</name>
                    <title>GET /session/:sessionId/element/dfc2e951-e640-433b-a926-5ab1199daad3/text</title>
                    <attachments/>
                    <steps>
                        <step start='1658300195783' status='undefined'>
                            <name>GET /session/:sessionId/element/42497e0f-637e-46ca-97dd-6eb0fe13ac4b/text</name>
                            <title>GET /session/:sessionId/element/42497e0f-637e-46ca-97dd-6eb0fe13ac4b/text</title>
                            <attachments/>
                            <steps>
                                <step start='1658300195784' status='undefined'>
                                    <name>GET /session/:sessionId/element/b3cfe71e-b0c4-4588-a31d-44d79d7ab051/text</name>
                                    <title>GET /session/:sessionId/element/b3cfe71e-b0c4-4588-a31d-44d79d7ab051/text</title>
                                    <attachments/>
                                    <steps>
                                        <step start='1658300195786' status='undefined'>
                                            <name>GET /session/:sessionId/element/412573ac-a0ee-4bee-a887-ebb25ebba0c6/text</name>
                                            <title>GET /session/:sessionId/element/412573ac-a0ee-4bee-a887-ebb25ebba0c6/text</title>
                                            <attachments/>
                                            <steps>
                                                <step start='1658300195787' status='undefined'>
                                                    <name>GET /session/:sessionId/element/d4e76197-eb7b-4566-9590-f4de4b1af27c/text</name>
                                                    <title>GET /session/:sessionId/element/d4e76197-eb7b-4566-9590-f4de4b1af27c/text</title>
                                                    <attachments/>
                                                    <steps>
                                                        <step start='1658300195788' status='undefined'>
                                                            <name>GET /session/:sessionId/element/f258b494-5286-4411-8100-3b638e8be9d2/text</name>
                                                            <title>GET /session/:sessionId/element/f258b494-5286-4411-8100-3b638e8be9d2/text</title>
                                                            <attachments/>
                                                            <steps/>
                                                        </step>
                                                    </steps>
                                                </step>
                                            </steps>
                                        </step>
                                    </steps>
                                </step>
                            </steps>
                        </step>
                    </steps>
                </step>
            </steps>
            <attachments/>
        </test-case>
        <test-case start='1658300195790' status='broken' stop='1658300195791'>
            <name>And the user clicks on "Add"</name>
            <title>And the user clicks on "Add"</title>
            <labels>
                <label name='language' value='javascript'/>
                <label name='framework' value='wdio'/>
                <label name='thread' value='0-0'/>
            </labels>
            <parameters>
                <parameter kind='argument' name='browser' value='chrome-103.0.5060.114'/>
            </parameters>
            <steps/>
            <attachments/>
            <failure>
                <message>Step "the user clicks on "Add"" is not defined. You can ignore this error by setting cucumberOpts.ignoreUndefinedDefinitions as true.</message>
                <stack-trace>Step "the user clicks on "Add"" is not defined. You can ignore this error by setting cucumberOpts.ignoreUndefinedDefinitions as true.
                	at Feature(D:\Task\Weather_Shopper_task\features\Product_prchase\Purchase_moisturiser.feature):1:1
                	at Scenario(Add two moisturizers to the cart that meet specific criteria):5:3
                	at Step(the user clicks on "Add"):10:5
                </stack-trace>
            </failure>
        </test-case>
        <test-case start='1658300195791' status='broken' stop='1658300195791'>
            <name>Then the value of cart should be incremented</name>
            <title>Then the value of cart should be incremented</title>
            <labels>
                <label name='language' value='javascript'/>
                <label name='framework' value='wdio'/>
                <label name='thread' value='0-0'/>
            </labels>
            <parameters>
                <parameter kind='argument' name='browser' value='chrome-103.0.5060.114'/>
            </parameters>
            <steps/>
            <attachments/>
            <failure>
                <message>Step "the value of cart should be incremented" is not defined. You can ignore this error by setting cucumberOpts.ignoreUndefinedDefinitions as true.</message>
                <stack-trace>Step "the value of cart should be incremented" is not defined. You can ignore this error by setting cucumberOpts.ignoreUndefinedDefinitions as true.
                	at Feature(D:\Task\Weather_Shopper_task\features\Product_prchase\Purchase_moisturiser.feature):1:1
                	at Scenario(Add two moisturizers to the cart that meet specific criteria):5:3
                	at Step(the value of cart should be incremented):12:5
                </stack-trace>
            </failure>
        </test-case>
        <test-case start='1658300195792' status='passed' stop='1658300195792'>
            <name></name>
            <title></title>
            <labels>
                <label name='language' value='javascript'/>
                <label name='framework' value='wdio'/>
                <label name='thread' value='0-0'/>
            </labels>
            <parameters>
                <parameter kind='argument' name='browser' value='chrome-103.0.5060.114'/>
            </parameters>
            <steps/>
            <attachments/>
        </test-case>
    </test-cases>
</ns2:test-suite>