<?xml version='1.0'?>
<ns2:test-suite xmlns:ns2='urn:model.allure.qatools.yandex.ru' start='1658309694486' stop='1658309697277'>
    <name>Adding moisturisers to the cart: Add two moisturizers to the cart that meet specific criteria</name>
    <title>Adding moisturisers to the cart: Add two moisturizers to the cart that meet specific criteria</title>
    <test-cases>
        <test-case start='1658309694486' status='passed' stop='1658309694487'>
            <name></name>
            <title></title>
            <labels>
                <label name='language' value='javascript'/>
                <label name='framework' value='wdio'/>
                <label name='thread' value='0-0'/>
            </labels>
            <parameters>
                <parameter kind='argument' name='browser' value='chrome-103.0.5060.114'/>
            </parameters>
            <steps/>
            <attachments/>
        </test-case>
        <test-case start='1658309694487' status='passed' stop='1658309697109'>
            <name>Given the browser is at the "Moisturizers" page</name>
            <title>Given the browser is at the "Moisturizers" page</title>
            <labels>
                <label name='language' value='javascript'/>
                <label name='framework' value='wdio'/>
                <label name='thread' value='0-0'/>
            </labels>
            <parameters>
                <parameter kind='argument' name='browser' value='chrome-103.0.5060.114'/>
            </parameters>
            <steps>
                <step start='1658309694489' status='passed' stop='1658309697108'>
                    <name>POST /session/:sessionId/url</name>
                    <title>POST /session/:sessionId/url</title>
                    <attachments>
                        <attachment title='Request' source='ccc57375-8207-4cd4-b311-d3067800c40a-attachment.json' type='application/json' size='68'/>
                    </attachments>
                    <steps/>
                </step>
            </steps>
            <attachments/>
        </test-case>
        <test-case start='1658309697110' status='broken' stop='1658309697275'>
            <name>When the moisturizer is least expensive and contains "Aloe" in the name</name>
            <title>When the moisturizer is least expensive and contains "Aloe" in the name</title>
            <labels>
                <label name='language' value='javascript'/>
                <label name='framework' value='wdio'/>
                <label name='thread' value='0-0'/>
            </labels>
            <parameters>
                <parameter kind='argument' name='browser' value='chrome-103.0.5060.114'/>
            </parameters>
            <steps>
                <step start='1658309697113' status='passed' stop='1658309697130'>
                    <name>POST /session/:sessionId/elements</name>
                    <title>POST /session/:sessionId/elements</title>
                    <attachments>
                        <attachment title='Request' source='ad843976-8a79-4278-8baa-b08d15e7bde3-attachment.json' type='application/json' size='84'/>
                        <attachment title='Response' source='1c2e5214-151b-4a82-bbf7-9bbc434b55fa-attachment.json' type='application/json' size='548'/>
                    </attachments>
                    <steps/>
                </step>
                <step start='1658309697137' status='passed' stop='1658309697152'>
                    <name>POST /session/:sessionId/elements</name>
                    <title>POST /session/:sessionId/elements</title>
                    <attachments>
                        <attachment title='Request' source='b50b3fef-653d-4ba0-be68-8ade41bc2687-attachment.json' type='application/json' size='82'/>
                        <attachment title='Response' source='9ae1c3fb-8220-4252-8d88-96454671c151-attachment.json' type='application/json' size='1094'/>
                    </attachments>
                    <steps/>
                </step>
                <step start='1658309697164' status='passed' stop='1658309697177'>
                    <name>GET /session/:sessionId/element/96c6c730-77fe-43f3-9912-fdd54543045b/text</name>
                    <title>GET /session/:sessionId/element/96c6c730-77fe-43f3-9912-fdd54543045b/text</title>
                    <attachments>
                        <attachment title='Response' source='965181bc-07cb-4d95-aae3-76e59bcc3939-attachment.json' type='application/json' size='16'/>
                    </attachments>
                    <steps/>
                </step>
                <step start='1658309697178' status='passed' stop='1658309697190'>
                    <name>GET /session/:sessionId/element/40d9618e-7d77-4503-8d01-d10b197ff0a2/text</name>
                    <title>GET /session/:sessionId/element/40d9618e-7d77-4503-8d01-d10b197ff0a2/text</title>
                    <attachments>
                        <attachment title='Response' source='228ef944-7fde-4b5c-a463-2f9d27e2e1cb-attachment.json' type='application/json' size='16'/>
                    </attachments>
                    <steps/>
                </step>
                <step start='1658309697191' status='passed' stop='1658309697203'>
                    <name>GET /session/:sessionId/element/67d143ee-a4e4-4c04-94f1-a3dcf4c2cd06/text</name>
                    <title>GET /session/:sessionId/element/67d143ee-a4e4-4c04-94f1-a3dcf4c2cd06/text</title>
                    <attachments>
                        <attachment title='Response' source='948278f3-7c8d-4e4f-ad0f-89f4d3b38d3c-attachment.json' type='application/json' size='16'/>
                    </attachments>
                    <steps/>
                </step>
                <step start='1658309697203' status='passed' stop='1658309697239'>
                    <name>GET /session/:sessionId/element/8e030551-1150-4c58-b403-a104e84c2934/text</name>
                    <title>GET /session/:sessionId/element/8e030551-1150-4c58-b403-a104e84c2934/text</title>
                    <attachments>
                        <attachment title='Response' source='40f984d8-998e-407a-aa2f-0a314be60225-attachment.json' type='application/json' size='12'/>
                    </attachments>
                    <steps/>
                </step>
                <step start='1658309697240' status='passed' stop='1658309697251'>
                    <name>GET /session/:sessionId/element/e25f057c-4018-49ac-b466-453b1cc70b94/text</name>
                    <title>GET /session/:sessionId/element/e25f057c-4018-49ac-b466-453b1cc70b94/text</title>
                    <attachments>
                        <attachment title='Response' source='b837efae-e28d-4b21-aebe-66beefdb935c-attachment.json' type='application/json' size='12'/>
                    </attachments>
                    <steps/>
                </step>
                <step start='1658309697251' status='passed' stop='1658309697266'>
                    <name>GET /session/:sessionId/element/59d8df5c-115f-476a-8281-4599373b8433/text</name>
                    <title>GET /session/:sessionId/element/59d8df5c-115f-476a-8281-4599373b8433/text</title>
                    <attachments>
                        <attachment title='Response' source='c94d88b6-e82e-4909-9245-000320c780bf-attachment.json' type='application/json' size='12'/>
                    </attachments>
                    <steps/>
                </step>
            </steps>
            <attachments/>
            <failure>
                <message>ReferenceError: i is not defined</message>
                <stack-trace>ReferenceError: i is not defined
                    at World.&lt;anonymous> (D:\Task\Weather_Shopper_task\Step-Defs\Home_page_step-defs\/Product_purchase_defs.js:101:48)
                    at processTicksAndRejections (node:internal/process/task_queues:96:5)</stack-trace>
            </failure>
        </test-case>
        <test-case start='1658309697275' status='broken' stop='1658309697275'>
            <name>And the user clicks on "Add"</name>
            <title>And the user clicks on "Add"</title>
            <labels>
                <label name='language' value='javascript'/>
                <label name='framework' value='wdio'/>
                <label name='thread' value='0-0'/>
            </labels>
            <parameters>
                <parameter kind='argument' name='browser' value='chrome-103.0.5060.114'/>
            </parameters>
            <steps/>
            <attachments/>
            <failure>
                <message>Step "the user clicks on "Add"" is not defined. You can ignore this error by setting cucumberOpts.ignoreUndefinedDefinitions as true.</message>
                <stack-trace>Step "the user clicks on "Add"" is not defined. You can ignore this error by setting cucumberOpts.ignoreUndefinedDefinitions as true.
                	at Feature(D:\Task\Weather_Shopper_task\features\Product_prchase\Purchase_moisturiser.feature):1:1
                	at Scenario(Add two moisturizers to the cart that meet specific criteria):5:3
                	at Step(the user clicks on "Add"):10:5
                </stack-trace>
            </failure>
        </test-case>
        <test-case start='1658309697275' status='broken' stop='1658309697276'>
            <name>Then the value of cart should be incremented</name>
            <title>Then the value of cart should be incremented</title>
            <labels>
                <label name='language' value='javascript'/>
                <label name='framework' value='wdio'/>
                <label name='thread' value='0-0'/>
            </labels>
            <parameters>
                <parameter kind='argument' name='browser' value='chrome-103.0.5060.114'/>
            </parameters>
            <steps/>
            <attachments/>
            <failure>
                <message>Step "the value of cart should be incremented" is not defined. You can ignore this error by setting cucumberOpts.ignoreUndefinedDefinitions as true.</message>
                <stack-trace>Step "the value of cart should be incremented" is not defined. You can ignore this error by setting cucumberOpts.ignoreUndefinedDefinitions as true.
                	at Feature(D:\Task\Weather_Shopper_task\features\Product_prchase\Purchase_moisturiser.feature):1:1
                	at Scenario(Add two moisturizers to the cart that meet specific criteria):5:3
                	at Step(the value of cart should be incremented):12:5
                </stack-trace>
            </failure>
        </test-case>
        <test-case start='1658309697276' status='passed' stop='1658309697276'>
            <name></name>
            <title></title>
            <labels>
                <label name='language' value='javascript'/>
                <label name='framework' value='wdio'/>
                <label name='thread' value='0-0'/>
            </labels>
            <parameters>
                <parameter kind='argument' name='browser' value='chrome-103.0.5060.114'/>
            </parameters>
            <steps/>
            <attachments/>
        </test-case>
    </test-cases>
</ns2:test-suite>