<?xml version='1.0'?>
<ns2:test-suite xmlns:ns2='urn:model.allure.qatools.yandex.ru' start='1658303898669' stop='1658303904853'>
    <name>Adding moisturisers to the cart: Add two moisturizers to the cart that meet specific criteria</name>
    <title>Adding moisturisers to the cart: Add two moisturizers to the cart that meet specific criteria</title>
    <test-cases>
        <test-case start='1658303898669' status='passed' stop='1658303898670'>
            <name></name>
            <title></title>
            <labels>
                <label name='language' value='javascript'/>
                <label name='framework' value='wdio'/>
                <label name='thread' value='0-0'/>
            </labels>
            <parameters>
                <parameter kind='argument' name='browser' value='chrome-103.0.5060.114'/>
            </parameters>
            <steps/>
            <attachments/>
        </test-case>
        <test-case start='1658303898670' status='passed' stop='1658303904751'>
            <name>Given the browser is at the "Moisturizers" page</name>
            <title>Given the browser is at the "Moisturizers" page</title>
            <labels>
                <label name='language' value='javascript'/>
                <label name='framework' value='wdio'/>
                <label name='thread' value='0-0'/>
            </labels>
            <parameters>
                <parameter kind='argument' name='browser' value='chrome-103.0.5060.114'/>
            </parameters>
            <steps>
                <step start='1658303898672' status='passed' stop='1658303904749'>
                    <name>POST /session/:sessionId/url</name>
                    <title>POST /session/:sessionId/url</title>
                    <attachments>
                        <attachment title='Request' source='39351a97-618a-4033-9f8d-29797dc85637-attachment.json' type='application/json' size='68'/>
                    </attachments>
                    <steps/>
                </step>
            </steps>
            <attachments/>
        </test-case>
        <test-case start='1658303904751' status='broken' stop='1658303904851'>
            <name>When the moisturizer is least expensive and contains "Aloe" in the name</name>
            <title>When the moisturizer is least expensive and contains "Aloe" in the name</title>
            <labels>
                <label name='language' value='javascript'/>
                <label name='framework' value='wdio'/>
                <label name='thread' value='0-0'/>
            </labels>
            <parameters>
                <parameter kind='argument' name='browser' value='chrome-103.0.5060.114'/>
            </parameters>
            <steps>
                <step start='1658303904754' status='passed' stop='1658303904773'>
                    <name>POST /session/:sessionId/elements</name>
                    <title>POST /session/:sessionId/elements</title>
                    <attachments>
                        <attachment title='Request' source='8e3009c4-acaa-4f9c-bfc3-831a2ccb2c66-attachment.json' type='application/json' size='84'/>
                        <attachment title='Response' source='8dbc8360-108d-4b9e-a098-1b6896e30554-attachment.json' type='application/json' size='548'/>
                    </attachments>
                    <steps/>
                </step>
                <step start='1658303904782' status='passed' stop='1658303904820'>
                    <name>POST /session/:sessionId/elements</name>
                    <title>POST /session/:sessionId/elements</title>
                    <attachments>
                        <attachment title='Request' source='8a517742-74f0-4d32-9221-94b3cd088bbf-attachment.json' type='application/json' size='82'/>
                        <attachment title='Response' source='189742ba-75f8-42eb-8a7e-f49c1ada1932-attachment.json' type='application/json' size='1094'/>
                    </attachments>
                    <steps/>
                </step>
                <step start='1658303904838' status='broken' stop='1658303904850'>
                    <name>GET /session/:sessionId/element/2752d800-bd08-4130-b915-882b22ea34b1/text</name>
                    <title>GET /session/:sessionId/element/2752d800-bd08-4130-b915-882b22ea34b1/text</title>
                    <attachments/>
                    <steps>
                        <step start='1658303904840' status='broken' stop='1658303904850'>
                            <name>GET /session/:sessionId/element/4a030208-089d-4ee2-a123-87eab78f233b/text</name>
                            <title>GET /session/:sessionId/element/4a030208-089d-4ee2-a123-87eab78f233b/text</title>
                            <attachments/>
                            <steps>
                                <step start='1658303904842' status='broken' stop='1658303904850'>
                                    <name>GET /session/:sessionId/element/438a63a7-87f1-4763-ac59-c66c836be67c/text</name>
                                    <title>GET /session/:sessionId/element/438a63a7-87f1-4763-ac59-c66c836be67c/text</title>
                                    <attachments/>
                                    <steps>
                                        <step start='1658303904844' status='broken' stop='1658303904850'>
                                            <name>GET /session/:sessionId/element/26e79e17-1a8a-4324-a1dd-4aff4c2731f5/text</name>
                                            <title>GET /session/:sessionId/element/26e79e17-1a8a-4324-a1dd-4aff4c2731f5/text</title>
                                            <attachments/>
                                            <steps>
                                                <step start='1658303904846' status='broken' stop='1658303904850'>
                                                    <name>GET /session/:sessionId/element/55286445-52b7-4fab-97dd-7c20b2e48c4c/text</name>
                                                    <title>GET /session/:sessionId/element/55286445-52b7-4fab-97dd-7c20b2e48c4c/text</title>
                                                    <attachments/>
                                                    <steps>
                                                        <step start='1658303904847' status='broken' stop='1658303904850'>
                                                            <name>GET /session/:sessionId/element/efd14af4-d8b9-4641-bc78-55771fa64359/text</name>
                                                            <title>GET /session/:sessionId/element/efd14af4-d8b9-4641-bc78-55771fa64359/text</title>
                                                            <attachments/>
                                                            <steps/>
                                                        </step>
                                                    </steps>
                                                </step>
                                            </steps>
                                        </step>
                                    </steps>
                                </step>
                            </steps>
                        </step>
                    </steps>
                </step>
            </steps>
            <attachments/>
            <failure>
                <message>TypeError: min.get is not a function</message>
                <stack-trace>TypeError: min.get is not a function
                    at World.&lt;anonymous> (D:\Task\Weather_Shopper_task\Step-Defs\Home_page_step-defs\/Product_purchase_defs.js:71:49)
                    at processTicksAndRejections (node:internal/process/task_queues:96:5)</stack-trace>
            </failure>
        </test-case>
        <test-case start='1658303904851' status='broken' stop='1658303904851'>
            <name>And the user clicks on "Add"</name>
            <title>And the user clicks on "Add"</title>
            <labels>
                <label name='language' value='javascript'/>
                <label name='framework' value='wdio'/>
                <label name='thread' value='0-0'/>
            </labels>
            <parameters>
                <parameter kind='argument' name='browser' value='chrome-103.0.5060.114'/>
            </parameters>
            <steps/>
            <attachments/>
            <failure>
                <message>Step "the user clicks on "Add"" is not defined. You can ignore this error by setting cucumberOpts.ignoreUndefinedDefinitions as true.</message>
                <stack-trace>Step "the user clicks on "Add"" is not defined. You can ignore this error by setting cucumberOpts.ignoreUndefinedDefinitions as true.
                	at Feature(D:\Task\Weather_Shopper_task\features\Product_prchase\Purchase_moisturiser.feature):1:1
                	at Scenario(Add two moisturizers to the cart that meet specific criteria):5:3
                	at Step(the user clicks on "Add"):10:5
                </stack-trace>
            </failure>
        </test-case>
        <test-case start='1658303904851' status='broken' stop='1658303904851'>
            <name>Then the value of cart should be incremented</name>
            <title>Then the value of cart should be incremented</title>
            <labels>
                <label name='language' value='javascript'/>
                <label name='framework' value='wdio'/>
                <label name='thread' value='0-0'/>
            </labels>
            <parameters>
                <parameter kind='argument' name='browser' value='chrome-103.0.5060.114'/>
            </parameters>
            <steps/>
            <attachments/>
            <failure>
                <message>Step "the value of cart should be incremented" is not defined. You can ignore this error by setting cucumberOpts.ignoreUndefinedDefinitions as true.</message>
                <stack-trace>Step "the value of cart should be incremented" is not defined. You can ignore this error by setting cucumberOpts.ignoreUndefinedDefinitions as true.
                	at Feature(D:\Task\Weather_Shopper_task\features\Product_prchase\Purchase_moisturiser.feature):1:1
                	at Scenario(Add two moisturizers to the cart that meet specific criteria):5:3
                	at Step(the value of cart should be incremented):12:5
                </stack-trace>
            </failure>
        </test-case>
        <test-case start='1658303904851' status='passed' stop='1658303904852'>
            <name></name>
            <title></title>
            <labels>
                <label name='language' value='javascript'/>
                <label name='framework' value='wdio'/>
                <label name='thread' value='0-0'/>
            </labels>
            <parameters>
                <parameter kind='argument' name='browser' value='chrome-103.0.5060.114'/>
            </parameters>
            <steps/>
            <attachments/>
        </test-case>
    </test-cases>
</ns2:test-suite>