<?xml version='1.0'?>
<ns2:test-suite xmlns:ns2='urn:model.allure.qatools.yandex.ru' start='1658292585427' stop='1658292586962'>
    <name>Adding moisturisers to the cart: Add two moisturizers to the cart that meet specific criteria</name>
    <title>Adding moisturisers to the cart: Add two moisturizers to the cart that meet specific criteria</title>
    <test-cases>
        <test-case start='1658292585427' status='passed' stop='1658292585427'>
            <name></name>
            <title></title>
            <labels>
                <label name='language' value='javascript'/>
                <label name='framework' value='wdio'/>
                <label name='thread' value='0-0'/>
            </labels>
            <parameters>
                <parameter kind='argument' name='browser' value='chrome-103.0.5060.114'/>
            </parameters>
            <steps/>
            <attachments/>
        </test-case>
        <test-case start='1658292585427' status='passed' stop='1658292586941'>
            <name>Given the browser is at the "Moisturizers" page</name>
            <title>Given the browser is at the "Moisturizers" page</title>
            <labels>
                <label name='language' value='javascript'/>
                <label name='framework' value='wdio'/>
                <label name='thread' value='0-0'/>
            </labels>
            <parameters>
                <parameter kind='argument' name='browser' value='chrome-103.0.5060.114'/>
            </parameters>
            <steps>
                <step start='1658292585428' status='passed' stop='1658292586940'>
                    <name>POST /session/:sessionId/url</name>
                    <title>POST /session/:sessionId/url</title>
                    <attachments>
                        <attachment title='Request' source='a60142cf-0749-4f4b-863a-b7f011f8849e-attachment.json' type='application/json' size='68'/>
                    </attachments>
                    <steps/>
                </step>
            </steps>
            <attachments/>
        </test-case>
        <test-case start='1658292586941' status='broken' stop='1658292586960'>
            <name>When the moisturizer is least expensive and contains "Almond" in the name</name>
            <title>When the moisturizer is least expensive and contains "Almond" in the name</title>
            <labels>
                <label name='language' value='javascript'/>
                <label name='framework' value='wdio'/>
                <label name='thread' value='0-0'/>
            </labels>
            <parameters>
                <parameter kind='argument' name='browser' value='chrome-103.0.5060.114'/>
            </parameters>
            <steps>
                <step start='1658292586942' status='passed' stop='1658292586952'>
                    <name>POST /session/:sessionId/elements</name>
                    <title>POST /session/:sessionId/elements</title>
                    <attachments>
                        <attachment title='Request' source='4ee4b40b-2a92-4171-85a0-136721b9dbed-attachment.json' type='application/json' size='84'/>
                        <attachment title='Response' source='d51612fb-408a-41d5-aa51-6d4e16fad65f-attachment.json' type='application/json' size='548'/>
                    </attachments>
                    <steps/>
                </step>
            </steps>
            <attachments/>
            <failure>
                <message>ReferenceError: i is not defined</message>
                <stack-trace>ReferenceError: i is not defined
                    at World.&lt;anonymous> (D:\Task\Weather_Shopper_task\Step-Defs\Home_page_step-defs\/Product_purchase_defs.js:14:11)
                    at processTicksAndRejections (node:internal/process/task_queues:96:5)</stack-trace>
            </failure>
        </test-case>
        <test-case start='1658292586960' status='broken' stop='1658292586961'>
            <name>And the user clicks on "Add"</name>
            <title>And the user clicks on "Add"</title>
            <labels>
                <label name='language' value='javascript'/>
                <label name='framework' value='wdio'/>
                <label name='thread' value='0-0'/>
            </labels>
            <parameters>
                <parameter kind='argument' name='browser' value='chrome-103.0.5060.114'/>
            </parameters>
            <steps/>
            <attachments/>
            <failure>
                <message>Step "the user clicks on "Add"" is not defined. You can ignore this error by setting cucumberOpts.ignoreUndefinedDefinitions as true.</message>
                <stack-trace>Step "the user clicks on "Add"" is not defined. You can ignore this error by setting cucumberOpts.ignoreUndefinedDefinitions as true.
                	at Feature(D:\Task\Weather_Shopper_task\features\Product_prchase\Purchase_moisturiser.feature):1:1
                	at Scenario(Add two moisturizers to the cart that meet specific criteria):5:3
                	at Step(the user clicks on "Add"):10:5
                </stack-trace>
            </failure>
        </test-case>
        <test-case start='1658292586961' status='broken' stop='1658292586961'>
            <name>Then the value of cart should be incremented</name>
            <title>Then the value of cart should be incremented</title>
            <labels>
                <label name='language' value='javascript'/>
                <label name='framework' value='wdio'/>
                <label name='thread' value='0-0'/>
            </labels>
            <parameters>
                <parameter kind='argument' name='browser' value='chrome-103.0.5060.114'/>
            </parameters>
            <steps/>
            <attachments/>
            <failure>
                <message>Step "the value of cart should be incremented" is not defined. You can ignore this error by setting cucumberOpts.ignoreUndefinedDefinitions as true.</message>
                <stack-trace>Step "the value of cart should be incremented" is not defined. You can ignore this error by setting cucumberOpts.ignoreUndefinedDefinitions as true.
                	at Feature(D:\Task\Weather_Shopper_task\features\Product_prchase\Purchase_moisturiser.feature):1:1
                	at Scenario(Add two moisturizers to the cart that meet specific criteria):5:3
                	at Step(the value of cart should be incremented):12:5
                </stack-trace>
            </failure>
        </test-case>
        <test-case start='1658292586961' status='passed' stop='1658292586962'>
            <name></name>
            <title></title>
            <labels>
                <label name='language' value='javascript'/>
                <label name='framework' value='wdio'/>
                <label name='thread' value='0-0'/>
            </labels>
            <parameters>
                <parameter kind='argument' name='browser' value='chrome-103.0.5060.114'/>
            </parameters>
            <steps/>
            <attachments/>
        </test-case>
    </test-cases>
</ns2:test-suite>