<?xml version='1.0'?>
<ns2:test-suite xmlns:ns2='urn:model.allure.qatools.yandex.ru' start='1658304508967' stop='1658304511644'>
    <name>Adding moisturisers to the cart: Add two moisturizers to the cart that meet specific criteria</name>
    <title>Adding moisturisers to the cart: Add two moisturizers to the cart that meet specific criteria</title>
    <test-cases>
        <test-case start='1658304508968' status='passed' stop='1658304508969'>
            <name></name>
            <title></title>
            <labels>
                <label name='language' value='javascript'/>
                <label name='framework' value='wdio'/>
                <label name='thread' value='0-0'/>
            </labels>
            <parameters>
                <parameter kind='argument' name='browser' value='chrome-103.0.5060.114'/>
            </parameters>
            <steps/>
            <attachments/>
        </test-case>
        <test-case start='1658304508969' status='passed' stop='1658304511502'>
            <name>Given the browser is at the "Moisturizers" page</name>
            <title>Given the browser is at the "Moisturizers" page</title>
            <labels>
                <label name='language' value='javascript'/>
                <label name='framework' value='wdio'/>
                <label name='thread' value='0-0'/>
            </labels>
            <parameters>
                <parameter kind='argument' name='browser' value='chrome-103.0.5060.114'/>
            </parameters>
            <steps>
                <step start='1658304508970' status='passed' stop='1658304511501'>
                    <name>POST /session/:sessionId/url</name>
                    <title>POST /session/:sessionId/url</title>
                    <attachments>
                        <attachment title='Request' source='551ea426-aa2e-41e1-8fb5-25e005dd3807-attachment.json' type='application/json' size='68'/>
                    </attachments>
                    <steps/>
                </step>
            </steps>
            <attachments/>
        </test-case>
        <test-case start='1658304511502' status='passed' stop='1658304511640'>
            <name>When the moisturizer is least expensive and contains "Aloe" in the name</name>
            <title>When the moisturizer is least expensive and contains "Aloe" in the name</title>
            <labels>
                <label name='language' value='javascript'/>
                <label name='framework' value='wdio'/>
                <label name='thread' value='0-0'/>
            </labels>
            <parameters>
                <parameter kind='argument' name='browser' value='chrome-103.0.5060.114'/>
            </parameters>
            <steps>
                <step start='1658304511504' status='passed' stop='1658304511518'>
                    <name>POST /session/:sessionId/elements</name>
                    <title>POST /session/:sessionId/elements</title>
                    <attachments>
                        <attachment title='Request' source='dc117d91-32bc-4ed5-ab15-a8a87f7bdd71-attachment.json' type='application/json' size='84'/>
                        <attachment title='Response' source='a85f6797-043c-49d7-919b-f8ead6937a4c-attachment.json' type='application/json' size='548'/>
                    </attachments>
                    <steps/>
                </step>
                <step start='1658304511525' status='passed' stop='1658304511540'>
                    <name>POST /session/:sessionId/elements</name>
                    <title>POST /session/:sessionId/elements</title>
                    <attachments>
                        <attachment title='Request' source='1562b350-735a-489d-98a7-606d6e7bdd94-attachment.json' type='application/json' size='82'/>
                        <attachment title='Response' source='018d6244-f74a-4684-b7e8-63cff746ae8e-attachment.json' type='application/json' size='1094'/>
                    </attachments>
                    <steps/>
                </step>
                <step start='1658304511554' status='passed' stop='1658304511569'>
                    <name>GET /session/:sessionId/element/8ab1418e-764b-4323-96e2-589f1a744f24/text</name>
                    <title>GET /session/:sessionId/element/8ab1418e-764b-4323-96e2-589f1a744f24/text</title>
                    <attachments>
                        <attachment title='Response' source='02d1ddd4-aa9a-45a9-97a4-ced92c9e3ca1-attachment.json' type='application/json' size='16'/>
                    </attachments>
                    <steps/>
                </step>
                <step start='1658304511569' status='passed' stop='1658304511581'>
                    <name>GET /session/:sessionId/element/8ba6e4c9-4dfe-4ed3-8b37-eb63895daa3c/text</name>
                    <title>GET /session/:sessionId/element/8ba6e4c9-4dfe-4ed3-8b37-eb63895daa3c/text</title>
                    <attachments>
                        <attachment title='Response' source='91675262-a683-428e-bbd0-eec44b47e65e-attachment.json' type='application/json' size='16'/>
                    </attachments>
                    <steps/>
                </step>
                <step start='1658304511582' status='passed' stop='1658304511594'>
                    <name>GET /session/:sessionId/element/80b88ecb-e1d4-4e84-bce1-9933de1304ae/text</name>
                    <title>GET /session/:sessionId/element/80b88ecb-e1d4-4e84-bce1-9933de1304ae/text</title>
                    <attachments>
                        <attachment title='Response' source='038514ec-9c3d-4b40-b94f-8316e13331e4-attachment.json' type='application/json' size='16'/>
                    </attachments>
                    <steps/>
                </step>
                <step start='1658304511595' status='passed' stop='1658304511608'>
                    <name>GET /session/:sessionId/element/20d1766d-8d05-47ec-be8c-126f69e25d18/text</name>
                    <title>GET /session/:sessionId/element/20d1766d-8d05-47ec-be8c-126f69e25d18/text</title>
                    <attachments>
                        <attachment title='Response' source='20220b55-c742-44ef-a99a-a7e58e7fbe26-attachment.json' type='application/json' size='12'/>
                    </attachments>
                    <steps/>
                </step>
                <step start='1658304511608' status='passed' stop='1658304511624'>
                    <name>GET /session/:sessionId/element/ff18b4c0-a855-4011-ac5e-58332d68a17b/text</name>
                    <title>GET /session/:sessionId/element/ff18b4c0-a855-4011-ac5e-58332d68a17b/text</title>
                    <attachments>
                        <attachment title='Response' source='2ee21832-4768-4937-a175-b031840ebc11-attachment.json' type='application/json' size='12'/>
                    </attachments>
                    <steps/>
                </step>
                <step start='1658304511625' status='passed' stop='1658304511639'>
                    <name>GET /session/:sessionId/element/157bbd74-a8ef-4f37-8d73-7b215eab38b0/text</name>
                    <title>GET /session/:sessionId/element/157bbd74-a8ef-4f37-8d73-7b215eab38b0/text</title>
                    <attachments>
                        <attachment title='Response' source='72550c6c-47f2-4d93-8061-7165334c9d74-attachment.json' type='application/json' size='12'/>
                    </attachments>
                    <steps/>
                </step>
            </steps>
            <attachments/>
        </test-case>
        <test-case start='1658304511640' status='broken' stop='1658304511641'>
            <name>And the user clicks on "Add"</name>
            <title>And the user clicks on "Add"</title>
            <labels>
                <label name='language' value='javascript'/>
                <label name='framework' value='wdio'/>
                <label name='thread' value='0-0'/>
            </labels>
            <parameters>
                <parameter kind='argument' name='browser' value='chrome-103.0.5060.114'/>
            </parameters>
            <steps/>
            <attachments/>
            <failure>
                <message>Step "the user clicks on "Add"" is not defined. You can ignore this error by setting cucumberOpts.ignoreUndefinedDefinitions as true.</message>
                <stack-trace>Step "the user clicks on "Add"" is not defined. You can ignore this error by setting cucumberOpts.ignoreUndefinedDefinitions as true.
                	at Feature(D:\Task\Weather_Shopper_task\features\Product_prchase\Purchase_moisturiser.feature):1:1
                	at Scenario(Add two moisturizers to the cart that meet specific criteria):5:3
                	at Step(the user clicks on "Add"):10:5
                </stack-trace>
            </failure>
        </test-case>
        <test-case start='1658304511641' status='broken' stop='1658304511642'>
            <name>Then the value of cart should be incremented</name>
            <title>Then the value of cart should be incremented</title>
            <labels>
                <label name='language' value='javascript'/>
                <label name='framework' value='wdio'/>
                <label name='thread' value='0-0'/>
            </labels>
            <parameters>
                <parameter kind='argument' name='browser' value='chrome-103.0.5060.114'/>
            </parameters>
            <steps/>
            <attachments/>
            <failure>
                <message>Step "the value of cart should be incremented" is not defined. You can ignore this error by setting cucumberOpts.ignoreUndefinedDefinitions as true.</message>
                <stack-trace>Step "the value of cart should be incremented" is not defined. You can ignore this error by setting cucumberOpts.ignoreUndefinedDefinitions as true.
                	at Feature(D:\Task\Weather_Shopper_task\features\Product_prchase\Purchase_moisturiser.feature):1:1
                	at Scenario(Add two moisturizers to the cart that meet specific criteria):5:3
                	at Step(the value of cart should be incremented):12:5
                </stack-trace>
            </failure>
        </test-case>
        <test-case start='1658304511642' status='passed' stop='1658304511643'>
            <name></name>
            <title></title>
            <labels>
                <label name='language' value='javascript'/>
                <label name='framework' value='wdio'/>
                <label name='thread' value='0-0'/>
            </labels>
            <parameters>
                <parameter kind='argument' name='browser' value='chrome-103.0.5060.114'/>
            </parameters>
            <steps/>
            <attachments/>
        </test-case>
    </test-cases>
</ns2:test-suite>