<?xml version='1.0'?>
<ns2:test-suite xmlns:ns2='urn:model.allure.qatools.yandex.ru' start='1658305021152' stop='1658305023596'>
    <name>Adding moisturisers to the cart: Add two moisturizers to the cart that meet specific criteria</name>
    <title>Adding moisturisers to the cart: Add two moisturizers to the cart that meet specific criteria</title>
    <test-cases>
        <test-case start='1658305021152' status='passed' stop='1658305021153'>
            <name></name>
            <title></title>
            <labels>
                <label name='language' value='javascript'/>
                <label name='framework' value='wdio'/>
                <label name='thread' value='0-0'/>
            </labels>
            <parameters>
                <parameter kind='argument' name='browser' value='chrome-103.0.5060.114'/>
            </parameters>
            <steps/>
            <attachments/>
        </test-case>
        <test-case start='1658305021154' status='passed' stop='1658305023456'>
            <name>Given the browser is at the "Moisturizers" page</name>
            <title>Given the browser is at the "Moisturizers" page</title>
            <labels>
                <label name='language' value='javascript'/>
                <label name='framework' value='wdio'/>
                <label name='thread' value='0-0'/>
            </labels>
            <parameters>
                <parameter kind='argument' name='browser' value='chrome-103.0.5060.114'/>
            </parameters>
            <steps>
                <step start='1658305021159' status='passed' stop='1658305023456'>
                    <name>POST /session/:sessionId/url</name>
                    <title>POST /session/:sessionId/url</title>
                    <attachments>
                        <attachment title='Request' source='d493fa74-3874-4ecb-9d37-ecfa25dee92a-attachment.json' type='application/json' size='68'/>
                    </attachments>
                    <steps/>
                </step>
            </steps>
            <attachments/>
        </test-case>
        <test-case start='1658305023457' status='passed' stop='1658305023591'>
            <name>When the moisturizer is least expensive and contains "Aloe" in the name</name>
            <title>When the moisturizer is least expensive and contains "Aloe" in the name</title>
            <labels>
                <label name='language' value='javascript'/>
                <label name='framework' value='wdio'/>
                <label name='thread' value='0-0'/>
            </labels>
            <parameters>
                <parameter kind='argument' name='browser' value='chrome-103.0.5060.114'/>
            </parameters>
            <steps>
                <step start='1658305023458' status='passed' stop='1658305023474'>
                    <name>POST /session/:sessionId/elements</name>
                    <title>POST /session/:sessionId/elements</title>
                    <attachments>
                        <attachment title='Request' source='1ffc55fd-8393-48e5-a38e-5d2ba33e71ff-attachment.json' type='application/json' size='84'/>
                        <attachment title='Response' source='ceb765fa-7198-42f1-8678-26551ebc986e-attachment.json' type='application/json' size='548'/>
                    </attachments>
                    <steps/>
                </step>
                <step start='1658305023482' status='passed' stop='1658305023497'>
                    <name>POST /session/:sessionId/elements</name>
                    <title>POST /session/:sessionId/elements</title>
                    <attachments>
                        <attachment title='Request' source='55bf2425-c7eb-420c-97ff-a245ad183aa8-attachment.json' type='application/json' size='82'/>
                        <attachment title='Response' source='01b276cc-a360-471d-a304-09a77d3e066c-attachment.json' type='application/json' size='1094'/>
                    </attachments>
                    <steps/>
                </step>
                <step start='1658305023510' status='passed' stop='1658305023523'>
                    <name>GET /session/:sessionId/element/8d8c0e79-36d6-420c-8c9c-7d3c2381924d/text</name>
                    <title>GET /session/:sessionId/element/8d8c0e79-36d6-420c-8c9c-7d3c2381924d/text</title>
                    <attachments>
                        <attachment title='Response' source='736392ea-f4b3-463f-b553-f07d3f9919a3-attachment.json' type='application/json' size='16'/>
                    </attachments>
                    <steps/>
                </step>
                <step start='1658305023524' status='passed' stop='1658305023536'>
                    <name>GET /session/:sessionId/element/8d807563-82af-461c-9e76-c8facd2707ef/text</name>
                    <title>GET /session/:sessionId/element/8d807563-82af-461c-9e76-c8facd2707ef/text</title>
                    <attachments>
                        <attachment title='Response' source='6a6f4024-250e-4390-b7e8-2a09a095cf2f-attachment.json' type='application/json' size='16'/>
                    </attachments>
                    <steps/>
                </step>
                <step start='1658305023537' status='passed' stop='1658305023550'>
                    <name>GET /session/:sessionId/element/7e833afa-abba-42a6-a466-015b7d0aabc2/text</name>
                    <title>GET /session/:sessionId/element/7e833afa-abba-42a6-a466-015b7d0aabc2/text</title>
                    <attachments>
                        <attachment title='Response' source='26cb6ff3-f17d-4d48-bbf7-1bba783a0d26-attachment.json' type='application/json' size='16'/>
                    </attachments>
                    <steps/>
                </step>
                <step start='1658305023551' status='passed' stop='1658305023561'>
                    <name>GET /session/:sessionId/element/8a9f4b43-7ae2-416a-ab51-f5ef3b991558/text</name>
                    <title>GET /session/:sessionId/element/8a9f4b43-7ae2-416a-ab51-f5ef3b991558/text</title>
                    <attachments>
                        <attachment title='Response' source='01354e97-6018-442c-b98f-cc5fad7b3a46-attachment.json' type='application/json' size='12'/>
                    </attachments>
                    <steps/>
                </step>
                <step start='1658305023562' status='passed' stop='1658305023576'>
                    <name>GET /session/:sessionId/element/d430b582-6c65-4900-8b31-18058b8102d0/text</name>
                    <title>GET /session/:sessionId/element/d430b582-6c65-4900-8b31-18058b8102d0/text</title>
                    <attachments>
                        <attachment title='Response' source='cc2f7436-554f-4869-b914-2a3096e8fb95-attachment.json' type='application/json' size='12'/>
                    </attachments>
                    <steps/>
                </step>
                <step start='1658305023576' status='passed' stop='1658305023590'>
                    <name>GET /session/:sessionId/element/80750eb3-dff3-46d4-91a1-d00f21d48020/text</name>
                    <title>GET /session/:sessionId/element/80750eb3-dff3-46d4-91a1-d00f21d48020/text</title>
                    <attachments>
                        <attachment title='Response' source='d81e6319-ae07-4e46-a151-7d2b61e1b9b1-attachment.json' type='application/json' size='12'/>
                    </attachments>
                    <steps/>
                </step>
            </steps>
            <attachments/>
        </test-case>
        <test-case start='1658305023591' status='broken' stop='1658305023593'>
            <name>And the user clicks on "Add"</name>
            <title>And the user clicks on "Add"</title>
            <labels>
                <label name='language' value='javascript'/>
                <label name='framework' value='wdio'/>
                <label name='thread' value='0-0'/>
            </labels>
            <parameters>
                <parameter kind='argument' name='browser' value='chrome-103.0.5060.114'/>
            </parameters>
            <steps/>
            <attachments/>
            <failure>
                <message>Step "the user clicks on "Add"" is not defined. You can ignore this error by setting cucumberOpts.ignoreUndefinedDefinitions as true.</message>
                <stack-trace>Step "the user clicks on "Add"" is not defined. You can ignore this error by setting cucumberOpts.ignoreUndefinedDefinitions as true.
                	at Feature(D:\Task\Weather_Shopper_task\features\Product_prchase\Purchase_moisturiser.feature):1:1
                	at Scenario(Add two moisturizers to the cart that meet specific criteria):5:3
                	at Step(the user clicks on "Add"):10:5
                </stack-trace>
            </failure>
        </test-case>
        <test-case start='1658305023593' status='broken' stop='1658305023594'>
            <name>Then the value of cart should be incremented</name>
            <title>Then the value of cart should be incremented</title>
            <labels>
                <label name='language' value='javascript'/>
                <label name='framework' value='wdio'/>
                <label name='thread' value='0-0'/>
            </labels>
            <parameters>
                <parameter kind='argument' name='browser' value='chrome-103.0.5060.114'/>
            </parameters>
            <steps/>
            <attachments/>
            <failure>
                <message>Step "the value of cart should be incremented" is not defined. You can ignore this error by setting cucumberOpts.ignoreUndefinedDefinitions as true.</message>
                <stack-trace>Step "the value of cart should be incremented" is not defined. You can ignore this error by setting cucumberOpts.ignoreUndefinedDefinitions as true.
                	at Feature(D:\Task\Weather_Shopper_task\features\Product_prchase\Purchase_moisturiser.feature):1:1
                	at Scenario(Add two moisturizers to the cart that meet specific criteria):5:3
                	at Step(the value of cart should be incremented):12:5
                </stack-trace>
            </failure>
        </test-case>
        <test-case start='1658305023594' status='passed' stop='1658305023595'>
            <name></name>
            <title></title>
            <labels>
                <label name='language' value='javascript'/>
                <label name='framework' value='wdio'/>
                <label name='thread' value='0-0'/>
            </labels>
            <parameters>
                <parameter kind='argument' name='browser' value='chrome-103.0.5060.114'/>
            </parameters>
            <steps/>
            <attachments/>
        </test-case>
    </test-cases>
</ns2:test-suite>