<?xml version='1.0'?>
<ns2:test-suite xmlns:ns2='urn:model.allure.qatools.yandex.ru' start='1658305219878' stop='1658305223147'>
    <name>Adding moisturisers to the cart: Add two moisturizers to the cart that meet specific criteria</name>
    <title>Adding moisturisers to the cart: Add two moisturizers to the cart that meet specific criteria</title>
    <test-cases>
        <test-case start='1658305219879' status='passed' stop='1658305219880'>
            <name></name>
            <title></title>
            <labels>
                <label name='language' value='javascript'/>
                <label name='framework' value='wdio'/>
                <label name='thread' value='0-0'/>
            </labels>
            <parameters>
                <parameter kind='argument' name='browser' value='chrome-103.0.5060.114'/>
            </parameters>
            <steps/>
            <attachments/>
        </test-case>
        <test-case start='1658305219880' status='passed' stop='1658305222989'>
            <name>Given the browser is at the "Moisturizers" page</name>
            <title>Given the browser is at the "Moisturizers" page</title>
            <labels>
                <label name='language' value='javascript'/>
                <label name='framework' value='wdio'/>
                <label name='thread' value='0-0'/>
            </labels>
            <parameters>
                <parameter kind='argument' name='browser' value='chrome-103.0.5060.114'/>
            </parameters>
            <steps>
                <step start='1658305219881' status='passed' stop='1658305222987'>
                    <name>POST /session/:sessionId/url</name>
                    <title>POST /session/:sessionId/url</title>
                    <attachments>
                        <attachment title='Request' source='e73f1e3b-98bc-4dd5-b83b-9707152ce01f-attachment.json' type='application/json' size='68'/>
                    </attachments>
                    <steps/>
                </step>
            </steps>
            <attachments/>
        </test-case>
        <test-case start='1658305222989' status='passed' stop='1658305223143'>
            <name>When the moisturizer is least expensive and contains "Aloe" in the name</name>
            <title>When the moisturizer is least expensive and contains "Aloe" in the name</title>
            <labels>
                <label name='language' value='javascript'/>
                <label name='framework' value='wdio'/>
                <label name='thread' value='0-0'/>
            </labels>
            <parameters>
                <parameter kind='argument' name='browser' value='chrome-103.0.5060.114'/>
            </parameters>
            <steps>
                <step start='1658305222991' status='passed' stop='1658305223007'>
                    <name>POST /session/:sessionId/elements</name>
                    <title>POST /session/:sessionId/elements</title>
                    <attachments>
                        <attachment title='Request' source='a9bee2f0-f8b9-41d5-8e34-51e806de52c9-attachment.json' type='application/json' size='84'/>
                        <attachment title='Response' source='3120037d-2227-424d-ad86-ed2191f9557e-attachment.json' type='application/json' size='548'/>
                    </attachments>
                    <steps/>
                </step>
                <step start='1658305223014' status='passed' stop='1658305223029'>
                    <name>POST /session/:sessionId/elements</name>
                    <title>POST /session/:sessionId/elements</title>
                    <attachments>
                        <attachment title='Request' source='0f6446c5-3206-48ee-8644-d4cc76942d23-attachment.json' type='application/json' size='82'/>
                        <attachment title='Response' source='df287703-57c9-4601-98da-9333f66180ea-attachment.json' type='application/json' size='1094'/>
                    </attachments>
                    <steps/>
                </step>
                <step start='1658305223050' status='passed' stop='1658305223067'>
                    <name>GET /session/:sessionId/element/9b279954-6230-4411-aa53-df1efc5436a4/text</name>
                    <title>GET /session/:sessionId/element/9b279954-6230-4411-aa53-df1efc5436a4/text</title>
                    <attachments>
                        <attachment title='Response' source='d0cc942b-e8fd-4825-ac19-6411b574bf96-attachment.json' type='application/json' size='16'/>
                    </attachments>
                    <steps/>
                </step>
                <step start='1658305223068' status='passed' stop='1658305223088'>
                    <name>GET /session/:sessionId/element/e1dce55d-bacc-43a5-be6d-795a7c30d149/text</name>
                    <title>GET /session/:sessionId/element/e1dce55d-bacc-43a5-be6d-795a7c30d149/text</title>
                    <attachments>
                        <attachment title='Response' source='25c41127-6bb7-4a27-b521-df44802bcbfb-attachment.json' type='application/json' size='16'/>
                    </attachments>
                    <steps/>
                </step>
                <step start='1658305223089' status='passed' stop='1658305223101'>
                    <name>GET /session/:sessionId/element/c9c7b3ab-a7ab-4ee6-8555-b3677a379be7/text</name>
                    <title>GET /session/:sessionId/element/c9c7b3ab-a7ab-4ee6-8555-b3677a379be7/text</title>
                    <attachments>
                        <attachment title='Response' source='389f1bb4-cb2e-4d9f-86ae-609fc86420d1-attachment.json' type='application/json' size='16'/>
                    </attachments>
                    <steps/>
                </step>
                <step start='1658305223101' status='passed' stop='1658305223115'>
                    <name>GET /session/:sessionId/element/586700d3-8a5a-493d-8851-09b6495488bd/text</name>
                    <title>GET /session/:sessionId/element/586700d3-8a5a-493d-8851-09b6495488bd/text</title>
                    <attachments>
                        <attachment title='Response' source='90f89a46-480b-47d4-8756-97189f85ea1f-attachment.json' type='application/json' size='12'/>
                    </attachments>
                    <steps/>
                </step>
                <step start='1658305223116' status='passed' stop='1658305223128'>
                    <name>GET /session/:sessionId/element/17319d2f-89ce-47c9-9597-10c165a96b21/text</name>
                    <title>GET /session/:sessionId/element/17319d2f-89ce-47c9-9597-10c165a96b21/text</title>
                    <attachments>
                        <attachment title='Response' source='6ff454e9-11c6-487e-97e8-85ac2f794aa7-attachment.json' type='application/json' size='12'/>
                    </attachments>
                    <steps/>
                </step>
                <step start='1658305223129' status='passed' stop='1658305223142'>
                    <name>GET /session/:sessionId/element/49709d27-d50f-4f1b-a4c2-7a4727bb9f20/text</name>
                    <title>GET /session/:sessionId/element/49709d27-d50f-4f1b-a4c2-7a4727bb9f20/text</title>
                    <attachments>
                        <attachment title='Response' source='f9ce72bb-71a1-4d9c-8c73-7940bc498792-attachment.json' type='application/json' size='12'/>
                    </attachments>
                    <steps/>
                </step>
            </steps>
            <attachments/>
        </test-case>
        <test-case start='1658305223144' status='broken' stop='1658305223144'>
            <name>And the user clicks on "Add"</name>
            <title>And the user clicks on "Add"</title>
            <labels>
                <label name='language' value='javascript'/>
                <label name='framework' value='wdio'/>
                <label name='thread' value='0-0'/>
            </labels>
            <parameters>
                <parameter kind='argument' name='browser' value='chrome-103.0.5060.114'/>
            </parameters>
            <steps/>
            <attachments/>
            <failure>
                <message>Step "the user clicks on "Add"" is not defined. You can ignore this error by setting cucumberOpts.ignoreUndefinedDefinitions as true.</message>
                <stack-trace>Step "the user clicks on "Add"" is not defined. You can ignore this error by setting cucumberOpts.ignoreUndefinedDefinitions as true.
                	at Feature(D:\Task\Weather_Shopper_task\features\Product_prchase\Purchase_moisturiser.feature):1:1
                	at Scenario(Add two moisturizers to the cart that meet specific criteria):5:3
                	at Step(the user clicks on "Add"):10:5
                </stack-trace>
            </failure>
        </test-case>
        <test-case start='1658305223145' status='broken' stop='1658305223145'>
            <name>Then the value of cart should be incremented</name>
            <title>Then the value of cart should be incremented</title>
            <labels>
                <label name='language' value='javascript'/>
                <label name='framework' value='wdio'/>
                <label name='thread' value='0-0'/>
            </labels>
            <parameters>
                <parameter kind='argument' name='browser' value='chrome-103.0.5060.114'/>
            </parameters>
            <steps/>
            <attachments/>
            <failure>
                <message>Step "the value of cart should be incremented" is not defined. You can ignore this error by setting cucumberOpts.ignoreUndefinedDefinitions as true.</message>
                <stack-trace>Step "the value of cart should be incremented" is not defined. You can ignore this error by setting cucumberOpts.ignoreUndefinedDefinitions as true.
                	at Feature(D:\Task\Weather_Shopper_task\features\Product_prchase\Purchase_moisturiser.feature):1:1
                	at Scenario(Add two moisturizers to the cart that meet specific criteria):5:3
                	at Step(the value of cart should be incremented):12:5
                </stack-trace>
            </failure>
        </test-case>
        <test-case start='1658305223146' status='passed' stop='1658305223146'>
            <name></name>
            <title></title>
            <labels>
                <label name='language' value='javascript'/>
                <label name='framework' value='wdio'/>
                <label name='thread' value='0-0'/>
            </labels>
            <parameters>
                <parameter kind='argument' name='browser' value='chrome-103.0.5060.114'/>
            </parameters>
            <steps/>
            <attachments/>
        </test-case>
    </test-cases>
</ns2:test-suite>