<?xml version='1.0'?>
<ns2:test-suite xmlns:ns2='urn:model.allure.qatools.yandex.ru' start='1658303730673' stop='1658303733630'>
    <name>Adding moisturisers to the cart: Add two moisturizers to the cart that meet specific criteria</name>
    <title>Adding moisturisers to the cart: Add two moisturizers to the cart that meet specific criteria</title>
    <test-cases>
        <test-case start='1658303730673' status='passed' stop='1658303730674'>
            <name></name>
            <title></title>
            <labels>
                <label name='language' value='javascript'/>
                <label name='framework' value='wdio'/>
                <label name='thread' value='0-0'/>
            </labels>
            <parameters>
                <parameter kind='argument' name='browser' value='chrome-103.0.5060.114'/>
            </parameters>
            <steps/>
            <attachments/>
        </test-case>
        <test-case start='1658303730674' status='passed' stop='1658303733556'>
            <name>Given the browser is at the "Moisturizers" page</name>
            <title>Given the browser is at the "Moisturizers" page</title>
            <labels>
                <label name='language' value='javascript'/>
                <label name='framework' value='wdio'/>
                <label name='thread' value='0-0'/>
            </labels>
            <parameters>
                <parameter kind='argument' name='browser' value='chrome-103.0.5060.114'/>
            </parameters>
            <steps>
                <step start='1658303730678' status='passed' stop='1658303733553'>
                    <name>POST /session/:sessionId/url</name>
                    <title>POST /session/:sessionId/url</title>
                    <attachments>
                        <attachment title='Request' source='a5f4190b-6f7c-4e6e-9fd1-918cf7592ca5-attachment.json' type='application/json' size='68'/>
                    </attachments>
                    <steps/>
                </step>
            </steps>
            <attachments/>
        </test-case>
        <test-case start='1658303733556' status='broken' stop='1658303733628'>
            <name>When the moisturizer is least expensive and contains "Aloe" in the name</name>
            <title>When the moisturizer is least expensive and contains "Aloe" in the name</title>
            <labels>
                <label name='language' value='javascript'/>
                <label name='framework' value='wdio'/>
                <label name='thread' value='0-0'/>
            </labels>
            <parameters>
                <parameter kind='argument' name='browser' value='chrome-103.0.5060.114'/>
            </parameters>
            <steps>
                <step start='1658303733560' status='passed' stop='1658303733578'>
                    <name>POST /session/:sessionId/elements</name>
                    <title>POST /session/:sessionId/elements</title>
                    <attachments>
                        <attachment title='Request' source='fc953c7f-c366-45dc-9bba-f56499a78fbc-attachment.json' type='application/json' size='84'/>
                        <attachment title='Response' source='ec9471cb-3760-43e9-8bfd-a4fd08977239-attachment.json' type='application/json' size='548'/>
                    </attachments>
                    <steps/>
                </step>
                <step start='1658303733585' status='passed' stop='1658303733600'>
                    <name>POST /session/:sessionId/elements</name>
                    <title>POST /session/:sessionId/elements</title>
                    <attachments>
                        <attachment title='Request' source='6ff44292-3bd4-4788-a0fd-efb3237eac5b-attachment.json' type='application/json' size='82'/>
                        <attachment title='Response' source='16009ee6-8487-44bf-91e6-bb0c7bd32145-attachment.json' type='application/json' size='1094'/>
                    </attachments>
                    <steps/>
                </step>
                <step start='1658303733618' status='broken' stop='1658303733627'>
                    <name>GET /session/:sessionId/element/0291264f-dd39-4bb6-8b2d-8cad40b4505e/text</name>
                    <title>GET /session/:sessionId/element/0291264f-dd39-4bb6-8b2d-8cad40b4505e/text</title>
                    <attachments/>
                    <steps>
                        <step start='1658303733619' status='broken' stop='1658303733627'>
                            <name>GET /session/:sessionId/element/fba9cde5-fb3f-4288-bbab-e44a62ca3f3b/text</name>
                            <title>GET /session/:sessionId/element/fba9cde5-fb3f-4288-bbab-e44a62ca3f3b/text</title>
                            <attachments/>
                            <steps>
                                <step start='1658303733620' status='broken' stop='1658303733627'>
                                    <name>GET /session/:sessionId/element/fc28a14b-7770-43e3-860d-c359a592b6f2/text</name>
                                    <title>GET /session/:sessionId/element/fc28a14b-7770-43e3-860d-c359a592b6f2/text</title>
                                    <attachments/>
                                    <steps>
                                        <step start='1658303733622' status='broken' stop='1658303733627'>
                                            <name>GET /session/:sessionId/element/8b8df350-d213-408b-8849-e703729f5a94/text</name>
                                            <title>GET /session/:sessionId/element/8b8df350-d213-408b-8849-e703729f5a94/text</title>
                                            <attachments/>
                                            <steps>
                                                <step start='1658303733623' status='broken' stop='1658303733627'>
                                                    <name>GET /session/:sessionId/element/2f8693c8-997c-42ee-aba3-9fc8c31500b4/text</name>
                                                    <title>GET /session/:sessionId/element/2f8693c8-997c-42ee-aba3-9fc8c31500b4/text</title>
                                                    <attachments/>
                                                    <steps>
                                                        <step start='1658303733625' status='broken' stop='1658303733627'>
                                                            <name>GET /session/:sessionId/element/bd615bf1-a162-4044-8812-fb92337aae4e/text</name>
                                                            <title>GET /session/:sessionId/element/bd615bf1-a162-4044-8812-fb92337aae4e/text</title>
                                                            <attachments/>
                                                            <steps/>
                                                        </step>
                                                    </steps>
                                                </step>
                                            </steps>
                                        </step>
                                    </steps>
                                </step>
                            </steps>
                        </step>
                    </steps>
                </step>
            </steps>
            <attachments/>
            <failure>
                <message>TypeError: min.get is not a function</message>
                <stack-trace>TypeError: min.get is not a function
                    at World.&lt;anonymous> (D:\Task\Weather_Shopper_task\Step-Defs\Home_page_step-defs\/Product_purchase_defs.js:71:49)
                    at processTicksAndRejections (node:internal/process/task_queues:96:5)</stack-trace>
            </failure>
        </test-case>
        <test-case start='1658303733628' status='broken' stop='1658303733628'>
            <name>And the user clicks on "Add"</name>
            <title>And the user clicks on "Add"</title>
            <labels>
                <label name='language' value='javascript'/>
                <label name='framework' value='wdio'/>
                <label name='thread' value='0-0'/>
            </labels>
            <parameters>
                <parameter kind='argument' name='browser' value='chrome-103.0.5060.114'/>
            </parameters>
            <steps/>
            <attachments/>
            <failure>
                <message>Step "the user clicks on "Add"" is not defined. You can ignore this error by setting cucumberOpts.ignoreUndefinedDefinitions as true.</message>
                <stack-trace>Step "the user clicks on "Add"" is not defined. You can ignore this error by setting cucumberOpts.ignoreUndefinedDefinitions as true.
                	at Feature(D:\Task\Weather_Shopper_task\features\Product_prchase\Purchase_moisturiser.feature):1:1
                	at Scenario(Add two moisturizers to the cart that meet specific criteria):5:3
                	at Step(the user clicks on "Add"):10:5
                </stack-trace>
            </failure>
        </test-case>
        <test-case start='1658303733628' status='broken' stop='1658303733628'>
            <name>Then the value of cart should be incremented</name>
            <title>Then the value of cart should be incremented</title>
            <labels>
                <label name='language' value='javascript'/>
                <label name='framework' value='wdio'/>
                <label name='thread' value='0-0'/>
            </labels>
            <parameters>
                <parameter kind='argument' name='browser' value='chrome-103.0.5060.114'/>
            </parameters>
            <steps/>
            <attachments/>
            <failure>
                <message>Step "the value of cart should be incremented" is not defined. You can ignore this error by setting cucumberOpts.ignoreUndefinedDefinitions as true.</message>
                <stack-trace>Step "the value of cart should be incremented" is not defined. You can ignore this error by setting cucumberOpts.ignoreUndefinedDefinitions as true.
                	at Feature(D:\Task\Weather_Shopper_task\features\Product_prchase\Purchase_moisturiser.feature):1:1
                	at Scenario(Add two moisturizers to the cart that meet specific criteria):5:3
                	at Step(the value of cart should be incremented):12:5
                </stack-trace>
            </failure>
        </test-case>
        <test-case start='1658303733628' status='passed' stop='1658303733629'>
            <name></name>
            <title></title>
            <labels>
                <label name='language' value='javascript'/>
                <label name='framework' value='wdio'/>
                <label name='thread' value='0-0'/>
            </labels>
            <parameters>
                <parameter kind='argument' name='browser' value='chrome-103.0.5060.114'/>
            </parameters>
            <steps/>
            <attachments/>
        </test-case>
    </test-cases>
</ns2:test-suite>