<?xml version='1.0'?>
<ns2:test-suite xmlns:ns2='urn:model.allure.qatools.yandex.ru' start='1658398828331' stop='1658398830679'>
    <name>Checkout: User wants to perform checkout</name>
    <title>Checkout: User wants to perform checkout</title>
    <test-cases>
        <test-case start='1658398828332' status='passed' stop='1658398828333'>
            <name></name>
            <title></title>
            <labels>
                <label name='language' value='javascript'/>
                <label name='framework' value='wdio'/>
                <label name='thread' value='0-0'/>
            </labels>
            <parameters>
                <parameter kind='argument' name='browser' value='chrome-103.0.5060.114'/>
            </parameters>
            <steps/>
            <attachments/>
        </test-case>
        <test-case start='1658398828333' status='broken' stop='1658398830674'>
            <name>Given there are items in the cart</name>
            <title>Given there are items in the cart</title>
            <labels>
                <label name='language' value='javascript'/>
                <label name='framework' value='wdio'/>
                <label name='thread' value='0-0'/>
            </labels>
            <parameters>
                <parameter kind='argument' name='browser' value='chrome-103.0.5060.114'/>
            </parameters>
            <steps>
                <step start='1658398828334' status='passed' stop='1658398830538'>
                    <name>POST /session/:sessionId/url</name>
                    <title>POST /session/:sessionId/url</title>
                    <attachments>
                        <attachment title='Request' source='42bd38e1-2b04-4212-ab33-a6e35605e211-attachment.json' type='application/json' size='66'/>
                    </attachments>
                    <steps/>
                </step>
                <step start='1658398830540' status='passed' stop='1658398830564'>
                    <name>POST /session/:sessionId/elements</name>
                    <title>POST /session/:sessionId/elements</title>
                    <attachments>
                        <attachment title='Request' source='e124e9cf-4e07-4af2-8159-1b86cf8a412c-attachment.json' type='application/json' size='118'/>
                        <attachment title='Response' source='31ea9a12-2eb6-4e75-b439-16111e99437a-attachment.json' type='application/json' size='93'/>
                    </attachments>
                    <steps/>
                </step>
                <step start='1658398830576' status='passed' stop='1658398830600'>
                    <name>POST /session/:sessionId/elements</name>
                    <title>POST /session/:sessionId/elements</title>
                    <attachments>
                        <attachment title='Request' source='725021d6-0288-40bf-8c2c-a882ecd62d84-attachment.json' type='application/json' size='123'/>
                        <attachment title='Response' source='c3c65bcf-aab5-4568-9260-6802eb526e6a-attachment.json' type='application/json' size='93'/>
                    </attachments>
                    <steps/>
                </step>
                <step start='1658398830605' status='passed' stop='1658398830628'>
                    <name>POST /session/:sessionId/elements</name>
                    <title>POST /session/:sessionId/elements</title>
                    <attachments>
                        <attachment title='Request' source='da42d86f-60f5-451a-9a03-505c0ece3266-attachment.json' type='application/json' size='118'/>
                        <attachment title='Response' source='8b7a688c-8f33-4860-ae35-b70311b9ece7-attachment.json' type='application/json' size='275'/>
                    </attachments>
                    <steps/>
                </step>
                <step start='1658398830635' status='passed' stop='1658398830655'>
                    <name>POST /session/:sessionId/elements</name>
                    <title>POST /session/:sessionId/elements</title>
                    <attachments>
                        <attachment title='Request' source='8ee05970-c093-465a-a4ed-f4355f822c95-attachment.json' type='application/json' size='123'/>
                        <attachment title='Response' source='b517cd8b-1b87-461b-bfbb-6ba2718a9d61-attachment.json' type='application/json' size='275'/>
                    </attachments>
                    <steps/>
                </step>
            </steps>
            <attachments/>
            <failure>
                <message>ReferenceError: Purchase_sunscreens_action is not defined</message>
                <stack-trace>ReferenceError: Purchase_sunscreens_action is not defined
                    at World.&lt;anonymous> (D:\Task\Weather_Shopper_task\Step-Defs\CheckOut_page_step-defs\/Checkout.js:14:5)
                    at processTicksAndRejections (node:internal/process/task_queues:96:5)</stack-trace>
            </failure>
        </test-case>
        <test-case start='1658398830674' status='broken' stop='1658398830675'>
            <name>When the user enter payment details and makes payment</name>
            <title>When the user enter payment details and makes payment</title>
            <labels>
                <label name='language' value='javascript'/>
                <label name='framework' value='wdio'/>
                <label name='thread' value='0-0'/>
            </labels>
            <parameters>
                <parameter kind='argument' name='browser' value='chrome-103.0.5060.114'/>
            </parameters>
            <steps/>
            <attachments/>
            <failure>
                <message>Step "the user enter payment details and makes payment" is not defined. You can ignore this error by setting cucumberOpts.ignoreUndefinedDefinitions as true.</message>
                <stack-trace>Step "the user enter payment details and makes payment" is not defined. You can ignore this error by setting cucumberOpts.ignoreUndefinedDefinitions as true.
                	at Feature(D:\Task\Weather_Shopper_task\features\CheckOutPage\checkoutPage.feature):1:1
                	at Scenario(User wants to perform checkout):5:3
                	at Step(the user enter payment details and makes payment):9:5
                </stack-trace>
            </failure>
        </test-case>
        <test-case start='1658398830675' status='broken' stop='1658398830675'>
            <name>Then the payment success screen will be given to user</name>
            <title>Then the payment success screen will be given to user</title>
            <labels>
                <label name='language' value='javascript'/>
                <label name='framework' value='wdio'/>
                <label name='thread' value='0-0'/>
            </labels>
            <parameters>
                <parameter kind='argument' name='browser' value='chrome-103.0.5060.114'/>
            </parameters>
            <steps/>
            <attachments/>
            <failure>
                <message>Step "the payment success screen will be given to user" is not defined. You can ignore this error by setting cucumberOpts.ignoreUndefinedDefinitions as true.</message>
                <stack-trace>Step "the payment success screen will be given to user" is not defined. You can ignore this error by setting cucumberOpts.ignoreUndefinedDefinitions as true.
                	at Feature(D:\Task\Weather_Shopper_task\features\CheckOutPage\checkoutPage.feature):1:1
                	at Scenario(User wants to perform checkout):5:3
                	at Step(the payment success screen will be given to user):11:5
                </stack-trace>
            </failure>
        </test-case>
        <test-case start='1658398830675' status='passed' stop='1658398830677'>
            <name></name>
            <title></title>
            <labels>
                <label name='language' value='javascript'/>
                <label name='framework' value='wdio'/>
                <label name='thread' value='0-0'/>
            </labels>
            <parameters>
                <parameter kind='argument' name='browser' value='chrome-103.0.5060.114'/>
            </parameters>
            <steps/>
            <attachments/>
        </test-case>
    </test-cases>
</ns2:test-suite>