<?xml version='1.0'?>
<ns2:test-suite xmlns:ns2='urn:model.allure.qatools.yandex.ru' start='1658304864901' stop='1658304867625'>
    <name>Adding moisturisers to the cart: Add two moisturizers to the cart that meet specific criteria</name>
    <title>Adding moisturisers to the cart: Add two moisturizers to the cart that meet specific criteria</title>
    <test-cases>
        <test-case start='1658304864902' status='passed' stop='1658304864902'>
            <name></name>
            <title></title>
            <labels>
                <label name='language' value='javascript'/>
                <label name='framework' value='wdio'/>
                <label name='thread' value='0-0'/>
            </labels>
            <parameters>
                <parameter kind='argument' name='browser' value='chrome-103.0.5060.114'/>
            </parameters>
            <steps/>
            <attachments/>
        </test-case>
        <test-case start='1658304864903' status='passed' stop='1658304867486'>
            <name>Given the browser is at the "Moisturizers" page</name>
            <title>Given the browser is at the "Moisturizers" page</title>
            <labels>
                <label name='language' value='javascript'/>
                <label name='framework' value='wdio'/>
                <label name='thread' value='0-0'/>
            </labels>
            <parameters>
                <parameter kind='argument' name='browser' value='chrome-103.0.5060.114'/>
            </parameters>
            <steps>
                <step start='1658304864904' status='passed' stop='1658304867485'>
                    <name>POST /session/:sessionId/url</name>
                    <title>POST /session/:sessionId/url</title>
                    <attachments>
                        <attachment title='Request' source='96fc82f5-ca2e-4ba6-9a6b-36f8802763c7-attachment.json' type='application/json' size='68'/>
                    </attachments>
                    <steps/>
                </step>
            </steps>
            <attachments/>
        </test-case>
        <test-case start='1658304867486' status='passed' stop='1658304867622'>
            <name>When the moisturizer is least expensive and contains "Aloe" in the name</name>
            <title>When the moisturizer is least expensive and contains "Aloe" in the name</title>
            <labels>
                <label name='language' value='javascript'/>
                <label name='framework' value='wdio'/>
                <label name='thread' value='0-0'/>
            </labels>
            <parameters>
                <parameter kind='argument' name='browser' value='chrome-103.0.5060.114'/>
            </parameters>
            <steps>
                <step start='1658304867488' status='passed' stop='1658304867505'>
                    <name>POST /session/:sessionId/elements</name>
                    <title>POST /session/:sessionId/elements</title>
                    <attachments>
                        <attachment title='Request' source='aaa0462a-d0b6-4fb0-be61-9a29cc3edbc7-attachment.json' type='application/json' size='84'/>
                        <attachment title='Response' source='b598973e-1b0d-423c-b7c3-d7f0ec2a2fb0-attachment.json' type='application/json' size='548'/>
                    </attachments>
                    <steps/>
                </step>
                <step start='1658304867514' status='passed' stop='1658304867526'>
                    <name>POST /session/:sessionId/elements</name>
                    <title>POST /session/:sessionId/elements</title>
                    <attachments>
                        <attachment title='Request' source='4d027921-f2d9-424c-8a13-a4d9c2fc167c-attachment.json' type='application/json' size='82'/>
                        <attachment title='Response' source='771112ea-8bd3-4a1b-b7e1-75750b5b6789-attachment.json' type='application/json' size='1094'/>
                    </attachments>
                    <steps/>
                </step>
                <step start='1658304867539' status='passed' stop='1658304867553'>
                    <name>GET /session/:sessionId/element/23edd86e-79c1-423a-8909-9cdd3e6e11a1/text</name>
                    <title>GET /session/:sessionId/element/23edd86e-79c1-423a-8909-9cdd3e6e11a1/text</title>
                    <attachments>
                        <attachment title='Response' source='bf70ff73-8b14-478a-ad5c-fa020f98fd10-attachment.json' type='application/json' size='16'/>
                    </attachments>
                    <steps/>
                </step>
                <step start='1658304867553' status='passed' stop='1658304867566'>
                    <name>GET /session/:sessionId/element/febf21a8-97d7-4879-852a-fc95ef804cce/text</name>
                    <title>GET /session/:sessionId/element/febf21a8-97d7-4879-852a-fc95ef804cce/text</title>
                    <attachments>
                        <attachment title='Response' source='6ccc9fe1-5853-4a18-8882-053d97a1875c-attachment.json' type='application/json' size='16'/>
                    </attachments>
                    <steps/>
                </step>
                <step start='1658304867566' status='passed' stop='1658304867577'>
                    <name>GET /session/:sessionId/element/9376a2e0-080b-4fec-92cd-d6018632c518/text</name>
                    <title>GET /session/:sessionId/element/9376a2e0-080b-4fec-92cd-d6018632c518/text</title>
                    <attachments>
                        <attachment title='Response' source='0ac33516-317b-4551-be87-baf827678670-attachment.json' type='application/json' size='16'/>
                    </attachments>
                    <steps/>
                </step>
                <step start='1658304867578' status='passed' stop='1658304867590'>
                    <name>GET /session/:sessionId/element/b113f9bc-7ba4-4321-9412-31f80528b893/text</name>
                    <title>GET /session/:sessionId/element/b113f9bc-7ba4-4321-9412-31f80528b893/text</title>
                    <attachments>
                        <attachment title='Response' source='02d4b2e2-9ca2-438f-97ec-272f6ee93248-attachment.json' type='application/json' size='12'/>
                    </attachments>
                    <steps/>
                </step>
                <step start='1658304867590' status='passed' stop='1658304867603'>
                    <name>GET /session/:sessionId/element/98848160-fcaf-4801-8f88-d76ec3e60f04/text</name>
                    <title>GET /session/:sessionId/element/98848160-fcaf-4801-8f88-d76ec3e60f04/text</title>
                    <attachments>
                        <attachment title='Response' source='d070c101-fb04-4617-b6e1-d407b0950ec2-attachment.json' type='application/json' size='12'/>
                    </attachments>
                    <steps/>
                </step>
                <step start='1658304867603' status='passed' stop='1658304867620'>
                    <name>GET /session/:sessionId/element/57b38223-bc2e-48d3-97f8-6e027784adfb/text</name>
                    <title>GET /session/:sessionId/element/57b38223-bc2e-48d3-97f8-6e027784adfb/text</title>
                    <attachments>
                        <attachment title='Response' source='0a979c26-0ab1-405b-abf7-4e30daec44f1-attachment.json' type='application/json' size='12'/>
                    </attachments>
                    <steps/>
                </step>
            </steps>
            <attachments/>
        </test-case>
        <test-case start='1658304867622' status='broken' stop='1658304867622'>
            <name>And the user clicks on "Add"</name>
            <title>And the user clicks on "Add"</title>
            <labels>
                <label name='language' value='javascript'/>
                <label name='framework' value='wdio'/>
                <label name='thread' value='0-0'/>
            </labels>
            <parameters>
                <parameter kind='argument' name='browser' value='chrome-103.0.5060.114'/>
            </parameters>
            <steps/>
            <attachments/>
            <failure>
                <message>Step "the user clicks on "Add"" is not defined. You can ignore this error by setting cucumberOpts.ignoreUndefinedDefinitions as true.</message>
                <stack-trace>Step "the user clicks on "Add"" is not defined. You can ignore this error by setting cucumberOpts.ignoreUndefinedDefinitions as true.
                	at Feature(D:\Task\Weather_Shopper_task\features\Product_prchase\Purchase_moisturiser.feature):1:1
                	at Scenario(Add two moisturizers to the cart that meet specific criteria):5:3
                	at Step(the user clicks on "Add"):10:5
                </stack-trace>
            </failure>
        </test-case>
        <test-case start='1658304867623' status='broken' stop='1658304867623'>
            <name>Then the value of cart should be incremented</name>
            <title>Then the value of cart should be incremented</title>
            <labels>
                <label name='language' value='javascript'/>
                <label name='framework' value='wdio'/>
                <label name='thread' value='0-0'/>
            </labels>
            <parameters>
                <parameter kind='argument' name='browser' value='chrome-103.0.5060.114'/>
            </parameters>
            <steps/>
            <attachments/>
            <failure>
                <message>Step "the value of cart should be incremented" is not defined. You can ignore this error by setting cucumberOpts.ignoreUndefinedDefinitions as true.</message>
                <stack-trace>Step "the value of cart should be incremented" is not defined. You can ignore this error by setting cucumberOpts.ignoreUndefinedDefinitions as true.
                	at Feature(D:\Task\Weather_Shopper_task\features\Product_prchase\Purchase_moisturiser.feature):1:1
                	at Scenario(Add two moisturizers to the cart that meet specific criteria):5:3
                	at Step(the value of cart should be incremented):12:5
                </stack-trace>
            </failure>
        </test-case>
        <test-case start='1658304867623' status='passed' stop='1658304867624'>
            <name></name>
            <title></title>
            <labels>
                <label name='language' value='javascript'/>
                <label name='framework' value='wdio'/>
                <label name='thread' value='0-0'/>
            </labels>
            <parameters>
                <parameter kind='argument' name='browser' value='chrome-103.0.5060.114'/>
            </parameters>
            <steps/>
            <attachments/>
        </test-case>
    </test-cases>
</ns2:test-suite>