<?xml version='1.0'?>
<ns2:test-suite xmlns:ns2='urn:model.allure.qatools.yandex.ru' start='1658376701741' stop='1658376704130'>
    <name>Adding moisturisers to the cart: Add two moisturizers to the cart that meet specific criteria</name>
    <title>Adding moisturisers to the cart: Add two moisturizers to the cart that meet specific criteria</title>
    <test-cases>
        <test-case start='1658376701742' status='passed' stop='1658376701743'>
            <name></name>
            <title></title>
            <labels>
                <label name='language' value='javascript'/>
                <label name='framework' value='wdio'/>
                <label name='thread' value='0-0'/>
            </labels>
            <parameters>
                <parameter kind='argument' name='browser' value='chrome-103.0.5060.114'/>
            </parameters>
            <steps/>
            <attachments/>
        </test-case>
        <test-case start='1658376701744' status='passed' stop='1658376703834'>
            <name>Given the browser is at the "Moisturizers" page</name>
            <title>Given the browser is at the "Moisturizers" page</title>
            <labels>
                <label name='language' value='javascript'/>
                <label name='framework' value='wdio'/>
                <label name='thread' value='0-0'/>
            </labels>
            <parameters>
                <parameter kind='argument' name='browser' value='chrome-103.0.5060.114'/>
            </parameters>
            <steps>
                <step start='1658376701745' status='passed' stop='1658376703832'>
                    <name>POST /session/:sessionId/url</name>
                    <title>POST /session/:sessionId/url</title>
                    <attachments>
                        <attachment title='Request' source='0fe323e6-2100-4ea9-8a0d-c515acc03699-attachment.json' type='application/json' size='68'/>
                    </attachments>
                    <steps/>
                </step>
            </steps>
            <attachments/>
        </test-case>
        <test-case start='1658376703834' status='broken' stop='1658376704125'>
            <name>When the moisturizer is least expensive and contains "Aloe" in the name</name>
            <title>When the moisturizer is least expensive and contains "Aloe" in the name</title>
            <labels>
                <label name='language' value='javascript'/>
                <label name='framework' value='wdio'/>
                <label name='thread' value='0-0'/>
            </labels>
            <parameters>
                <parameter kind='argument' name='browser' value='chrome-103.0.5060.114'/>
            </parameters>
            <steps>
                <step start='1658376703837' status='passed' stop='1658376703866'>
                    <name>POST /session/:sessionId/elements</name>
                    <title>POST /session/:sessionId/elements</title>
                    <attachments>
                        <attachment title='Request' source='68379ef3-21d5-4105-a2bd-a93c866e0225-attachment.json' type='application/json' size='116'/>
                        <attachment title='Response' source='5f296290-58b4-4160-9b8c-40cea99cf2c1-attachment.json' type='application/json' size='184'/>
                    </attachments>
                    <steps/>
                </step>
                <step start='1658376703880' status='passed' stop='1658376703903'>
                    <name>POST /session/:sessionId/elements</name>
                    <title>POST /session/:sessionId/elements</title>
                    <attachments>
                        <attachment title='Request' source='320ae344-d3ff-4795-9c09-3d924480b80e-attachment.json' type='application/json' size='95'/>
                        <attachment title='Response' source='99b6f833-0648-4be3-998b-7352b99a25dd-attachment.json' type='application/json' size='548'/>
                    </attachments>
                    <steps/>
                </step>
                <step start='1658376703917' status='passed' stop='1658376703936'>
                    <name>POST /session/:sessionId/elements</name>
                    <title>POST /session/:sessionId/elements</title>
                    <attachments>
                        <attachment title='Request' source='b1813aae-81a6-4178-8989-d83bdf1ebc8e-attachment.json' type='application/json' size='121'/>
                        <attachment title='Response' source='37fb04b7-0960-4cfa-b582-6ec352d86b81-attachment.json' type='application/json' size='184'/>
                    </attachments>
                    <steps/>
                </step>
                <step start='1658376703943' status='passed' stop='1658376703959'>
                    <name>GET /session/:sessionId/element/e3472afd-a941-457d-9637-89559c68d106/text</name>
                    <title>GET /session/:sessionId/element/e3472afd-a941-457d-9637-89559c68d106/text</title>
                    <attachments>
                        <attachment title='Response' source='d3245001-e387-4ebc-9427-dc93a8af08db-attachment.json' type='application/json' size='16'/>
                    </attachments>
                    <steps/>
                </step>
                <step start='1658376703960' status='passed' stop='1658376703978'>
                    <name>GET /session/:sessionId/element/38b7dcbf-e92e-4d0b-aae2-7532aee178ed/text</name>
                    <title>GET /session/:sessionId/element/38b7dcbf-e92e-4d0b-aae2-7532aee178ed/text</title>
                    <attachments>
                        <attachment title='Response' source='970e6ed0-eba8-4307-9bbf-ffa259ab66fb-attachment.json' type='application/json' size='16'/>
                    </attachments>
                    <steps/>
                </step>
                <step start='1658376703979' status='passed' stop='1658376704053'>
                    <name>GET /session/:sessionId/element/e3472afd-a941-457d-9637-89559c68d106/text</name>
                    <title>GET /session/:sessionId/element/e3472afd-a941-457d-9637-89559c68d106/text</title>
                    <attachments>
                        <attachment title='Response' source='c1828695-7032-473e-9914-8393e8cd9cf6-attachment.json' type='application/json' size='16'/>
                    </attachments>
                    <steps/>
                </step>
                <step start='1658376704054' status='passed' stop='1658376704108'>
                    <name>POST /session/:sessionId/element/1b0c831d-0de5-47e0-bf8b-bb045fde0331/click</name>
                    <title>POST /session/:sessionId/element/1b0c831d-0de5-47e0-bf8b-bb045fde0331/click</title>
                    <attachments>
                        <attachment title='Response' source='e7acedc6-31ea-47c2-95a1-b397e2c18e48-attachment.json' type='application/json' size='16'/>
                    </attachments>
                    <steps>
                        <step start='1658376704058' status='passed' stop='1658376704098'>
                            <name>GET /session/:sessionId/element/38b7dcbf-e92e-4d0b-aae2-7532aee178ed/text</name>
                            <title>GET /session/:sessionId/element/38b7dcbf-e92e-4d0b-aae2-7532aee178ed/text</title>
                            <attachments/>
                            <steps/>
                        </step>
                    </steps>
                </step>
            </steps>
            <attachments/>
            <failure>
                <message>TypeError: Cannot read properties of undefined (reading 'getText')</message>
                <stack-trace>TypeError: Cannot read properties of undefined (reading 'getText')
                    at World.&lt;anonymous> (D:\Task\Weather_Shopper_task\Step-Defs\Home_page_step-defs\/Product_purchase_defs.js:55:62)
                    at processTicksAndRejections (node:internal/process/task_queues:96:5)</stack-trace>
            </failure>
        </test-case>
        <test-case start='1658376704126' status='broken' stop='1658376704127'>
            <name>And the user clicks on "Add"</name>
            <title>And the user clicks on "Add"</title>
            <labels>
                <label name='language' value='javascript'/>
                <label name='framework' value='wdio'/>
                <label name='thread' value='0-0'/>
            </labels>
            <parameters>
                <parameter kind='argument' name='browser' value='chrome-103.0.5060.114'/>
            </parameters>
            <steps/>
            <attachments/>
            <failure>
                <message>Step "the user clicks on "Add"" is not defined. You can ignore this error by setting cucumberOpts.ignoreUndefinedDefinitions as true.</message>
                <stack-trace>Step "the user clicks on "Add"" is not defined. You can ignore this error by setting cucumberOpts.ignoreUndefinedDefinitions as true.
                	at Feature(D:\Task\Weather_Shopper_task\features\Product_prchase\Purchase_moisturiser.feature):1:1
                	at Scenario(Add two moisturizers to the cart that meet specific criteria):5:3
                	at Step(the user clicks on "Add"):10:5
                </stack-trace>
            </failure>
        </test-case>
        <test-case start='1658376704127' status='broken' stop='1658376704127'>
            <name>Then the value of cart should be incremented</name>
            <title>Then the value of cart should be incremented</title>
            <labels>
                <label name='language' value='javascript'/>
                <label name='framework' value='wdio'/>
                <label name='thread' value='0-0'/>
            </labels>
            <parameters>
                <parameter kind='argument' name='browser' value='chrome-103.0.5060.114'/>
            </parameters>
            <steps/>
            <attachments/>
            <failure>
                <message>Step "the value of cart should be incremented" is not defined. You can ignore this error by setting cucumberOpts.ignoreUndefinedDefinitions as true.</message>
                <stack-trace>Step "the value of cart should be incremented" is not defined. You can ignore this error by setting cucumberOpts.ignoreUndefinedDefinitions as true.
                	at Feature(D:\Task\Weather_Shopper_task\features\Product_prchase\Purchase_moisturiser.feature):1:1
                	at Scenario(Add two moisturizers to the cart that meet specific criteria):5:3
                	at Step(the value of cart should be incremented):12:5
                </stack-trace>
            </failure>
        </test-case>
        <test-case start='1658376704127' status='passed' stop='1658376704129'>
            <name></name>
            <title></title>
            <labels>
                <label name='language' value='javascript'/>
                <label name='framework' value='wdio'/>
                <label name='thread' value='0-0'/>
            </labels>
            <parameters>
                <parameter kind='argument' name='browser' value='chrome-103.0.5060.114'/>
            </parameters>
            <steps/>
            <attachments/>
        </test-case>
    </test-cases>
</ns2:test-suite>