<?xml version='1.0'?>
<ns2:test-suite xmlns:ns2='urn:model.allure.qatools.yandex.ru' start='1658320179685' stop='1658320182176'>
    <name>Adding moisturisers to the cart: Add two moisturizers to the cart that meet specific criteria</name>
    <title>Adding moisturisers to the cart: Add two moisturizers to the cart that meet specific criteria</title>
    <test-cases>
        <test-case start='1658320179685' status='passed' stop='1658320179687'>
            <name></name>
            <title></title>
            <labels>
                <label name='language' value='javascript'/>
                <label name='framework' value='wdio'/>
                <label name='thread' value='0-0'/>
            </labels>
            <parameters>
                <parameter kind='argument' name='browser' value='chrome-103.0.5060.114'/>
            </parameters>
            <steps/>
            <attachments/>
        </test-case>
        <test-case start='1658320179687' status='passed' stop='1658320182065'>
            <name>Given the browser is at the "Moisturizers" page</name>
            <title>Given the browser is at the "Moisturizers" page</title>
            <labels>
                <label name='language' value='javascript'/>
                <label name='framework' value='wdio'/>
                <label name='thread' value='0-0'/>
            </labels>
            <parameters>
                <parameter kind='argument' name='browser' value='chrome-103.0.5060.114'/>
            </parameters>
            <steps>
                <step start='1658320179689' status='passed' stop='1658320182064'>
                    <name>POST /session/:sessionId/url</name>
                    <title>POST /session/:sessionId/url</title>
                    <attachments>
                        <attachment title='Request' source='2bc3c7f9-59f5-4434-b7cc-00e12859226c-attachment.json' type='application/json' size='68'/>
                    </attachments>
                    <steps/>
                </step>
            </steps>
            <attachments/>
        </test-case>
        <test-case start='1658320182065' status='passed' stop='1658320182172'>
            <name>When the moisturizer is least expensive and contains "Aloe" in the name</name>
            <title>When the moisturizer is least expensive and contains "Aloe" in the name</title>
            <labels>
                <label name='language' value='javascript'/>
                <label name='framework' value='wdio'/>
                <label name='thread' value='0-0'/>
            </labels>
            <parameters>
                <parameter kind='argument' name='browser' value='chrome-103.0.5060.114'/>
            </parameters>
            <steps>
                <step start='1658320182068' status='passed' stop='1658320182084'>
                    <name>POST /session/:sessionId/elements</name>
                    <title>POST /session/:sessionId/elements</title>
                    <attachments>
                        <attachment title='Request' source='1c6b0e96-feb7-4c3b-9288-b62333398404-attachment.json' type='application/json' size='116'/>
                        <attachment title='Response' source='6f4f1e68-6a2f-4d9e-a7f1-9691c35736e8-attachment.json' type='application/json' size='366'/>
                    </attachments>
                    <steps/>
                </step>
                <step start='1658320182093' status='passed' stop='1658320182109'>
                    <name>POST /session/:sessionId/elements</name>
                    <title>POST /session/:sessionId/elements</title>
                    <attachments>
                        <attachment title='Request' source='247b2880-098d-491f-a955-ceb9e379a614-attachment.json' type='application/json' size='95'/>
                        <attachment title='Response' source='d659fe50-4a1f-4c18-a9ec-78f9bc513eaa-attachment.json' type='application/json' size='548'/>
                    </attachments>
                    <steps/>
                </step>
                <step start='1658320182116' status='passed' stop='1658320182131'>
                    <name>GET /session/:sessionId/element/a4841acb-bebf-42d4-8d69-62f02c2f0fdf/text</name>
                    <title>GET /session/:sessionId/element/a4841acb-bebf-42d4-8d69-62f02c2f0fdf/text</title>
                    <attachments>
                        <attachment title='Response' source='ccc42e75-8d47-4f51-bb27-22ebe76bb622-attachment.json' type='application/json' size='16'/>
                    </attachments>
                    <steps/>
                </step>
                <step start='1658320182132' status='passed' stop='1658320182144'>
                    <name>GET /session/:sessionId/element/e32f21e0-2d88-4c6b-b745-5d97ba029ecc/text</name>
                    <title>GET /session/:sessionId/element/e32f21e0-2d88-4c6b-b745-5d97ba029ecc/text</title>
                    <attachments>
                        <attachment title='Response' source='288fa301-bb65-42cc-b509-c3cd72b17aca-attachment.json' type='application/json' size='16'/>
                    </attachments>
                    <steps/>
                </step>
                <step start='1658320182145' status='passed' stop='1658320182158'>
                    <name>GET /session/:sessionId/element/daba9693-433a-4422-836f-669161406f53/text</name>
                    <title>GET /session/:sessionId/element/daba9693-433a-4422-836f-669161406f53/text</title>
                    <attachments>
                        <attachment title='Response' source='5689cbe2-d0e1-48b7-8a67-7d3f4c2503a3-attachment.json' type='application/json' size='16'/>
                    </attachments>
                    <steps/>
                </step>
                <step start='1658320182159' status='passed' stop='1658320182172'>
                    <name>GET /session/:sessionId/element/f7dc76e5-4512-43e7-8acd-2b00b68a3abe/text</name>
                    <title>GET /session/:sessionId/element/f7dc76e5-4512-43e7-8acd-2b00b68a3abe/text</title>
                    <attachments>
                        <attachment title='Response' source='444cd263-e394-4dc6-869d-e477e4755030-attachment.json' type='application/json' size='12'/>
                    </attachments>
                    <steps/>
                </step>
            </steps>
            <attachments/>
        </test-case>
        <test-case start='1658320182172' status='broken' stop='1658320182174'>
            <name>And the user clicks on "Add"</name>
            <title>And the user clicks on "Add"</title>
            <labels>
                <label name='language' value='javascript'/>
                <label name='framework' value='wdio'/>
                <label name='thread' value='0-0'/>
            </labels>
            <parameters>
                <parameter kind='argument' name='browser' value='chrome-103.0.5060.114'/>
            </parameters>
            <steps/>
            <attachments/>
            <failure>
                <message>Step "the user clicks on "Add"" is not defined. You can ignore this error by setting cucumberOpts.ignoreUndefinedDefinitions as true.</message>
                <stack-trace>Step "the user clicks on "Add"" is not defined. You can ignore this error by setting cucumberOpts.ignoreUndefinedDefinitions as true.
                	at Feature(D:\Task\Weather_Shopper_task\features\Product_prchase\Purchase_moisturiser.feature):1:1
                	at Scenario(Add two moisturizers to the cart that meet specific criteria):5:3
                	at Step(the user clicks on "Add"):10:5
                </stack-trace>
            </failure>
        </test-case>
        <test-case start='1658320182174' status='broken' stop='1658320182174'>
            <name>Then the value of cart should be incremented</name>
            <title>Then the value of cart should be incremented</title>
            <labels>
                <label name='language' value='javascript'/>
                <label name='framework' value='wdio'/>
                <label name='thread' value='0-0'/>
            </labels>
            <parameters>
                <parameter kind='argument' name='browser' value='chrome-103.0.5060.114'/>
            </parameters>
            <steps/>
            <attachments/>
            <failure>
                <message>Step "the value of cart should be incremented" is not defined. You can ignore this error by setting cucumberOpts.ignoreUndefinedDefinitions as true.</message>
                <stack-trace>Step "the value of cart should be incremented" is not defined. You can ignore this error by setting cucumberOpts.ignoreUndefinedDefinitions as true.
                	at Feature(D:\Task\Weather_Shopper_task\features\Product_prchase\Purchase_moisturiser.feature):1:1
                	at Scenario(Add two moisturizers to the cart that meet specific criteria):5:3
                	at Step(the value of cart should be incremented):12:5
                </stack-trace>
            </failure>
        </test-case>
        <test-case start='1658320182174' status='passed' stop='1658320182175'>
            <name></name>
            <title></title>
            <labels>
                <label name='language' value='javascript'/>
                <label name='framework' value='wdio'/>
                <label name='thread' value='0-0'/>
            </labels>
            <parameters>
                <parameter kind='argument' name='browser' value='chrome-103.0.5060.114'/>
            </parameters>
            <steps/>
            <attachments/>
        </test-case>
    </test-cases>
</ns2:test-suite>