<?xml version='1.0'?>
<ns2:test-suite xmlns:ns2='urn:model.allure.qatools.yandex.ru' start='1658320690451' stop='1658320692846'>
    <name>Adding moisturisers to the cart: Add two moisturizers to the cart that meet specific criteria</name>
    <title>Adding moisturisers to the cart: Add two moisturizers to the cart that meet specific criteria</title>
    <test-cases>
        <test-case start='1658320690451' status='passed' stop='1658320690452'>
            <name></name>
            <title></title>
            <labels>
                <label name='language' value='javascript'/>
                <label name='framework' value='wdio'/>
                <label name='thread' value='0-0'/>
            </labels>
            <parameters>
                <parameter kind='argument' name='browser' value='chrome-103.0.5060.114'/>
            </parameters>
            <steps/>
            <attachments/>
        </test-case>
        <test-case start='1658320690452' status='passed' stop='1658320692733'>
            <name>Given the browser is at the "Moisturizers" page</name>
            <title>Given the browser is at the "Moisturizers" page</title>
            <labels>
                <label name='language' value='javascript'/>
                <label name='framework' value='wdio'/>
                <label name='thread' value='0-0'/>
            </labels>
            <parameters>
                <parameter kind='argument' name='browser' value='chrome-103.0.5060.114'/>
            </parameters>
            <steps>
                <step start='1658320690454' status='passed' stop='1658320692731'>
                    <name>POST /session/:sessionId/url</name>
                    <title>POST /session/:sessionId/url</title>
                    <attachments>
                        <attachment title='Request' source='f99161fc-da5a-4a2f-a8b8-14eda48c0661-attachment.json' type='application/json' size='68'/>
                    </attachments>
                    <steps/>
                </step>
            </steps>
            <attachments/>
        </test-case>
        <test-case start='1658320692733' status='passed' stop='1658320692842'>
            <name>When the moisturizer is least expensive and contains "Aloe" in the name</name>
            <title>When the moisturizer is least expensive and contains "Aloe" in the name</title>
            <labels>
                <label name='language' value='javascript'/>
                <label name='framework' value='wdio'/>
                <label name='thread' value='0-0'/>
            </labels>
            <parameters>
                <parameter kind='argument' name='browser' value='chrome-103.0.5060.114'/>
            </parameters>
            <steps>
                <step start='1658320692734' status='passed' stop='1658320692752'>
                    <name>POST /session/:sessionId/elements</name>
                    <title>POST /session/:sessionId/elements</title>
                    <attachments>
                        <attachment title='Request' source='c54ccd6f-5fab-4427-b0a5-823cb945767e-attachment.json' type='application/json' size='116'/>
                        <attachment title='Response' source='1434aa8a-64a0-4b00-baf0-c5af3fe4100e-attachment.json' type='application/json' size='457'/>
                    </attachments>
                    <steps/>
                </step>
                <step start='1658320692759' status='passed' stop='1658320692773'>
                    <name>POST /session/:sessionId/elements</name>
                    <title>POST /session/:sessionId/elements</title>
                    <attachments>
                        <attachment title='Request' source='ad4654e2-364d-4869-8695-cf5904dde8fd-attachment.json' type='application/json' size='95'/>
                        <attachment title='Response' source='f76d96a4-c319-4a3f-b40d-724c88523b69-attachment.json' type='application/json' size='548'/>
                    </attachments>
                    <steps/>
                </step>
                <step start='1658320692779' status='passed' stop='1658320692792'>
                    <name>GET /session/:sessionId/element/3690ed5b-d437-4214-9b95-e45f39ad3c30/text</name>
                    <title>GET /session/:sessionId/element/3690ed5b-d437-4214-9b95-e45f39ad3c30/text</title>
                    <attachments>
                        <attachment title='Response' source='d024a34b-44df-4c33-b80d-56ae85c21889-attachment.json' type='application/json' size='16'/>
                    </attachments>
                    <steps/>
                </step>
                <step start='1658320692793' status='passed' stop='1658320692804'>
                    <name>GET /session/:sessionId/element/5ba820a2-00c4-44a5-9bfb-cd9192999230/text</name>
                    <title>GET /session/:sessionId/element/5ba820a2-00c4-44a5-9bfb-cd9192999230/text</title>
                    <attachments>
                        <attachment title='Response' source='b84b88fc-3a8f-4202-842c-8f9e5da371a8-attachment.json' type='application/json' size='16'/>
                    </attachments>
                    <steps/>
                </step>
                <step start='1658320692805' status='passed' stop='1658320692815'>
                    <name>GET /session/:sessionId/element/48a54215-9dc2-496b-b1e9-569f5a89cbee/text</name>
                    <title>GET /session/:sessionId/element/48a54215-9dc2-496b-b1e9-569f5a89cbee/text</title>
                    <attachments>
                        <attachment title='Response' source='87036ef0-edb6-48c7-bbc3-a337f5ee7692-attachment.json' type='application/json' size='16'/>
                    </attachments>
                    <steps/>
                </step>
                <step start='1658320692816' status='passed' stop='1658320692829'>
                    <name>GET /session/:sessionId/element/a8d0eee9-7437-4840-afa7-d6c6ed7e380c/text</name>
                    <title>GET /session/:sessionId/element/a8d0eee9-7437-4840-afa7-d6c6ed7e380c/text</title>
                    <attachments>
                        <attachment title='Response' source='368883a3-fe16-4238-8605-c981ae326629-attachment.json' type='application/json' size='12'/>
                    </attachments>
                    <steps/>
                </step>
                <step start='1658320692829' status='passed' stop='1658320692841'>
                    <name>GET /session/:sessionId/element/f5156d69-b708-4519-bdab-6c5a4540e3ef/text</name>
                    <title>GET /session/:sessionId/element/f5156d69-b708-4519-bdab-6c5a4540e3ef/text</title>
                    <attachments>
                        <attachment title='Response' source='f6049c82-4c21-40ed-a666-eaba10fb7778-attachment.json' type='application/json' size='12'/>
                    </attachments>
                    <steps/>
                </step>
            </steps>
            <attachments/>
        </test-case>
        <test-case start='1658320692842' status='broken' stop='1658320692843'>
            <name>And the user clicks on "Add"</name>
            <title>And the user clicks on "Add"</title>
            <labels>
                <label name='language' value='javascript'/>
                <label name='framework' value='wdio'/>
                <label name='thread' value='0-0'/>
            </labels>
            <parameters>
                <parameter kind='argument' name='browser' value='chrome-103.0.5060.114'/>
            </parameters>
            <steps/>
            <attachments/>
            <failure>
                <message>Step "the user clicks on "Add"" is not defined. You can ignore this error by setting cucumberOpts.ignoreUndefinedDefinitions as true.</message>
                <stack-trace>Step "the user clicks on "Add"" is not defined. You can ignore this error by setting cucumberOpts.ignoreUndefinedDefinitions as true.
                	at Feature(D:\Task\Weather_Shopper_task\features\Product_prchase\Purchase_moisturiser.feature):1:1
                	at Scenario(Add two moisturizers to the cart that meet specific criteria):5:3
                	at Step(the user clicks on "Add"):10:5
                </stack-trace>
            </failure>
        </test-case>
        <test-case start='1658320692843' status='broken' stop='1658320692843'>
            <name>Then the value of cart should be incremented</name>
            <title>Then the value of cart should be incremented</title>
            <labels>
                <label name='language' value='javascript'/>
                <label name='framework' value='wdio'/>
                <label name='thread' value='0-0'/>
            </labels>
            <parameters>
                <parameter kind='argument' name='browser' value='chrome-103.0.5060.114'/>
            </parameters>
            <steps/>
            <attachments/>
            <failure>
                <message>Step "the value of cart should be incremented" is not defined. You can ignore this error by setting cucumberOpts.ignoreUndefinedDefinitions as true.</message>
                <stack-trace>Step "the value of cart should be incremented" is not defined. You can ignore this error by setting cucumberOpts.ignoreUndefinedDefinitions as true.
                	at Feature(D:\Task\Weather_Shopper_task\features\Product_prchase\Purchase_moisturiser.feature):1:1
                	at Scenario(Add two moisturizers to the cart that meet specific criteria):5:3
                	at Step(the value of cart should be incremented):12:5
                </stack-trace>
            </failure>
        </test-case>
        <test-case start='1658320692844' status='passed' stop='1658320692845'>
            <name></name>
            <title></title>
            <labels>
                <label name='language' value='javascript'/>
                <label name='framework' value='wdio'/>
                <label name='thread' value='0-0'/>
            </labels>
            <parameters>
                <parameter kind='argument' name='browser' value='chrome-103.0.5060.114'/>
            </parameters>
            <steps/>
            <attachments/>
        </test-case>
    </test-cases>
</ns2:test-suite>