<?xml version='1.0'?>
<ns2:test-suite xmlns:ns2='urn:model.allure.qatools.yandex.ru' start='1658309615066' stop='1658309617528'>
    <name>Adding moisturisers to the cart: Add two moisturizers to the cart that meet specific criteria</name>
    <title>Adding moisturisers to the cart: Add two moisturizers to the cart that meet specific criteria</title>
    <test-cases>
        <test-case start='1658309615066' status='passed' stop='1658309615067'>
            <name></name>
            <title></title>
            <labels>
                <label name='language' value='javascript'/>
                <label name='framework' value='wdio'/>
                <label name='thread' value='0-0'/>
            </labels>
            <parameters>
                <parameter kind='argument' name='browser' value='chrome-103.0.5060.114'/>
            </parameters>
            <steps/>
            <attachments/>
        </test-case>
        <test-case start='1658309615068' status='passed' stop='1658309617376'>
            <name>Given the browser is at the "Moisturizers" page</name>
            <title>Given the browser is at the "Moisturizers" page</title>
            <labels>
                <label name='language' value='javascript'/>
                <label name='framework' value='wdio'/>
                <label name='thread' value='0-0'/>
            </labels>
            <parameters>
                <parameter kind='argument' name='browser' value='chrome-103.0.5060.114'/>
            </parameters>
            <steps>
                <step start='1658309615069' status='passed' stop='1658309617376'>
                    <name>POST /session/:sessionId/url</name>
                    <title>POST /session/:sessionId/url</title>
                    <attachments>
                        <attachment title='Request' source='6ea96960-504c-4d48-b5ec-a736302fd24e-attachment.json' type='application/json' size='68'/>
                    </attachments>
                    <steps/>
                </step>
            </steps>
            <attachments/>
        </test-case>
        <test-case start='1658309617377' status='broken' stop='1658309617526'>
            <name>When the moisturizer is least expensive and contains "Aloe" in the name</name>
            <title>When the moisturizer is least expensive and contains "Aloe" in the name</title>
            <labels>
                <label name='language' value='javascript'/>
                <label name='framework' value='wdio'/>
                <label name='thread' value='0-0'/>
            </labels>
            <parameters>
                <parameter kind='argument' name='browser' value='chrome-103.0.5060.114'/>
            </parameters>
            <steps>
                <step start='1658309617378' status='passed' stop='1658309617399'>
                    <name>POST /session/:sessionId/elements</name>
                    <title>POST /session/:sessionId/elements</title>
                    <attachments>
                        <attachment title='Request' source='3754c85c-cfff-458d-9b14-80c1c0ff438a-attachment.json' type='application/json' size='84'/>
                        <attachment title='Response' source='5be4a418-5390-4185-89c2-5fc6cdc47153-attachment.json' type='application/json' size='548'/>
                    </attachments>
                    <steps/>
                </step>
                <step start='1658309617408' status='passed' stop='1658309617426'>
                    <name>POST /session/:sessionId/elements</name>
                    <title>POST /session/:sessionId/elements</title>
                    <attachments>
                        <attachment title='Request' source='c53e1496-1967-4d41-8062-8f74ee8f4f54-attachment.json' type='application/json' size='82'/>
                        <attachment title='Response' source='6ec9ef4a-4481-40b9-a085-50eb07443273-attachment.json' type='application/json' size='1094'/>
                    </attachments>
                    <steps/>
                </step>
                <step start='1658309617440' status='passed' stop='1658309617455'>
                    <name>GET /session/:sessionId/element/ec80f44c-eac5-409f-8c2d-822a2481d82b/text</name>
                    <title>GET /session/:sessionId/element/ec80f44c-eac5-409f-8c2d-822a2481d82b/text</title>
                    <attachments>
                        <attachment title='Response' source='c8d22727-d71f-4e1a-96bc-db071ec53fd9-attachment.json' type='application/json' size='16'/>
                    </attachments>
                    <steps/>
                </step>
                <step start='1658309617455' status='passed' stop='1658309617466'>
                    <name>GET /session/:sessionId/element/292cd257-85e2-4be2-8fe6-956d4dc87be3/text</name>
                    <title>GET /session/:sessionId/element/292cd257-85e2-4be2-8fe6-956d4dc87be3/text</title>
                    <attachments>
                        <attachment title='Response' source='5d123603-16b2-4833-898b-7cfa5c529f4a-attachment.json' type='application/json' size='16'/>
                    </attachments>
                    <steps/>
                </step>
                <step start='1658309617466' status='passed' stop='1658309617477'>
                    <name>GET /session/:sessionId/element/28bc0608-70f7-414a-933c-7d8460f9efa7/text</name>
                    <title>GET /session/:sessionId/element/28bc0608-70f7-414a-933c-7d8460f9efa7/text</title>
                    <attachments>
                        <attachment title='Response' source='ef725c6e-16b6-413c-8387-f83542459420-attachment.json' type='application/json' size='16'/>
                    </attachments>
                    <steps/>
                </step>
                <step start='1658309617478' status='passed' stop='1658309617491'>
                    <name>GET /session/:sessionId/element/fd32ee11-f264-4ec4-adb2-cc92e9ad1203/text</name>
                    <title>GET /session/:sessionId/element/fd32ee11-f264-4ec4-adb2-cc92e9ad1203/text</title>
                    <attachments>
                        <attachment title='Response' source='c8e42ad4-4955-46fd-bebb-0a39f74fb8b8-attachment.json' type='application/json' size='12'/>
                    </attachments>
                    <steps/>
                </step>
                <step start='1658309617491' status='passed' stop='1658309617505'>
                    <name>GET /session/:sessionId/element/b31294b6-8614-491b-95fd-e7310f3bbd9d/text</name>
                    <title>GET /session/:sessionId/element/b31294b6-8614-491b-95fd-e7310f3bbd9d/text</title>
                    <attachments>
                        <attachment title='Response' source='ab5c45e6-ae72-4521-b485-8d4877175062-attachment.json' type='application/json' size='12'/>
                    </attachments>
                    <steps/>
                </step>
                <step start='1658309617506' status='passed' stop='1658309617519'>
                    <name>GET /session/:sessionId/element/6c76608b-706b-49a4-aaad-d69228c27a6e/text</name>
                    <title>GET /session/:sessionId/element/6c76608b-706b-49a4-aaad-d69228c27a6e/text</title>
                    <attachments>
                        <attachment title='Response' source='745194f5-3099-4be6-9fa2-41d00b3b6c5e-attachment.json' type='application/json' size='12'/>
                    </attachments>
                    <steps/>
                </step>
            </steps>
            <attachments/>
            <failure>
                <message>ReferenceError: i is not defined</message>
                <stack-trace>ReferenceError: i is not defined
                    at World.&lt;anonymous> (D:\Task\Weather_Shopper_task\Step-Defs\Home_page_step-defs\/Product_purchase_defs.js:101:42)
                    at processTicksAndRejections (node:internal/process/task_queues:96:5)</stack-trace>
            </failure>
        </test-case>
        <test-case start='1658309617526' status='broken' stop='1658309617526'>
            <name>And the user clicks on "Add"</name>
            <title>And the user clicks on "Add"</title>
            <labels>
                <label name='language' value='javascript'/>
                <label name='framework' value='wdio'/>
                <label name='thread' value='0-0'/>
            </labels>
            <parameters>
                <parameter kind='argument' name='browser' value='chrome-103.0.5060.114'/>
            </parameters>
            <steps/>
            <attachments/>
            <failure>
                <message>Step "the user clicks on "Add"" is not defined. You can ignore this error by setting cucumberOpts.ignoreUndefinedDefinitions as true.</message>
                <stack-trace>Step "the user clicks on "Add"" is not defined. You can ignore this error by setting cucumberOpts.ignoreUndefinedDefinitions as true.
                	at Feature(D:\Task\Weather_Shopper_task\features\Product_prchase\Purchase_moisturiser.feature):1:1
                	at Scenario(Add two moisturizers to the cart that meet specific criteria):5:3
                	at Step(the user clicks on "Add"):10:5
                </stack-trace>
            </failure>
        </test-case>
        <test-case start='1658309617526' status='broken' stop='1658309617527'>
            <name>Then the value of cart should be incremented</name>
            <title>Then the value of cart should be incremented</title>
            <labels>
                <label name='language' value='javascript'/>
                <label name='framework' value='wdio'/>
                <label name='thread' value='0-0'/>
            </labels>
            <parameters>
                <parameter kind='argument' name='browser' value='chrome-103.0.5060.114'/>
            </parameters>
            <steps/>
            <attachments/>
            <failure>
                <message>Step "the value of cart should be incremented" is not defined. You can ignore this error by setting cucumberOpts.ignoreUndefinedDefinitions as true.</message>
                <stack-trace>Step "the value of cart should be incremented" is not defined. You can ignore this error by setting cucumberOpts.ignoreUndefinedDefinitions as true.
                	at Feature(D:\Task\Weather_Shopper_task\features\Product_prchase\Purchase_moisturiser.feature):1:1
                	at Scenario(Add two moisturizers to the cart that meet specific criteria):5:3
                	at Step(the value of cart should be incremented):12:5
                </stack-trace>
            </failure>
        </test-case>
        <test-case start='1658309617527' status='passed' stop='1658309617527'>
            <name></name>
            <title></title>
            <labels>
                <label name='language' value='javascript'/>
                <label name='framework' value='wdio'/>
                <label name='thread' value='0-0'/>
            </labels>
            <parameters>
                <parameter kind='argument' name='browser' value='chrome-103.0.5060.114'/>
            </parameters>
            <steps/>
            <attachments/>
        </test-case>
    </test-cases>
</ns2:test-suite>